<?xml version="1.0" encoding="UTF-8"?>
<coverage generated="1613764111178" clover="3.2.0">
  <project timestamp="1613764111178" name="All files">
    <metrics statements="3341" coveredstatements="3067" conditionals="1177" coveredconditionals="1038" methods="829" coveredmethods="748" elements="5347" coveredelements="4853" complexity="0" loc="3341" ncloc="3341" packages="10" files="79" classes="79">
      <package name="src">
        <metrics statements="823" coveredstatements="661" conditionals="260" coveredconditionals="203" methods="180" coveredmethods="135"/>
        <file name="arc.ts" path="/home/travis/build/wasdk/WebAssemblyStudio/src/arc.ts">
          <metrics statements="4" coveredstatements="4" conditionals="0" coveredconditionals="0" methods="2" coveredmethods="2"/>
          <line num="36" count="44" type="stmt"/>
          <line num="37" count="1" type="stmt"/>
          <line num="43" count="44" type="stmt"/>
          <line num="45" count="1" type="stmt"/>
        </file>
        <file name="config.ts" path="/home/travis/build/wasdk/WebAssemblyStudio/src/config.ts">
          <metrics statements="5" coveredstatements="5" conditionals="2" coveredconditionals="2" methods="2" coveredmethods="2"/>
          <line num="30" count="38" type="stmt"/>
          <line num="33" count="38" type="stmt"/>
          <line num="34" count="2" type="cond" truecount="2" falsecount="0"/>
          <line num="35" count="1" type="stmt"/>
          <line num="38" count="2" type="stmt"/>
        </file>
        <file name="dispatcher.ts" path="/home/travis/build/wasdk/WebAssemblyStudio/src/dispatcher.ts">
          <metrics statements="2" coveredstatements="2" conditionals="0" coveredconditionals="0" methods="0" coveredmethods="0"/>
          <line num="22" count="19" type="stmt"/>
          <line num="24" count="19" type="stmt"/>
        </file>
        <file name="errors.ts" path="/home/travis/build/wasdk/WebAssemblyStudio/src/errors.ts">
          <metrics statements="1" coveredstatements="1" conditionals="0" coveredconditionals="0" methods="0" coveredmethods="0"/>
          <line num="22" count="18" type="stmt"/>
        </file>
        <file name="gulpy.ts" path="/home/travis/build/wasdk/WebAssemblyStudio/src/gulpy.ts">
          <metrics statements="37" coveredstatements="30" conditionals="12" coveredconditionals="6" methods="17" coveredmethods="13"/>
          <line num="29" count="3" type="stmt"/>
          <line num="30" count="3" type="stmt"/>
          <line num="38" count="3" type="stmt"/>
          <line num="39" count="3" type="stmt"/>
          <line num="42" count="3" type="cond" truecount="1" falsecount="1"/>
          <line num="43" count="0" type="stmt"/>
          <line num="45" count="3" type="stmt"/>
          <line num="51" count="1" type="stmt"/>
          <line num="53" count="1" type="stmt"/>
          <line num="56" count="3" type="stmt"/>
          <line num="57" count="3" type="cond" truecount="1" falsecount="1"/>
          <line num="58" count="0" type="stmt"/>
          <line num="60" count="3" type="stmt"/>
          <line num="61" count="3" type="stmt"/>
          <line num="62" count="3" type="stmt"/>
          <line num="65" count="3" type="stmt"/>
          <line num="66" count="3" type="stmt"/>
          <line num="67" count="3" type="stmt"/>
          <line num="70" count="1" type="stmt"/>
          <line num="73" count="44" type="stmt"/>
          <line num="74" count="1" type="stmt"/>
          <line num="80" count="3" type="stmt"/>
          <line num="81" count="3" type="stmt"/>
          <line num="82" count="3" type="cond" truecount="2" falsecount="0"/>
          <line num="83" count="2" type="stmt"/>
          <line num="84" count="2" type="stmt"/>
          <line num="85" count="1" type="cond" truecount="1" falsecount="1"/>
          <line num="86" count="1" type="cond" truecount="1" falsecount="1"/>
          <line num="87" count="0" type="stmt"/>
          <line num="88" count="0" type="cond" truecount="0" falsecount="2"/>
          <line num="90" count="1" type="stmt"/>
          <line num="93" count="3" type="stmt"/>
          <line num="96" count="0" type="stmt"/>
          <line num="99" count="0" type="stmt"/>
          <line num="102" count="0" type="stmt"/>
          <line num="105" count="1" type="stmt"/>
          <line num="106" count="1" type="stmt"/>
        </file>
        <file name="index.tsx" path="/home/travis/build/wasdk/WebAssemblyStudio/src/index.tsx">
          <metrics statements="60" coveredstatements="60" conditionals="22" coveredconditionals="22" methods="8" coveredmethods="8"/>
          <line num="22" count="1" type="stmt"/>
          <line num="23" count="1" type="stmt"/>
          <line num="30" count="1" type="stmt"/>
          <line num="32" count="1" type="stmt"/>
          <line num="33" count="1" type="stmt"/>
          <line num="34" count="1" type="stmt"/>
          <line num="35" count="1" type="stmt"/>
          <line num="36" count="1" type="stmt"/>
          <line num="37" count="1" type="stmt"/>
          <line num="38" count="1" type="stmt"/>
          <line num="43" count="1" type="stmt"/>
          <line num="44" count="13" type="stmt"/>
          <line num="45" count="13" type="stmt"/>
          <line num="46" count="13" type="stmt"/>
          <line num="47" count="15" type="stmt"/>
          <line num="48" count="15" type="cond" truecount="2" falsecount="0"/>
          <line num="49" count="11" type="stmt"/>
          <line num="51" count="4" type="stmt"/>
          <line num="56" count="1" type="stmt"/>
          <line num="57" count="11" type="stmt"/>
          <line num="58" count="11" type="stmt"/>
          <line num="59" count="11" type="stmt"/>
          <line num="61" count="11" type="stmt"/>
          <line num="64" count="1" type="stmt"/>
          <line num="68" count="1" type="stmt"/>
          <line num="69" count="2" type="cond" truecount="2" falsecount="0"/>
          <line num="70" count="1" type="stmt"/>
          <line num="71" count="1" type="stmt"/>
          <line num="73" count="1" type="stmt"/>
          <line num="76" count="1" type="stmt"/>
          <line num="77" count="15" type="stmt"/>
          <line num="79" count="15" type="stmt"/>
          <line num="81" count="1" type="stmt"/>
          <line num="82" count="1" type="stmt"/>
          <line num="84" count="4" type="stmt"/>
          <line num="85" count="4" type="stmt"/>
          <line num="87" count="10" type="cond" truecount="2" falsecount="0"/>
          <line num="88" count="10" type="cond" truecount="2" falsecount="0"/>
          <line num="89" count="10" type="stmt"/>
          <line num="91" count="15" type="cond" truecount="2" falsecount="0"/>
          <line num="92" count="15" type="stmt"/>
          <line num="98" count="1" type="cond" truecount="1" falsecount="0"/>
          <line num="99" count="10" type="stmt"/>
          <line num="100" count="10" type="stmt"/>
          <line num="101" count="10" type="stmt"/>
          <line num="102" count="10" type="stmt"/>
          <line num="103" count="10" type="cond" truecount="2" falsecount="0"/>
          <line num="104" count="10" type="cond" truecount="2" falsecount="0"/>
          <line num="105" count="10" type="stmt"/>
          <line num="106" count="10" type="stmt"/>
          <line num="107" count="10" type="stmt"/>
          <line num="108" count="9" type="stmt"/>
          <line num="109" count="9" type="cond" truecount="2" falsecount="0"/>
          <line num="110" count="1" type="stmt"/>
          <line num="115" count="8" type="stmt"/>
          <line num="122" count="9" type="cond" truecount="2" falsecount="0"/>
          <line num="123" count="1" type="stmt"/>
          <line num="125" count="8" type="stmt"/>
          <line num="127" count="2" type="stmt"/>
          <line num="131" count="1" type="stmt"/>
        </file>
        <file name="message.ts" path="/home/travis/build/wasdk/WebAssemblyStudio/src/message.ts">
          <metrics statements="10" coveredstatements="10" conditionals="2" coveredconditionals="2" methods="1" coveredmethods="1"/>
          <line num="22" count="41" type="cond" truecount="2" falsecount="0"/>
          <line num="23" count="41" type="stmt"/>
          <line num="24" count="41" type="stmt"/>
          <line num="25" count="41" type="stmt"/>
          <line num="26" count="41" type="stmt"/>
          <line num="27" count="41" type="stmt"/>
          <line num="28" count="41" type="stmt"/>
          <line num="29" count="41" type="stmt"/>
          <line num="30" count="41" type="stmt"/>
          <line num="31" count="41" type="stmt"/>
        </file>
        <file name="monaco-controller.ts" path="/home/travis/build/wasdk/WebAssemblyStudio/src/monaco-controller.ts">
          <metrics statements="25" coveredstatements="25" conditionals="12" coveredconditionals="11" methods="8" coveredmethods="8"/>
          <line num="22" count="8" type="stmt"/>
          <line num="25" count="8" type="stmt"/>
          <line num="26" count="68" type="stmt"/>
          <line num="28" count="10" type="stmt"/>
          <line num="29" count="10" type="stmt"/>
          <line num="30" count="10" type="stmt"/>
          <line num="31" count="10" type="cond" truecount="2" falsecount="0"/>
          <line num="32" count="10" type="cond" truecount="4" falsecount="0"/>
          <line num="33" count="2" type="stmt"/>
          <line num="35" count="8" type="stmt"/>
          <line num="36" count="1" type="stmt"/>
          <line num="37" count="1" type="cond" truecount="1" falsecount="1"/>
          <line num="38" count="1" type="stmt"/>
          <line num="40" count="2" type="cond" truecount="2" falsecount="0"/>
          <line num="41" count="1" type="stmt"/>
          <line num="45" count="8" type="stmt"/>
          <line num="46" count="8" type="cond" truecount="2" falsecount="0"/>
          <line num="47" count="2" type="stmt"/>
          <line num="49" count="8" type="stmt"/>
          <line num="53" count="2" type="stmt"/>
          <line num="54" count="2" type="stmt"/>
          <line num="55" count="2" type="stmt"/>
          <line num="60" count="8" type="stmt"/>
          <line num="61" count="68" type="stmt"/>
          <line num="62" count="68" type="stmt"/>
        </file>
        <file name="monaco-dnd.ts" path="/home/travis/build/wasdk/WebAssemblyStudio/src/monaco-dnd.ts">
          <metrics statements="22" coveredstatements="22" conditionals="15" coveredconditionals="14" methods="8" coveredmethods="8"/>
          <line num="22" count="6" type="stmt"/>
          <line num="30" count="6" type="stmt"/>
          <line num="31" count="6" type="stmt"/>
          <line num="33" count="6" type="stmt"/>
          <line num="37" count="58" type="stmt"/>
          <line num="45" count="1" type="stmt"/>
          <line num="52" count="1" type="stmt"/>
          <line num="59" count="1" type="stmt"/>
          <line num="68" count="7" type="cond" truecount="2" falsecount="0"/>
          <line num="69" count="2" type="stmt"/>
          <line num="72" count="2" type="stmt"/>
          <line num="73" count="2" type="cond" truecount="3" falsecount="1"/>
          <line num="74" count="2" type="stmt"/>
          <line num="75" count="2" type="stmt"/>
          <line num="82" count="5" type="stmt"/>
          <line num="83" count="5" type="stmt"/>
          <line num="96" count="2" type="stmt"/>
          <line num="97" count="2" type="cond" truecount="4" falsecount="0"/>
          <line num="98" count="1" type="stmt"/>
          <line num="99" count="1" type="stmt"/>
          <line num="101" count="1" type="stmt"/>
          <line num="102" count="1" type="cond" truecount="2" falsecount="0"/>
        </file>
        <file name="monaco-extra.ts" path="/home/travis/build/wasdk/WebAssemblyStudio/src/monaco-extra.ts">
          <metrics statements="27" coveredstatements="15" conditionals="6" coveredconditionals="4" methods="14" coveredmethods="2"/>
          <line num="469" count="6" type="stmt"/>
          <line num="476" count="0" type="stmt"/>
          <line num="477" count="0" type="stmt"/>
          <line num="478" count="0" type="stmt"/>
          <line num="490" count="0" type="stmt"/>
          <line num="494" count="6" type="stmt"/>
          <line num="499" count="0" type="stmt"/>
          <line num="500" count="0" type="stmt"/>
          <line num="504" count="0" type="stmt"/>
          <line num="508" count="0" type="stmt"/>
          <line num="512" count="6" type="stmt"/>
          <line num="517" count="0" type="stmt"/>
          <line num="518" count="0" type="stmt"/>
          <line num="522" count="0" type="stmt"/>
          <line num="526" count="0" type="stmt"/>
          <line num="568" count="6" type="cond" truecount="2" falsecount="0"/>
          <line num="569" count="6" type="stmt"/>
          <line num="570" count="6" type="stmt"/>
          <line num="573" count="6" type="cond" truecount="2" falsecount="0"/>
          <line num="574" count="6" type="stmt"/>
          <line num="575" count="6" type="stmt"/>
          <line num="585" count="6" type="stmt"/>
          <line num="586" count="6" type="stmt"/>
          <line num="587" count="6" type="stmt"/>
          <line num="588" count="6" type="cond" truecount="0" falsecount="1"/>
          <line num="589" count="6" type="stmt"/>
          <line num="590" count="6" type="cond" truecount="0" falsecount="1"/>
        </file>
        <file name="monaco-utils.ts" path="/home/travis/build/wasdk/WebAssemblyStudio/src/monaco-utils.ts">
          <metrics statements="21" coveredstatements="1" conditionals="0" coveredconditionals="0" methods="9" coveredmethods="0"/>
          <line num="25" count="4" type="stmt"/>
          <line num="35" count="0" type="stmt"/>
          <line num="37" count="0" type="stmt"/>
          <line num="39" count="0" type="stmt"/>
          <line num="41" count="0" type="stmt"/>
          <line num="43" count="0" type="stmt"/>
          <line num="45" count="0" type="stmt"/>
          <line num="47" count="0" type="stmt"/>
          <line num="48" count="0" type="stmt"/>
          <line num="49" count="0" type="stmt"/>
          <line num="50" count="0" type="stmt"/>
          <line num="51" count="0" type="stmt"/>
          <line num="52" count="0" type="stmt"/>
          <line num="53" count="0" type="stmt"/>
          <line num="57" count="0" type="stmt"/>
          <line num="58" count="0" type="stmt"/>
          <line num="61" count="0" type="stmt"/>
          <line num="63" count="0" type="stmt"/>
          <line num="64" count="0" type="stmt"/>
          <line num="67" count="0" type="stmt"/>
          <line num="68" count="0" type="stmt"/>
        </file>
        <file name="service.ts" path="/home/travis/build/wasdk/WebAssemblyStudio/src/service.ts">
          <metrics statements="346" coveredstatements="322" conditionals="121" coveredconditionals="97" methods="63" coveredmethods="62"/>
          <line num="21" count="41" type="stmt"/>
          <line num="22" count="41" type="stmt"/>
          <line num="23" count="41" type="stmt"/>
          <line num="24" count="41" type="stmt"/>
          <line num="25" count="41" type="stmt"/>
          <line num="26" count="41" type="stmt"/>
          <line num="27" count="41" type="stmt"/>
          <line num="28" count="41" type="stmt"/>
          <line num="60" count="41" type="stmt"/>
          <line num="63" count="16" type="stmt"/>
          <line num="64" count="16" type="stmt"/>
          <line num="67" count="41" type="stmt"/>
          <line num="69" count="54" type="stmt"/>
          <line num="70" count="54" type="stmt"/>
          <line num="72" count="3" type="stmt"/>
          <line num="75" count="54" type="stmt"/>
          <line num="76" count="54" type="stmt"/>
          <line num="77" count="3" type="cond" truecount="1" falsecount="1"/>
          <line num="78" count="0" type="stmt"/>
          <line num="80" count="3" type="stmt"/>
          <line num="81" count="3" type="cond" truecount="2" falsecount="0"/>
          <line num="82" count="2" type="stmt"/>
          <line num="84" count="1" type="stmt"/>
          <line num="88" count="1" type="stmt"/>
          <line num="90" count="3" type="stmt"/>
          <line num="95" count="3" type="stmt"/>
          <line num="96" count="3" type="stmt"/>
          <line num="100" count="3" type="stmt"/>
          <line num="101" count="3" type="stmt"/>
          <line num="102" count="3" type="stmt"/>
          <line num="103" count="2" type="stmt"/>
          <line num="105" count="1" type="stmt"/>
          <line num="107" count="3" type="stmt"/>
          <line num="114" count="1" type="stmt"/>
          <line num="118" count="1" type="stmt"/>
          <line num="122" count="1" type="stmt"/>
          <line num="126" count="1" type="stmt"/>
          <line num="130" count="1" type="stmt"/>
          <line num="134" count="1" type="stmt"/>
          <line num="138" count="11" type="stmt"/>
          <line num="142" count="1" type="stmt"/>
          <line num="146" count="1" type="stmt"/>
          <line num="150" count="41" type="stmt"/>
          <line num="151" count="41" type="stmt"/>
          <line num="155" count="5" type="stmt"/>
          <line num="156" count="5" type="cond" truecount="2" falsecount="0"/>
          <line num="157" count="4" type="stmt"/>
          <line num="160" count="4" type="stmt"/>
          <line num="161" count="1" type="cond" truecount="1" falsecount="1"/>
          <line num="162" count="0" type="stmt"/>
          <line num="164" count="1" type="stmt"/>
          <line num="165" count="1" type="stmt"/>
          <line num="166" count="1" type="stmt"/>
          <line num="167" count="1" type="stmt"/>
          <line num="168" count="1" type="cond" truecount="1" falsecount="1"/>
          <line num="169" count="1" type="stmt"/>
          <line num="170" count="0" type="cond" truecount="0" falsecount="2"/>
          <line num="171" count="0" type="stmt"/>
          <line num="173" count="1" type="stmt"/>
          <line num="182" count="4" type="stmt"/>
          <line num="183" count="4" type="stmt"/>
          <line num="184" count="4" type="cond" truecount="1" falsecount="1"/>
          <line num="185" count="0" type="stmt"/>
          <line num="187" count="4" type="stmt"/>
          <line num="188" count="4" type="stmt"/>
          <line num="189" count="4" type="cond" truecount="2" falsecount="0"/>
          <line num="190" count="1" type="stmt"/>
          <line num="191" count="3" type="cond" truecount="2" falsecount="0"/>
          <line num="192" count="2" type="stmt"/>
          <line num="194" count="4" type="stmt"/>
          <line num="201" count="5" type="stmt"/>
          <line num="205" count="5" type="stmt"/>
          <line num="207" count="5" type="stmt"/>
          <line num="209" count="5" type="stmt"/>
          <line num="210" count="8" type="stmt"/>
          <line num="211" count="8" type="stmt"/>
          <line num="214" count="5" type="stmt"/>
          <line num="216" count="8" type="stmt"/>
          <line num="219" count="8" type="stmt"/>
          <line num="223" count="5" type="stmt"/>
          <line num="225" count="5" type="stmt"/>
          <line num="226" count="8" type="stmt"/>
          <line num="229" count="5" type="stmt"/>
          <line num="230" count="3" type="stmt"/>
          <line num="231" count="3" type="cond" truecount="2" falsecount="2"/>
          <line num="232" count="3" type="stmt"/>
          <line num="234" count="0" type="stmt"/>
          <line num="235" count="0" type="cond" truecount="0" falsecount="2"/>
          <line num="236" count="0" type="stmt"/>
          <line num="238" count="0" type="stmt"/>
          <line num="239" count="0" type="cond" truecount="0" falsecount="2"/>
          <line num="240" count="0" type="stmt"/>
          <line num="241" count="0" type="stmt"/>
          <line num="242" count="0" type="stmt"/>
          <line num="247" count="5" type="cond" truecount="2" falsecount="0"/>
          <line num="248" count="1" type="stmt"/>
          <line num="251" count="4" type="stmt"/>
          <line num="252" count="4" type="stmt"/>
          <line num="253" count="3" type="stmt"/>
          <line num="254" count="3" type="cond" truecount="1" falsecount="1"/>
          <line num="255" count="3" type="stmt"/>
          <line num="258" count="4" type="stmt"/>
          <line num="262" count="1" type="stmt"/>
          <line num="263" count="1" type="stmt"/>
          <line num="267" count="3" type="cond" truecount="2" falsecount="0"/>
          <line num="268" count="1" type="stmt"/>
          <line num="270" count="2" type="stmt"/>
          <line num="271" count="2" type="stmt"/>
          <line num="272" count="2" type="stmt"/>
          <line num="275" count="2" type="stmt"/>
          <line num="276" count="2" type="cond" truecount="2" falsecount="0"/>
          <line num="277" count="1" type="stmt"/>
          <line num="282" count="2" type="stmt"/>
          <line num="286" count="12" type="stmt"/>
          <line num="287" count="12" type="cond" truecount="2" falsecount="0"/>
          <line num="288" count="12" type="stmt"/>
          <line num="289" count="12" type="cond" truecount="2" falsecount="0"/>
          <line num="290" count="12" type="stmt"/>
          <line num="294" count="1" type="stmt"/>
          <line num="295" count="1" type="stmt"/>
          <line num="296" count="1" type="stmt"/>
          <line num="297" count="1" type="stmt"/>
          <line num="301" count="3" type="stmt"/>
          <line num="302" count="3" type="cond" truecount="2" falsecount="0"/>
          <line num="303" count="3" type="stmt"/>
          <line num="304" count="3" type="stmt"/>
          <line num="305" count="3" type="stmt"/>
          <line num="307" count="1" type="stmt"/>
          <line num="309" count="3" type="cond" truecount="2" falsecount="0"/>
          <line num="311" count="2" type="stmt"/>
          <line num="315" count="1" type="stmt"/>
          <line num="316" count="1" type="stmt"/>
          <line num="317" count="1" type="stmt"/>
          <line num="318" count="1" type="stmt"/>
          <line num="322" count="1" type="stmt"/>
          <line num="323" count="1" type="stmt"/>
          <line num="328" count="1" type="stmt"/>
          <line num="332" count="1" type="stmt"/>
          <line num="333" count="1" type="stmt"/>
          <line num="336" count="1" type="stmt"/>
          <line num="340" count="2" type="stmt"/>
          <line num="341" count="2" type="cond" truecount="2" falsecount="0"/>
          <line num="342" count="1" type="stmt"/>
          <line num="344" count="1" type="stmt"/>
          <line num="349" count="1" type="stmt"/>
          <line num="350" count="1" type="stmt"/>
          <line num="351" count="1" type="stmt"/>
          <line num="356" count="3" type="stmt"/>
          <line num="357" count="3" type="cond" truecount="2" falsecount="0"/>
          <line num="358" count="2" type="stmt"/>
          <line num="359" count="2" type="cond" truecount="2" falsecount="0"/>
          <line num="360" count="1" type="stmt"/>
          <line num="363" count="3" type="stmt"/>
          <line num="367" count="4" type="stmt"/>
          <line num="368" count="4" type="stmt"/>
          <line num="370" count="5" type="cond" truecount="2" falsecount="0"/>
          <line num="371" count="1" type="stmt"/>
          <line num="373" count="4" type="stmt"/>
          <line num="376" count="4" type="stmt"/>
          <line num="377" count="4" type="stmt"/>
          <line num="378" count="4" type="cond" truecount="2" falsecount="0"/>
          <line num="379" count="1" type="stmt"/>
          <line num="381" count="4" type="stmt"/>
          <line num="385" count="1" type="stmt"/>
          <line num="386" count="1" type="stmt"/>
          <line num="389" count="2" type="cond" truecount="2" falsecount="0"/>
          <line num="390" count="1" type="stmt"/>
          <line num="391" count="1" type="stmt"/>
          <line num="393" count="1" type="stmt"/>
          <line num="394" count="1" type="stmt"/>
          <line num="396" count="2" type="stmt"/>
          <line num="401" count="2" type="stmt"/>
          <line num="403" count="1" type="stmt"/>
          <line num="409" count="3" type="stmt"/>
          <line num="410" count="4" type="stmt"/>
          <line num="411" count="4" type="stmt"/>
          <line num="413" count="4" type="cond" truecount="2" falsecount="0"/>
          <line num="414" count="2" type="cond" truecount="2" falsecount="0"/>
          <line num="415" count="1" type="stmt"/>
          <line num="417" count="1" type="stmt"/>
          <line num="420" count="2" type="stmt"/>
          <line num="421" count="2" type="cond" truecount="2" falsecount="0"/>
          <line num="422" count="1" type="stmt"/>
          <line num="424" count="1" type="stmt"/>
          <line num="427" count="4" type="stmt"/>
          <line num="432" count="5" type="stmt"/>
          <line num="433" count="5" type="cond" truecount="2" falsecount="0"/>
          <line num="434" count="5" type="stmt"/>
          <line num="435" count="5" type="stmt"/>
          <line num="436" count="5" type="stmt"/>
          <line num="437" count="5" type="stmt"/>
          <line num="438" count="5" type="stmt"/>
          <line num="439" count="5" type="stmt"/>
          <line num="440" count="5" type="stmt"/>
          <line num="441" count="5" type="stmt"/>
          <line num="442" count="1" type="cond" truecount="2" falsecount="0"/>
          <line num="443" count="1" type="stmt"/>
          <line num="450" count="1" type="stmt"/>
          <line num="451" count="1" type="stmt"/>
          <line num="452" count="1" type="stmt"/>
          <line num="453" count="1" type="cond" truecount="2" falsecount="0"/>
          <line num="454" count="1" type="stmt"/>
          <line num="455" count="1" type="cond" truecount="2" falsecount="0"/>
          <line num="456" count="1" type="stmt"/>
          <line num="457" count="1" type="stmt"/>
          <line num="461" count="1" type="stmt"/>
          <line num="462" count="1" type="stmt"/>
          <line num="463" count="1" type="cond" truecount="2" falsecount="0"/>
          <line num="464" count="1" type="stmt"/>
          <line num="465" count="1" type="cond" truecount="2" falsecount="0"/>
          <line num="466" count="1" type="stmt"/>
          <line num="470" count="1" type="stmt"/>
          <line num="471" count="1" type="stmt"/>
          <line num="472" count="1" type="cond" truecount="2" falsecount="0"/>
          <line num="473" count="1" type="stmt"/>
          <line num="474" count="1" type="cond" truecount="2" falsecount="0"/>
          <line num="475" count="1" type="stmt"/>
          <line num="476" count="1" type="stmt"/>
          <line num="477" count="1" type="stmt"/>
          <line num="481" count="1" type="stmt"/>
          <line num="482" count="1" type="stmt"/>
          <line num="483" count="1" type="cond" truecount="2" falsecount="0"/>
          <line num="484" count="1" type="stmt"/>
          <line num="485" count="1" type="cond" truecount="2" falsecount="0"/>
          <line num="486" count="1" type="stmt"/>
          <line num="487" count="1" type="stmt"/>
          <line num="488" count="1" type="stmt"/>
          <line num="492" count="1" type="stmt"/>
          <line num="493" count="1" type="stmt"/>
          <line num="494" count="1" type="cond" truecount="2" falsecount="0"/>
          <line num="495" count="1" type="stmt"/>
          <line num="496" count="1" type="cond" truecount="2" falsecount="0"/>
          <line num="497" count="1" type="stmt"/>
          <line num="498" count="1" type="stmt"/>
          <line num="499" count="1" type="stmt"/>
          <line num="503" count="1" type="stmt"/>
          <line num="504" count="1" type="stmt"/>
          <line num="505" count="1" type="cond" truecount="2" falsecount="0"/>
          <line num="506" count="1" type="stmt"/>
          <line num="507" count="1" type="cond" truecount="2" falsecount="0"/>
          <line num="508" count="1" type="stmt"/>
          <line num="509" count="1" type="stmt"/>
          <line num="510" count="1" type="stmt"/>
          <line num="513" count="41" type="stmt"/>
          <line num="515" count="2" type="cond" truecount="2" falsecount="0"/>
          <line num="516" count="1" type="stmt"/>
          <line num="517" count="1" type="stmt"/>
          <line num="518" count="1" type="stmt"/>
          <line num="520" count="2" type="stmt"/>
          <line num="521" count="2" type="stmt"/>
          <line num="522" count="2" type="stmt"/>
          <line num="523" count="2" type="cond" truecount="1" falsecount="1"/>
          <line num="524" count="2" type="stmt"/>
          <line num="528" count="41" type="stmt"/>
          <line num="531" count="2" type="stmt"/>
          <line num="533" count="1" type="stmt"/>
          <line num="534" count="1" type="stmt"/>
          <line num="537" count="2" type="cond" truecount="2" falsecount="0"/>
          <line num="538" count="1" type="stmt"/>
          <line num="540" count="1" type="stmt"/>
          <line num="541" count="1" type="stmt"/>
          <line num="542" count="1" type="stmt"/>
          <line num="543" count="1" type="stmt"/>
          <line num="545" count="0" type="stmt"/>
          <line num="549" count="1" type="stmt"/>
          <line num="554" count="2" type="stmt"/>
          <line num="555" count="2" type="cond" truecount="2" falsecount="0"/>
          <line num="556" count="1" type="stmt"/>
          <line num="558" count="2" type="stmt"/>
          <line num="561" count="32" type="stmt"/>
          <line num="564" count="2" type="stmt"/>
          <line num="565" count="2" type="stmt"/>
          <line num="573" count="2" type="stmt"/>
          <line num="574" count="2" type="stmt"/>
          <line num="575" count="2" type="stmt"/>
          <line num="576" count="2" type="stmt"/>
          <line num="577" count="2" type="stmt"/>
          <line num="578" count="2" type="stmt"/>
          <line num="579" count="2" type="stmt"/>
          <line num="580" count="2" type="stmt"/>
          <line num="581" count="2" type="stmt"/>
          <line num="582" count="2" type="stmt"/>
          <line num="583" count="2" type="stmt"/>
          <line num="584" count="2" type="stmt"/>
          <line num="585" count="2" type="stmt"/>
          <line num="586" count="10" type="stmt"/>
          <line num="587" count="10" type="cond" truecount="1" falsecount="1"/>
          <line num="588" count="0" type="stmt"/>
          <line num="589" count="0" type="cond" truecount="0" falsecount="2"/>
          <line num="590" count="0" type="stmt"/>
          <line num="592" count="0" type="stmt"/>
          <line num="593" count="0" type="cond" truecount="0" falsecount="2"/>
          <line num="594" count="0" type="stmt"/>
          <line num="598" count="2" type="stmt"/>
          <line num="599" count="10" type="cond" truecount="1" falsecount="1"/>
          <line num="600" count="0" type="stmt"/>
          <line num="601" count="0" type="cond" truecount="0" falsecount="2"/>
          <line num="602" count="0" type="stmt"/>
          <line num="604" count="0" type="stmt"/>
          <line num="606" count="10" type="stmt"/>
          <line num="607" count="10" type="stmt"/>
          <line num="609" count="2" type="stmt"/>
          <line num="611" count="2" type="stmt"/>
          <line num="617" count="2" type="stmt"/>
          <line num="622" count="2" type="cond" truecount="2" falsecount="0"/>
          <line num="623" count="1" type="stmt"/>
          <line num="625" count="2" type="stmt"/>
          <line num="626" count="1" type="cond" truecount="1" falsecount="1"/>
          <line num="627" count="1" type="stmt"/>
          <line num="628" count="1" type="stmt"/>
          <line num="629" count="1" type="stmt"/>
          <line num="630" count="1" type="stmt"/>
          <line num="636" count="2" type="stmt"/>
          <line num="640" count="1" type="stmt"/>
          <line num="641" count="1" type="stmt"/>
          <line num="642" count="1" type="stmt"/>
          <line num="643" count="1" type="stmt"/>
          <line num="644" count="1" type="stmt"/>
          <line num="645" count="1" type="stmt"/>
          <line num="648" count="1" type="stmt"/>
          <line num="650" count="1" type="stmt"/>
          <line num="651" count="1" type="stmt"/>
          <line num="652" count="1" type="stmt"/>
          <line num="653" count="1" type="stmt"/>
          <line num="654" count="1" type="stmt"/>
          <line num="655" count="1" type="stmt"/>
          <line num="657" count="1" type="stmt"/>
          <line num="658" count="1" type="stmt"/>
          <line num="659" count="1" type="stmt"/>
          <line num="661" count="1" type="stmt"/>
          <line num="662" count="1" type="stmt"/>
          <line num="663" count="1" type="stmt"/>
          <line num="667" count="4" type="cond" truecount="2" falsecount="0"/>
          <line num="668" count="3" type="stmt"/>
          <line num="670" count="2" type="stmt"/>
          <line num="671" count="2" type="stmt"/>
          <line num="672" count="2" type="stmt"/>
          <line num="676" count="1" type="stmt"/>
          <line num="677" count="1" type="stmt"/>
          <line num="678" count="1" type="cond" truecount="2" falsecount="0"/>
          <line num="679" count="1" type="stmt"/>
          <line num="680" count="1" type="stmt"/>
          <line num="681" count="1" type="stmt"/>
          <line num="682" count="1" type="stmt"/>
          <line num="683" count="1" type="cond" truecount="2" falsecount="0"/>
          <line num="684" count="1" type="stmt"/>
        </file>
        <file name="util.ts" path="/home/travis/build/wasdk/WebAssemblyStudio/src/util.ts">
          <metrics statements="167" coveredstatements="164" conditionals="48" coveredconditionals="45" methods="29" coveredmethods="29"/>
          <line num="22" count="43" type="stmt"/>
          <line num="24" count="43" type="stmt"/>
          <line num="25" count="12" type="stmt"/>
          <line num="26" count="12" type="stmt"/>
          <line num="27" count="59" type="stmt"/>
          <line num="29" count="12" type="stmt"/>
          <line num="32" count="43" type="stmt"/>
          <line num="33" count="13" type="stmt"/>
          <line num="34" count="13" type="stmt"/>
          <line num="35" count="294" type="stmt"/>
          <line num="37" count="13" type="stmt"/>
          <line num="40" count="43" type="stmt"/>
          <line num="41" count="35" type="stmt"/>
          <line num="42" count="35" type="stmt"/>
          <line num="43" count="12" type="stmt"/>
          <line num="45" count="35" type="stmt"/>
          <line num="48" count="43" type="stmt"/>
          <line num="54" count="43" type="stmt"/>
          <line num="55" count="42" type="stmt"/>
          <line num="58" count="43" type="stmt"/>
          <line num="67" count="43" type="stmt"/>
          <line num="68" count="43" type="stmt"/>
          <line num="70" count="43" type="stmt"/>
          <line num="71" count="43" type="stmt"/>
          <line num="72" count="43" type="stmt"/>
          <line num="83" count="43" type="stmt"/>
          <line num="84" count="2" type="stmt"/>
          <line num="85" count="2" type="stmt"/>
          <line num="86" count="2" type="stmt"/>
          <line num="87" count="2" type="stmt"/>
          <line num="90" count="43" type="stmt"/>
          <line num="91" count="8" type="stmt"/>
          <line num="92" count="8" type="stmt"/>
          <line num="93" count="8" type="stmt"/>
          <line num="94" count="8" type="stmt"/>
          <line num="95" count="8" type="stmt"/>
          <line num="99" count="43" type="stmt"/>
          <line num="100" count="4" type="stmt"/>
          <line num="101" count="4" type="stmt"/>
          <line num="103" count="4" type="stmt"/>
          <line num="104" count="4" type="stmt"/>
          <line num="105" count="4" type="stmt"/>
          <line num="114" count="4" type="stmt"/>
          <line num="116" count="5" type="stmt"/>
          <line num="119" count="5" type="stmt"/>
          <line num="120" count="5" type="stmt"/>
          <line num="121" count="5" type="stmt"/>
          <line num="122" count="5" type="stmt"/>
          <line num="124" count="5" type="stmt"/>
          <line num="129" count="4" type="cond" truecount="2" falsecount="0"/>
          <line num="130" count="1" type="stmt"/>
          <line num="132" count="1" type="stmt"/>
          <line num="134" count="1" type="stmt"/>
          <line num="135" count="1" type="stmt"/>
          <line num="136" count="3" type="cond" truecount="2" falsecount="0"/>
          <line num="137" count="2" type="stmt"/>
          <line num="139" count="2" type="stmt"/>
          <line num="140" count="2" type="stmt"/>
          <line num="142" count="2" type="stmt"/>
          <line num="143" count="2" type="stmt"/>
          <line num="145" count="4" type="stmt"/>
          <line num="148" count="43" type="stmt"/>
          <line num="153" count="6" type="stmt"/>
          <line num="154" count="6" type="cond" truecount="4" falsecount="0"/>
          <line num="155" count="6" type="stmt"/>
          <line num="157" count="6" type="stmt"/>
          <line num="158" count="18" type="stmt"/>
          <line num="159" count="18" type="stmt"/>
          <line num="160" count="18" type="stmt"/>
          <line num="161" count="18" type="stmt"/>
          <line num="162" count="18" type="stmt"/>
          <line num="164" count="18" type="stmt"/>
          <line num="165" count="18" type="cond" truecount="2" falsecount="0"/>
          <line num="166" count="2" type="stmt"/>
          <line num="168" count="16" type="stmt"/>
          <line num="169" count="16" type="stmt"/>
          <line num="171" count="16" type="stmt"/>
          <line num="172" count="16" type="cond" truecount="2" falsecount="0"/>
          <line num="173" count="3" type="stmt"/>
          <line num="175" count="13" type="stmt"/>
          <line num="176" count="13" type="stmt"/>
          <line num="178" count="1" type="stmt"/>
          <line num="181" count="43" type="stmt"/>
          <line num="182" count="43" type="stmt"/>
          <line num="184" count="43" type="stmt"/>
          <line num="185" count="296" type="cond" truecount="1" falsecount="1"/>
          <line num="186" count="0" type="stmt"/>
          <line num="188" count="296" type="stmt"/>
          <line num="189" count="46" type="stmt"/>
          <line num="190" count="46" type="stmt"/>
          <line num="194" count="43" type="stmt"/>
          <line num="195" count="1" type="stmt"/>
          <line num="198" count="43" type="stmt"/>
          <line num="199" count="459" type="cond" truecount="2" falsecount="0"/>
          <line num="200" count="9" type="stmt"/>
          <line num="204" count="43" type="stmt"/>
          <line num="205" count="5" type="stmt"/>
          <line num="208" count="43" type="stmt"/>
          <line num="209" count="11" type="stmt"/>
          <line num="210" count="11" type="stmt"/>
          <line num="211" count="11" type="stmt"/>
          <line num="212" count="1" type="stmt"/>
          <line num="213" count="1" type="stmt"/>
          <line num="215" count="11" type="stmt"/>
          <line num="216" count="9" type="stmt"/>
          <line num="218" count="11" type="cond" truecount="2" falsecount="0"/>
          <line num="219" count="9" type="stmt"/>
          <line num="220" count="2" type="cond" truecount="2" falsecount="0"/>
          <line num="221" count="1" type="stmt"/>
          <line num="223" count="1" type="stmt"/>
          <line num="228" count="43" type="stmt"/>
          <line num="229" count="5" type="stmt"/>
          <line num="230" count="5" type="stmt"/>
          <line num="231" count="4" type="stmt"/>
          <line num="232" count="4" type="cond" truecount="2" falsecount="0"/>
          <line num="233" count="1" type="stmt"/>
          <line num="235" count="3" type="stmt"/>
          <line num="236" count="3" type="stmt"/>
          <line num="237" count="3" type="stmt"/>
          <line num="238" count="3" type="stmt"/>
          <line num="239" count="3" type="cond" truecount="2" falsecount="0"/>
          <line num="240" count="1" type="stmt"/>
          <line num="241" count="1" type="stmt"/>
          <line num="242" count="1" type="stmt"/>
          <line num="244" count="3" type="stmt"/>
          <line num="245" count="3" type="cond" truecount="1" falsecount="1"/>
          <line num="246" count="3" type="stmt"/>
          <line num="247" count="3" type="stmt"/>
          <line num="249" count="0" type="stmt"/>
          <line num="256" count="43" type="stmt"/>
          <line num="257" count="7" type="stmt"/>
          <line num="258" count="6" type="cond" truecount="2" falsecount="0"/>
          <line num="259" count="3" type="stmt"/>
          <line num="260" count="3" type="cond" truecount="2" falsecount="0"/>
          <line num="261" count="2" type="cond" truecount="2" falsecount="0"/>
          <line num="262" count="1" type="stmt"/>
          <line num="263" count="1" type="stmt"/>
          <line num="265" count="1" type="stmt"/>
          <line num="269" count="4" type="cond" truecount="2" falsecount="0"/>
          <line num="270" count="1" type="stmt"/>
          <line num="272" count="3" type="stmt"/>
          <line num="274" count="4" type="stmt"/>
          <line num="275" count="4" type="cond" truecount="2" falsecount="0"/>
          <line num="276" count="4" type="stmt"/>
          <line num="278" count="4" type="stmt"/>
          <line num="279" count="4" type="cond" truecount="1" falsecount="1"/>
          <line num="280" count="4" type="stmt"/>
          <line num="281" count="4" type="stmt"/>
          <line num="283" count="0" type="stmt"/>
          <line num="288" count="43" type="stmt"/>
          <line num="289" count="5" type="cond" truecount="2" falsecount="0"/>
          <line num="290" count="1" type="stmt"/>
          <line num="292" count="4" type="stmt"/>
          <line num="295" count="43" type="stmt"/>
          <line num="297" count="43" type="stmt"/>
          <line num="298" count="1023" type="stmt"/>
          <line num="301" count="43" type="stmt"/>
          <line num="302" count="41" type="cond" truecount="2" falsecount="0"/>
          <line num="303" count="1" type="stmt"/>
          <line num="306" count="40" type="cond" truecount="2" falsecount="0"/>
          <line num="307" count="5" type="stmt"/>
          <line num="310" count="35" type="stmt"/>
          <line num="311" count="35" type="cond" truecount="2" falsecount="0"/>
          <line num="312" count="1" type="stmt"/>
          <line num="315" count="34" type="cond" truecount="2" falsecount="0"/>
          <line num="316" count="7" type="stmt"/>
          <line num="319" count="27" type="stmt"/>
        </file>
        <file name="worker.ts" path="/home/travis/build/wasdk/WebAssemblyStudio/src/worker.ts">
          <metrics statements="96" coveredstatements="0" conditionals="20" coveredconditionals="0" methods="19" coveredmethods="0"/>
          <line num="22" count="0" type="stmt"/>
          <line num="27" count="0" type="cond" truecount="0" falsecount="2"/>
          <line num="28" count="0" type="stmt"/>
          <line num="55" count="0" type="cond" truecount="0" falsecount="2"/>
          <line num="56" count="0" type="stmt"/>
          <line num="61" count="0" type="cond" truecount="0" falsecount="2"/>
          <line num="62" count="0" type="stmt"/>
          <line num="63" count="0" type="stmt"/>
          <line num="67" count="0" type="stmt"/>
          <line num="71" count="0" type="cond" truecount="0" falsecount="2"/>
          <line num="72" count="0" type="stmt"/>
          <line num="73" count="0" type="stmt"/>
          <line num="74" count="0" type="stmt"/>
          <line num="84" count="0" type="stmt"/>
          <line num="85" count="0" type="stmt"/>
          <line num="96" count="0" type="stmt"/>
          <line num="97" count="0" type="stmt"/>
          <line num="101" count="0" type="stmt"/>
          <line num="106" count="0" type="stmt"/>
          <line num="107" count="0" type="stmt"/>
          <line num="109" count="0" type="stmt"/>
          <line num="112" count="0" type="stmt"/>
          <line num="114" count="0" type="stmt"/>
          <line num="118" count="0" type="stmt"/>
          <line num="119" count="0" type="stmt"/>
          <line num="120" count="0" type="stmt"/>
          <line num="121" count="0" type="stmt"/>
          <line num="125" count="0" type="stmt"/>
          <line num="126" count="0" type="stmt"/>
          <line num="127" count="0" type="stmt"/>
          <line num="131" count="0" type="stmt"/>
          <line num="132" count="0" type="stmt"/>
          <line num="133" count="0" type="stmt"/>
          <line num="134" count="0" type="stmt"/>
          <line num="135" count="0" type="stmt"/>
          <line num="136" count="0" type="stmt"/>
          <line num="137" count="0" type="stmt"/>
          <line num="138" count="0" type="stmt"/>
          <line num="142" count="0" type="stmt"/>
          <line num="143" count="0" type="stmt"/>
          <line num="144" count="0" type="stmt"/>
          <line num="145" count="0" type="stmt"/>
          <line num="149" count="0" type="stmt"/>
          <line num="150" count="0" type="stmt"/>
          <line num="151" count="0" type="stmt"/>
          <line num="155" count="0" type="stmt"/>
          <line num="156" count="0" type="stmt"/>
          <line num="157" count="0" type="stmt"/>
          <line num="161" count="0" type="stmt"/>
          <line num="162" count="0" type="stmt"/>
          <line num="163" count="0" type="stmt"/>
          <line num="164" count="0" type="stmt"/>
          <line num="165" count="0" type="stmt"/>
          <line num="169" count="0" type="stmt"/>
          <line num="170" count="0" type="stmt"/>
          <line num="171" count="0" type="stmt"/>
          <line num="172" count="0" type="stmt"/>
          <line num="173" count="0" type="stmt"/>
          <line num="186" count="0" type="stmt"/>
          <line num="188" count="0" type="stmt"/>
          <line num="190" count="0" type="stmt"/>
          <line num="193" count="0" type="stmt"/>
          <line num="194" count="0" type="stmt"/>
          <line num="196" count="0" type="stmt"/>
          <line num="197" count="0" type="stmt"/>
          <line num="198" count="0" type="stmt"/>
          <line num="200" count="0" type="stmt"/>
          <line num="201" count="0" type="stmt"/>
          <line num="202" count="0" type="stmt"/>
          <line num="203" count="0" type="cond" truecount="0" falsecount="2"/>
          <line num="204" count="0" type="stmt"/>
          <line num="206" count="0" type="stmt"/>
          <line num="210" count="0" type="cond" truecount="0" falsecount="2"/>
          <line num="211" count="0" type="stmt"/>
          <line num="226" count="0" type="stmt"/>
          <line num="227" count="0" type="stmt"/>
          <line num="228" count="0" type="stmt"/>
          <line num="231" count="0" type="stmt"/>
          <line num="232" count="0" type="stmt"/>
          <line num="233" count="0" type="stmt"/>
          <line num="234" count="0" type="stmt"/>
          <line num="236" count="0" type="stmt"/>
          <line num="237" count="0" type="stmt"/>
          <line num="238" count="0" type="stmt"/>
          <line num="240" count="0" type="cond" truecount="0" falsecount="2"/>
          <line num="241" count="0" type="stmt"/>
          <line num="243" count="0" type="stmt"/>
          <line num="244" count="0" type="cond" truecount="0" falsecount="2"/>
          <line num="245" count="0" type="stmt"/>
          <line num="246" count="0" type="cond" truecount="0" falsecount="2"/>
          <line num="247" count="0" type="stmt"/>
          <line num="249" count="0" type="stmt"/>
          <line num="254" count="0" type="stmt"/>
          <line num="255" count="0" type="cond" truecount="0" falsecount="2"/>
          <line num="256" count="0" type="stmt"/>
          <line num="258" count="0" type="stmt"/>
        </file>
      </package>
      <package name="src.actions">
        <metrics statements="114" coveredstatements="114" conditionals="18" coveredconditionals="18" methods="29" coveredmethods="29"/>
        <file name="AppActions.ts" path="/home/travis/build/wasdk/WebAssemblyStudio/src/actions/AppActions.ts">
          <metrics statements="105" coveredstatements="105" conditionals="18" coveredconditionals="18" methods="27" coveredmethods="27"/>
          <line num="22" count="18" type="stmt"/>
          <line num="23" count="18" type="stmt"/>
          <line num="26" count="18" type="stmt"/>
          <line num="27" count="18" type="stmt"/>
          <line num="28" count="18" type="stmt"/>
          <line num="30" count="18" type="stmt"/>
          <line num="32" count="18" type="stmt"/>
          <line num="33" count="18" type="stmt"/>
          <line num="35" count="18" type="cond" truecount="2" falsecount="0"/>
          <line num="36" count="18" type="stmt"/>
          <line num="37" count="18" type="stmt"/>
          <line num="38" count="18" type="stmt"/>
          <line num="39" count="18" type="stmt"/>
          <line num="40" count="18" type="stmt"/>
          <line num="41" count="18" type="stmt"/>
          <line num="42" count="18" type="stmt"/>
          <line num="43" count="18" type="stmt"/>
          <line num="44" count="18" type="stmt"/>
          <line num="45" count="18" type="stmt"/>
          <line num="46" count="18" type="stmt"/>
          <line num="47" count="18" type="stmt"/>
          <line num="48" count="18" type="stmt"/>
          <line num="49" count="18" type="stmt"/>
          <line num="50" count="18" type="stmt"/>
          <line num="51" count="18" type="stmt"/>
          <line num="52" count="18" type="stmt"/>
          <line num="53" count="18" type="stmt"/>
          <line num="66" count="18" type="stmt"/>
          <line num="67" count="1" type="stmt"/>
          <line num="79" count="18" type="stmt"/>
          <line num="80" count="2" type="stmt"/>
          <line num="86" count="18" type="stmt"/>
          <line num="87" count="89" type="stmt"/>
          <line num="99" count="18" type="stmt"/>
          <line num="100" count="2" type="stmt"/>
          <line num="113" count="18" type="stmt"/>
          <line num="114" count="1" type="stmt"/>
          <line num="128" count="18" type="cond" truecount="1" falsecount="0"/>
          <line num="129" count="11" type="stmt"/>
          <line num="140" count="18" type="stmt"/>
          <line num="141" count="1" type="stmt"/>
          <line num="152" count="18" type="cond" truecount="1" falsecount="0"/>
          <line num="153" count="3" type="stmt"/>
          <line num="165" count="18" type="stmt"/>
          <line num="166" count="1" type="stmt"/>
          <line num="177" count="18" type="stmt"/>
          <line num="178" count="1" type="stmt"/>
          <line num="192" count="18" type="cond" truecount="2" falsecount="0"/>
          <line num="193" count="5" type="stmt"/>
          <line num="201" count="18" type="stmt"/>
          <line num="202" count="2" type="stmt"/>
          <line num="213" count="18" type="stmt"/>
          <line num="214" count="2" type="stmt"/>
          <line num="215" count="2" type="stmt"/>
          <line num="216" count="2" type="stmt"/>
          <line num="220" count="2" type="cond" truecount="2" falsecount="0"/>
          <line num="221" count="1" type="stmt"/>
          <line num="225" count="18" type="stmt"/>
          <line num="226" count="1" type="stmt"/>
          <line num="227" count="1" type="stmt"/>
          <line num="228" count="1" type="stmt"/>
          <line num="230" count="1" type="stmt"/>
          <line num="231" count="1" type="stmt"/>
          <line num="234" count="1" type="stmt"/>
          <line num="235" count="1" type="stmt"/>
          <line num="237" count="1" type="stmt"/>
          <line num="240" count="1" type="stmt"/>
          <line num="248" count="18" type="stmt"/>
          <line num="249" count="2" type="stmt"/>
          <line num="264" count="18" type="stmt"/>
          <line num="265" count="18" type="stmt"/>
          <line num="271" count="18" type="stmt"/>
          <line num="272" count="17" type="stmt"/>
          <line num="282" count="18" type="stmt"/>
          <line num="288" count="5" type="stmt"/>
          <line num="289" count="4" type="stmt"/>
          <line num="290" count="4" type="stmt"/>
          <line num="292" count="5" type="stmt"/>
          <line num="293" count="5" type="cond" truecount="2" falsecount="0"/>
          <line num="294" count="2" type="stmt"/>
          <line num="296" count="3" type="cond" truecount="2" falsecount="0"/>
          <line num="297" count="1" type="stmt"/>
          <line num="298" count="1" type="stmt"/>
          <line num="300" count="2" type="cond" truecount="2" falsecount="0"/>
          <line num="301" count="1" type="stmt"/>
          <line num="303" count="1" type="stmt"/>
          <line num="309" count="18" type="stmt"/>
          <line num="310" count="3" type="stmt"/>
          <line num="311" count="3" type="stmt"/>
          <line num="312" count="3" type="stmt"/>
          <line num="313" count="3" type="stmt"/>
          <line num="314" count="3" type="stmt"/>
          <line num="315" count="1" type="stmt"/>
          <line num="316" count="1" type="stmt"/>
          <line num="319" count="3" type="stmt"/>
          <line num="320" count="3" type="cond" truecount="2" falsecount="0"/>
          <line num="321" count="1" type="stmt"/>
          <line num="322" count="1" type="stmt"/>
          <line num="325" count="2" type="stmt"/>
          <line num="331" count="18" type="stmt"/>
          <line num="332" count="1" type="stmt"/>
          <line num="333" count="1" type="stmt"/>
          <line num="334" count="1" type="stmt"/>
          <line num="343" count="18" type="stmt"/>
          <line num="344" count="1" type="stmt"/>
        </file>
        <file name="ArcActions.ts" path="/home/travis/build/wasdk/WebAssemblyStudio/src/actions/ArcActions.ts">
          <metrics statements="9" coveredstatements="9" conditionals="0" coveredconditionals="0" methods="2" coveredmethods="2"/>
          <line num="22" count="3" type="stmt"/>
          <line num="23" count="3" type="stmt"/>
          <line num="24" count="3" type="stmt"/>
          <line num="26" count="3" type="stmt"/>
          <line num="27" count="1" type="stmt"/>
          <line num="28" count="1" type="stmt"/>
          <line num="29" count="1" type="stmt"/>
          <line num="32" count="3" type="stmt"/>
          <line num="33" count="1" type="stmt"/>
        </file>
      </package>
      <package name="src.compilerServices">
        <metrics statements="129" coveredstatements="129" conditionals="48" coveredconditionals="48" methods="14" coveredmethods="14"/>
        <file name="clangService.ts" path="/home/travis/build/wasdk/WebAssemblyStudio/src/compilerServices/clangService.ts">
          <metrics statements="18" coveredstatements="18" conditionals="8" coveredconditionals="8" methods="2" coveredmethods="2"/>
          <line num="22" count="40" type="stmt"/>
          <line num="23" count="40" type="stmt"/>
          <line num="25" count="40" type="stmt"/>
          <line num="29" count="5" type="stmt"/>
          <line num="33" count="3" type="stmt"/>
          <line num="34" count="3" type="cond" truecount="2" falsecount="0"/>
          <line num="35" count="1" type="stmt"/>
          <line num="37" count="2" type="stmt"/>
          <line num="38" count="2" type="stmt"/>
          <line num="39" count="2" type="stmt"/>
          <line num="40" count="2" type="stmt"/>
          <line num="52" count="2" type="stmt"/>
          <line num="53" count="2" type="stmt"/>
          <line num="55" count="2" type="cond" truecount="2" falsecount="0"/>
          <line num="56" count="1" type="stmt"/>
          <line num="59" count="2" type="cond" truecount="4" falsecount="0"/>
          <line num="60" count="1" type="stmt"/>
          <line num="62" count="2" type="stmt"/>
        </file>
        <file name="index.ts" path="/home/travis/build/wasdk/WebAssemblyStudio/src/compilerServices/index.ts">
          <metrics statements="19" coveredstatements="19" conditionals="13" coveredconditionals="13" methods="1" coveredmethods="1"/>
          <line num="21" count="40" type="stmt"/>
          <line num="22" count="40" type="stmt"/>
          <line num="23" count="40" type="stmt"/>
          <line num="24" count="40" type="stmt"/>
          <line num="26" count="40" type="stmt"/>
          <line num="27" count="40" type="stmt"/>
          <line num="28" count="40" type="stmt"/>
          <line num="29" count="40" type="stmt"/>
          <line num="30" count="40" type="stmt"/>
          <line num="31" count="40" type="stmt"/>
          <line num="32" count="40" type="stmt"/>
          <line num="35" count="40" type="stmt"/>
          <line num="36" count="14" type="cond" truecount="4" falsecount="0"/>
          <line num="37" count="5" type="stmt"/>
          <line num="39" count="9" type="cond" truecount="5" falsecount="0"/>
          <line num="40" count="5" type="stmt"/>
          <line num="42" count="4" type="cond" truecount="4" falsecount="0"/>
          <line num="43" count="3" type="stmt"/>
          <line num="45" count="1" type="stmt"/>
        </file>
        <file name="rustService.ts" path="/home/travis/build/wasdk/WebAssemblyStudio/src/compilerServices/rustService.ts">
          <metrics statements="30" coveredstatements="30" conditionals="12" coveredconditionals="12" methods="2" coveredmethods="2"/>
          <line num="23" count="40" type="stmt"/>
          <line num="24" count="40" type="stmt"/>
          <line num="25" count="40" type="stmt"/>
          <line num="26" count="40" type="stmt"/>
          <line num="28" count="40" type="stmt"/>
          <line num="32" count="4" type="stmt"/>
          <line num="33" count="4" type="stmt"/>
          <line num="35" count="4" type="cond" truecount="2" falsecount="0"/>
          <line num="36" count="1" type="stmt"/>
          <line num="38" count="1" type="stmt"/>
          <line num="39" count="1" type="stmt"/>
          <line num="41" count="1" type="stmt"/>
          <line num="45" count="1" type="stmt"/>
          <line num="47" count="1" type="stmt"/>
          <line num="48" count="1" type="stmt"/>
          <line num="50" count="3" type="stmt"/>
          <line num="51" count="3" type="cond" truecount="2" falsecount="0"/>
          <line num="52" count="1" type="stmt"/>
          <line num="54" count="2" type="stmt"/>
          <line num="55" count="2" type="stmt"/>
          <line num="56" count="2" type="stmt"/>
          <line num="59" count="3" type="stmt"/>
          <line num="61" count="3" type="cond" truecount="2" falsecount="0"/>
          <line num="62" count="2" type="stmt"/>
          <line num="65" count="3" type="cond" truecount="4" falsecount="0"/>
          <line num="66" count="2" type="stmt"/>
          <line num="68" count="3" type="stmt"/>
          <line num="69" count="3" type="cond" truecount="2" falsecount="0"/>
          <line num="70" count="1" type="stmt"/>
          <line num="74" count="3" type="stmt"/>
        </file>
        <file name="sendRequest.ts" path="/home/travis/build/wasdk/WebAssemblyStudio/src/compilerServices/sendRequest.ts">
          <metrics statements="28" coveredstatements="28" conditionals="9" coveredconditionals="9" methods="5" coveredmethods="5"/>
          <line num="21" count="38" type="stmt"/>
          <line num="23" count="38" type="cond" truecount="2" falsecount="0"/>
          <line num="24" count="38" type="stmt"/>
          <line num="25" count="38" type="stmt"/>
          <line num="26" count="38" type="stmt"/>
          <line num="27" count="38" type="stmt"/>
          <line num="46" count="38" type="stmt"/>
          <line num="47" count="7" type="stmt"/>
          <line num="48" count="7" type="stmt"/>
          <line num="50" count="1" type="stmt"/>
          <line num="52" count="1" type="stmt"/>
          <line num="54" count="3" type="stmt"/>
          <line num="56" count="1" type="stmt"/>
          <line num="58" count="1" type="stmt"/>
          <line num="62" count="38" type="stmt"/>
          <line num="63" count="4" type="stmt"/>
          <line num="64" count="4" type="cond" truecount="2" falsecount="0"/>
          <line num="65" count="3" type="stmt"/>
          <line num="66" count="3" type="stmt"/>
          <line num="69" count="1" type="stmt"/>
          <line num="75" count="38" type="stmt"/>
          <line num="76" count="1" type="stmt"/>
          <line num="77" count="1" type="stmt"/>
          <line num="83" count="1" type="stmt"/>
          <line num="86" count="38" type="stmt"/>
          <line num="87" count="1" type="stmt"/>
          <line num="88" count="1" type="stmt"/>
          <line num="93" count="1" type="stmt"/>
        </file>
        <file name="types.ts" path="/home/travis/build/wasdk/WebAssemblyStudio/src/compilerServices/types.ts">
          <metrics statements="13" coveredstatements="13" conditionals="2" coveredconditionals="2" methods="1" coveredmethods="1"/>
          <line num="21" count="40" type="cond" truecount="2" falsecount="0"/>
          <line num="22" count="40" type="stmt"/>
          <line num="23" count="40" type="stmt"/>
          <line num="24" count="40" type="stmt"/>
          <line num="25" count="40" type="stmt"/>
          <line num="26" count="40" type="stmt"/>
          <line num="27" count="40" type="stmt"/>
          <line num="28" count="40" type="stmt"/>
          <line num="29" count="40" type="stmt"/>
          <line num="30" count="40" type="stmt"/>
          <line num="31" count="40" type="stmt"/>
          <line num="32" count="40" type="stmt"/>
          <line num="33" count="40" type="stmt"/>
        </file>
        <file name="utils.ts" path="/home/travis/build/wasdk/WebAssemblyStudio/src/compilerServices/utils.ts">
          <metrics statements="10" coveredstatements="10" conditionals="2" coveredconditionals="2" methods="2" coveredmethods="2"/>
          <line num="21" count="38" type="stmt"/>
          <line num="22" count="38" type="stmt"/>
          <line num="23" count="38" type="stmt"/>
          <line num="25" count="38" type="stmt"/>
          <line num="26" count="2" type="stmt"/>
          <line num="27" count="2" type="cond" truecount="2" falsecount="0"/>
          <line num="28" count="1" type="stmt"/>
          <line num="30" count="2" type="stmt"/>
          <line num="33" count="38" type="stmt"/>
          <line num="34" count="1" type="stmt"/>
        </file>
        <file name="x86Service.ts" path="/home/travis/build/wasdk/WebAssemblyStudio/src/compilerServices/x86Service.ts">
          <metrics statements="11" coveredstatements="11" conditionals="2" coveredconditionals="2" methods="1" coveredmethods="1"/>
          <line num="22" count="40" type="stmt"/>
          <line num="23" count="40" type="stmt"/>
          <line num="25" count="40" type="stmt"/>
          <line num="27" count="2" type="stmt"/>
          <line num="28" count="2" type="cond" truecount="2" falsecount="0"/>
          <line num="29" count="1" type="stmt"/>
          <line num="31" count="1" type="stmt"/>
          <line num="32" count="1" type="stmt"/>
          <line num="33" count="1" type="stmt"/>
          <line num="34" count="1" type="stmt"/>
          <line num="35" count="1" type="stmt"/>
        </file>
      </package>
      <package name="src.components">
        <metrics statements="1011" coveredstatements="969" conditionals="325" coveredconditionals="293" methods="331" coveredmethods="314"/>
        <file name="App.tsx" path="/home/travis/build/wasdk/WebAssemblyStudio/src/components/App.tsx">
          <metrics statements="234" coveredstatements="220" conditionals="84" coveredconditionals="75" methods="81" coveredmethods="78"/>
          <line num="22" count="2" type="stmt"/>
          <line num="26" count="2" type="stmt"/>
          <line num="27" count="2" type="stmt"/>
          <line num="29" count="2" type="stmt"/>
          <line num="30" count="2" type="stmt"/>
          <line num="31" count="2" type="stmt"/>
          <line num="33" count="2" type="stmt"/>
          <line num="34" count="2" type="stmt"/>
          <line num="51" count="2" type="stmt"/>
          <line num="52" count="2" type="stmt"/>
          <line num="53" count="2" type="stmt"/>
          <line num="55" count="2" type="stmt"/>
          <line num="57" count="2" type="stmt"/>
          <line num="60" count="2" type="stmt"/>
          <line num="80" count="2" type="stmt"/>
          <line num="82" count="2" type="stmt"/>
          <line num="83" count="2" type="stmt"/>
          <line num="84" count="2" type="stmt"/>
          <line num="85" count="2" type="stmt"/>
          <line num="87" count="2" type="stmt"/>
          <line num="88" count="2" type="stmt"/>
          <line num="89" count="2" type="stmt"/>
          <line num="91" count="2" type="stmt"/>
          <line num="93" count="2" type="stmt"/>
          <line num="94" count="2" type="stmt"/>
          <line num="95" count="2" type="stmt"/>
          <line num="164" count="2" type="cond" truecount="2" falsecount="0"/>
          <line num="165" count="2" type="stmt"/>
          <line num="166" count="2" type="stmt"/>
          <line num="167" count="2" type="stmt"/>
          <line num="179" count="2" type="stmt"/>
          <line num="183" count="82" type="stmt"/>
          <line num="184" count="82" type="stmt"/>
          <line num="219" count="82" type="stmt"/>
          <line num="220" count="82" type="stmt"/>
          <line num="226" count="82" type="stmt"/>
          <line num="227" count="82" type="cond" truecount="2" falsecount="0"/>
          <line num="228" count="10" type="stmt"/>
          <line num="232" count="100" type="stmt"/>
          <line num="235" count="10" type="stmt"/>
          <line num="236" count="10" type="stmt"/>
          <line num="237" count="10" type="stmt"/>
          <line num="238" count="10" type="stmt"/>
          <line num="239" count="10" type="cond" truecount="2" falsecount="0"/>
          <line num="240" count="2" type="stmt"/>
          <line num="241" count="2" type="stmt"/>
          <line num="242" count="2" type="cond" truecount="2" falsecount="0"/>
          <line num="243" count="1" type="stmt"/>
          <line num="246" count="8" type="cond" truecount="2" falsecount="0"/>
          <line num="247" count="2" type="stmt"/>
          <line num="252" count="82" type="stmt"/>
          <line num="253" count="4" type="stmt"/>
          <line num="254" count="4" type="stmt"/>
          <line num="256" count="82" type="stmt"/>
          <line num="257" count="5" type="stmt"/>
          <line num="259" count="82" type="stmt"/>
          <line num="260" count="208" type="stmt"/>
          <line num="264" count="208" type="stmt"/>
          <line num="266" count="82" type="stmt"/>
          <line num="267" count="777" type="stmt"/>
          <line num="271" count="82" type="stmt"/>
          <line num="272" count="8" type="stmt"/>
          <line num="274" count="8" type="stmt"/>
          <line num="290" count="0" type="stmt"/>
          <line num="291" count="0" type="stmt"/>
          <line num="292" count="0" type="stmt"/>
          <line num="293" count="0" type="stmt"/>
          <line num="294" count="0" type="stmt"/>
          <line num="298" count="1" type="stmt"/>
          <line num="299" count="1" type="stmt"/>
          <line num="300" count="1" type="stmt"/>
          <line num="301" count="1" type="stmt"/>
          <line num="302" count="1" type="stmt"/>
          <line num="306" count="4" type="cond" truecount="1" falsecount="1"/>
          <line num="307" count="0" type="stmt"/>
          <line num="309" count="4" type="stmt"/>
          <line num="314" count="82" type="stmt"/>
          <line num="315" count="1" type="stmt"/>
          <line num="317" count="82" type="stmt"/>
          <line num="318" count="2" type="cond" truecount="2" falsecount="0"/>
          <line num="319" count="1" type="stmt"/>
          <line num="321" count="1" type="stmt"/>
          <line num="324" count="82" type="stmt"/>
          <line num="325" count="2" type="cond" truecount="2" falsecount="0"/>
          <line num="326" count="1" type="stmt"/>
          <line num="328" count="1" type="stmt"/>
          <line num="333" count="7" type="stmt"/>
          <line num="336" count="82" type="stmt"/>
          <line num="339" count="82" type="stmt"/>
          <line num="340" count="82" type="stmt"/>
          <line num="341" count="82" type="stmt"/>
          <line num="342" count="18" type="stmt"/>
          <line num="346" count="82" type="cond" truecount="2" falsecount="0"/>
          <line num="347" count="6" type="stmt"/>
          <line num="348" count="0" type="cond" truecount="0" falsecount="5"/>
          <line num="349" count="0" type="stmt"/>
          <line num="356" count="1" type="stmt"/>
          <line num="360" count="1" type="stmt"/>
          <line num="363" count="3" type="stmt"/>
          <line num="364" count="3" type="stmt"/>
          <line num="365" count="3" type="stmt"/>
          <line num="366" count="3" type="stmt"/>
          <line num="367" count="3" type="cond" truecount="2" falsecount="0"/>
          <line num="368" count="1" type="stmt"/>
          <line num="369" count="1" type="stmt"/>
          <line num="371" count="2" type="cond" truecount="2" falsecount="0"/>
          <line num="372" count="2" type="stmt"/>
          <line num="374" count="3" type="stmt"/>
          <line num="375" count="3" type="cond" truecount="2" falsecount="0"/>
          <line num="376" count="1" type="stmt"/>
          <line num="380" count="2" type="stmt"/>
          <line num="381" count="2" type="cond" truecount="2" falsecount="0"/>
          <line num="382" count="2" type="stmt"/>
          <line num="383" count="2" type="stmt"/>
          <line num="384" count="2" type="cond" truecount="1" falsecount="1"/>
          <line num="385" count="2" type="cond" truecount="2" falsecount="0"/>
          <line num="386" count="1" type="stmt"/>
          <line num="388" count="2" type="stmt"/>
          <line num="390" count="0" type="stmt"/>
          <line num="394" count="1" type="stmt"/>
          <line num="395" count="1" type="stmt"/>
          <line num="396" count="1" type="stmt"/>
          <line num="397" count="1" type="stmt"/>
          <line num="398" count="1" type="stmt"/>
          <line num="403" count="82" type="stmt"/>
          <line num="406" count="5213" type="stmt"/>
          <line num="410" count="1129" type="stmt"/>
          <line num="416" count="1" type="stmt"/>
          <line num="417" count="1" type="stmt"/>
          <line num="418" count="1" type="stmt"/>
          <line num="419" count="1" type="cond" truecount="1" falsecount="1"/>
          <line num="420" count="0" type="stmt"/>
          <line num="421" count="0" type="stmt"/>
          <line num="422" count="0" type="stmt"/>
          <line num="424" count="1" type="stmt"/>
          <line num="425" count="1" type="stmt"/>
          <line num="427" count="1" type="stmt"/>
          <line num="431" count="1129" type="cond" truecount="2" falsecount="0"/>
          <line num="432" count="28" type="stmt"/>
          <line num="444" count="1129" type="cond" truecount="4" falsecount="0"/>
          <line num="446" count="53" type="stmt"/>
          <line num="454" count="1" type="stmt"/>
          <line num="459" count="1129" type="cond" truecount="4" falsecount="0"/>
          <line num="461" count="528" type="stmt"/>
          <line num="469" count="1" type="stmt"/>
          <line num="474" count="1129" type="cond" truecount="2" falsecount="0"/>
          <line num="475" count="415" type="stmt"/>
          <line num="483" count="1" type="stmt"/>
          <line num="493" count="1" type="stmt"/>
          <line num="503" count="1" type="stmt"/>
          <line num="507" count="1129" type="stmt"/>
          <line num="515" count="1" type="stmt"/>
          <line num="518" count="1129" type="cond" truecount="2" falsecount="0"/>
          <line num="519" count="1016" type="stmt"/>
          <line num="527" count="1" type="stmt"/>
          <line num="537" count="1" type="stmt"/>
          <line num="542" count="1129" type="cond" truecount="2" falsecount="0"/>
          <line num="543" count="113" type="stmt"/>
          <line num="551" count="1" type="stmt"/>
          <line num="555" count="113" type="stmt"/>
          <line num="563" count="1" type="stmt"/>
          <line num="568" count="1129" type="cond" truecount="2" falsecount="0"/>
          <line num="569" count="415" type="stmt"/>
          <line num="587" count="1" type="stmt"/>
          <line num="592" count="1129" type="stmt"/>
          <line num="595" count="1129" type="stmt"/>
          <line num="597" count="1129" type="stmt"/>
          <line num="598" count="1129" type="stmt"/>
          <line num="599" count="1129" type="stmt"/>
          <line num="601" count="1129" type="cond" truecount="1" falsecount="1"/>
          <line num="602" count="0" type="stmt"/>
          <line num="604" count="1129" type="stmt"/>
          <line num="606" count="1129" type="stmt"/>
          <line num="611" count="1" type="stmt"/>
          <line num="615" count="1" type="stmt"/>
          <line num="617" count="1" type="stmt"/>
          <line num="619" count="2" type="cond" truecount="2" falsecount="0"/>
          <line num="621" count="1" type="stmt"/>
          <line num="623" count="2" type="stmt"/>
          <line num="624" count="2" type="stmt"/>
          <line num="627" count="1" type="stmt"/>
          <line num="628" count="1" type="stmt"/>
          <line num="631" count="1" type="stmt"/>
          <line num="632" count="1" type="stmt"/>
          <line num="638" count="1129" type="stmt"/>
          <line num="646" count="1" type="stmt"/>
          <line num="647" count="1" type="stmt"/>
          <line num="653" count="1129" type="stmt"/>
          <line num="654" count="0" type="stmt"/>
          <line num="660" count="1" type="stmt"/>
          <line num="662" count="1" type="stmt"/>
          <line num="663" count="1" type="stmt"/>
          <line num="664" count="1" type="stmt"/>
          <line num="673" count="1" type="stmt"/>
          <line num="676" count="1" type="stmt"/>
          <line num="677" count="1" type="stmt"/>
          <line num="686" count="1" type="stmt"/>
          <line num="689" count="1" type="stmt"/>
          <line num="690" count="1" type="stmt"/>
          <line num="691" count="1" type="stmt"/>
          <line num="700" count="1" type="stmt"/>
          <line num="709" count="1" type="stmt"/>
          <line num="712" count="1" type="stmt"/>
          <line num="713" count="2" type="stmt"/>
          <line num="715" count="1" type="stmt"/>
          <line num="724" count="1" type="stmt"/>
          <line num="727" count="1" type="stmt"/>
          <line num="728" count="1" type="stmt"/>
          <line num="738" count="1" type="stmt"/>
          <line num="739" count="1" type="stmt"/>
          <line num="746" count="1" type="stmt"/>
          <line num="749" count="1" type="stmt"/>
          <line num="752" count="3" type="stmt"/>
          <line num="753" count="3" type="cond" truecount="2" falsecount="0"/>
          <line num="754" count="1" type="stmt"/>
          <line num="756" count="2" type="stmt"/>
          <line num="758" count="3" type="cond" truecount="2" falsecount="0"/>
          <line num="759" count="2" type="stmt"/>
          <line num="760" count="2" type="stmt"/>
          <line num="765" count="1" type="stmt"/>
          <line num="766" count="1" type="stmt"/>
          <line num="769" count="2" type="cond" truecount="2" falsecount="0"/>
          <line num="770" count="1" type="stmt"/>
          <line num="772" count="1" type="stmt"/>
          <line num="775" count="1" type="stmt"/>
          <line num="778" count="1" type="stmt"/>
          <line num="781" count="1" type="stmt"/>
          <line num="784" count="1" type="stmt"/>
          <line num="797" count="1" type="stmt"/>
          <line num="798" count="1" type="stmt"/>
          <line num="805" count="2" type="stmt"/>
          <line num="806" count="2" type="cond" truecount="2" falsecount="0"/>
          <line num="807" count="2" type="stmt"/>
          <line num="808" count="2" type="stmt"/>
        </file>
        <file name="Binary.tsx" path="/home/travis/build/wasdk/WebAssemblyStudio/src/components/Binary.tsx">
          <metrics statements="35" coveredstatements="35" conditionals="6" coveredconditionals="4" methods="7" coveredmethods="7"/>
          <line num="22" count="10" type="stmt"/>
          <line num="25" count="10" type="stmt"/>
          <line num="40" count="26" type="stmt"/>
          <line num="41" count="26" type="stmt"/>
          <line num="42" count="86" type="stmt"/>
          <line num="44" count="26" type="stmt"/>
          <line num="47" count="10" type="stmt"/>
          <line num="51" count="7" type="stmt"/>
          <line num="52" count="7" type="stmt"/>
          <line num="53" count="7" type="stmt"/>
          <line num="55" count="7" type="stmt"/>
          <line num="56" count="1" type="stmt"/>
          <line num="57" count="1" type="stmt"/>
          <line num="60" count="7" type="stmt"/>
          <line num="63" count="2" type="stmt"/>
          <line num="66" count="2" type="stmt"/>
          <line num="67" count="2" type="stmt"/>
          <line num="68" count="2" type="cond" truecount="2" falsecount="0"/>
          <line num="69" count="1" type="stmt"/>
          <line num="70" count="1" type="stmt"/>
          <line num="74" count="10" type="stmt"/>
          <line num="75" count="10" type="stmt"/>
          <line num="76" count="10" type="stmt"/>
          <line num="77" count="10" type="stmt"/>
          <line num="78" count="10" type="stmt"/>
          <line num="79" count="10" type="stmt"/>
          <line num="80" count="10" type="stmt"/>
          <line num="81" count="10" type="stmt"/>
          <line num="82" count="10" type="stmt"/>
          <line num="83" count="10" type="stmt"/>
          <line num="84" count="16" type="stmt"/>
          <line num="85" count="16" type="stmt"/>
          <line num="86" count="16" type="cond" truecount="2" falsecount="2"/>
          <line num="88" count="10" type="stmt"/>
          <line num="98" count="10" type="stmt"/>
        </file>
        <file name="BrowserNotSupported.tsx" path="/home/travis/build/wasdk/WebAssemblyStudio/src/components/BrowserNotSupported.tsx">
          <metrics statements="5" coveredstatements="5" conditionals="0" coveredconditionals="0" methods="2" coveredmethods="2"/>
          <line num="22" count="2" type="stmt"/>
          <line num="23" count="2" type="stmt"/>
          <line num="25" count="2" type="stmt"/>
          <line num="29" count="1" type="stmt"/>
          <line num="32" count="1" type="stmt"/>
        </file>
[...]
          <line num="329" count="7" type="stmt"/>
          <line num="332" count="5" type="stmt"/>
          <line num="333" count="5" type="stmt"/>
          <line num="334" count="4" type="stmt"/>
          <line num="337" count="2" type="stmt"/>
          <line num="338" count="2" type="stmt"/>
          <line num="341" count="2" type="stmt"/>
          <line num="342" count="2" type="stmt"/>
          <line num="343" count="2" type="stmt"/>
          <line num="346" count="1" type="stmt"/>
          <line num="347" count="1" type="stmt"/>
          <line num="348" count="1" type="stmt"/>
          <line num="351" count="2" type="stmt"/>
          <line num="352" count="2" type="stmt"/>
          <line num="353" count="2" type="stmt"/>
          <line num="356" count="9" type="stmt"/>
          <line num="357" count="9" type="stmt"/>
          <line num="358" count="9" type="stmt"/>
          <line num="361" count="2" type="stmt"/>
          <line num="362" count="2" type="stmt"/>
          <line num="365" count="123" type="stmt"/>
          <line num="366" count="123" type="stmt"/>
          <line num="369" count="1" type="stmt"/>
          <line num="370" count="1" type="stmt"/>
          <line num="371" count="1" type="stmt"/>
          <line num="374" count="7" type="stmt"/>
          <line num="375" count="7" type="stmt"/>
          <line num="376" count="7" type="stmt"/>
          <line num="379" count="19" type="stmt"/>
          <line num="380" count="19" type="stmt"/>
          <line num="381" count="19" type="stmt"/>
          <line num="384" count="16" type="stmt"/>
          <line num="385" count="16" type="stmt"/>
          <line num="388" count="1" type="stmt"/>
          <line num="389" count="1" type="stmt"/>
          <line num="390" count="1" type="stmt"/>
          <line num="396" count="18" type="stmt"/>
          <line num="397" count="204" type="stmt"/>
          <line num="399" count="18" type="stmt"/>
        </file>
      </package>
      <package name="src.utils">
        <metrics statements="275" coveredstatements="211" conditionals="110" coveredconditionals="72" methods="53" coveredmethods="42"/>
        <file name="Logger.ts" path="/home/travis/build/wasdk/WebAssemblyStudio/src/utils/Logger.ts">
          <metrics statements="11" coveredstatements="11" conditionals="6" coveredconditionals="6" methods="5" coveredmethods="5"/>
          <line num="22" count="1" type="stmt"/>
          <line num="23" count="1" type="stmt"/>
          <line num="25" count="1" type="stmt"/>
          <line num="27" count="2" type="cond" truecount="2" falsecount="0"/>
          <line num="28" count="1" type="stmt"/>
          <line num="32" count="2" type="cond" truecount="2" falsecount="0"/>
          <line num="33" count="1" type="stmt"/>
          <line num="37" count="2" type="cond" truecount="2" falsecount="0"/>
          <line num="38" count="1" type="stmt"/>
          <line num="42" count="1" type="stmt"/>
          <line num="45" count="1" type="stmt"/>
        </file>
        <file name="Template.ts" path="/home/travis/build/wasdk/WebAssemblyStudio/src/utils/Template.ts">
          <metrics statements="52" coveredstatements="52" conditionals="25" coveredconditionals="25" methods="7" coveredmethods="5"/>
          <line num="22" count="8" type="stmt"/>
          <line num="24" count="8" type="stmt"/>
          <line num="29" count="23" type="stmt"/>
          <line num="30" count="23" type="stmt"/>
          <line num="31" count="23" type="stmt"/>
          <line num="32" count="23" type="stmt"/>
          <line num="34" count="23" type="stmt"/>
          <line num="35" count="23" type="stmt"/>
          <line num="36" count="23" type="stmt"/>
          <line num="38" count="23" type="stmt"/>
          <line num="39" count="23" type="stmt"/>
          <line num="40" count="23" type="stmt"/>
          <line num="42" count="23" type="stmt"/>
          <line num="43" count="23" type="stmt"/>
          <line num="44" count="23" type="stmt"/>
          <line num="48" count="8" type="stmt"/>
          <line num="50" count="4" type="stmt"/>
          <line num="56" count="1" type="stmt"/>
          <line num="57" count="1" type="stmt"/>
          <line num="58" count="1" type="stmt"/>
          <line num="59" count="1" type="stmt"/>
          <line num="60" count="1" type="stmt"/>
          <line num="64" count="8" type="stmt"/>
          <line num="66" count="18" type="stmt"/>
          <line num="72" count="14" type="stmt"/>
          <line num="73" count="14" type="stmt"/>
          <line num="74" count="1" type="cond" truecount="9" falsecount="0"/>
          <line num="75" count="1" type="stmt"/>
          <line num="76" count="5" type="stmt"/>
          <line num="77" count="1" type="stmt"/>
          <line num="78" count="1" type="stmt"/>
          <line num="79" count="1" type="stmt"/>
          <line num="80" count="1" type="stmt"/>
          <line num="81" count="1" type="stmt"/>
          <line num="82" count="1" type="stmt"/>
          <line num="84" count="14" type="cond" truecount="2" falsecount="0"/>
          <line num="85" count="1" type="stmt"/>
          <line num="86" count="1" type="stmt"/>
          <line num="88" count="13" type="stmt"/>
          <line num="90" count="14" type="cond" truecount="2" falsecount="0"/>
          <line num="91" count="13" type="stmt"/>
          <line num="93" count="14" type="stmt"/>
          <line num="94" count="14" type="stmt"/>
          <line num="95" count="14" type="stmt"/>
          <line num="96" count="14" type="stmt"/>
          <line num="97" count="14" type="cond" truecount="4" falsecount="0"/>
          <line num="98" count="1" type="stmt"/>
          <line num="99" count="13" type="cond" truecount="4" falsecount="0"/>
          <line num="100" count="1" type="stmt"/>
          <line num="101" count="12" type="cond" truecount="4" falsecount="0"/>
          <line num="102" count="1" type="stmt"/>
          <line num="104" count="14" type="stmt"/>
        </file>
        <file name="download.ts" path="/home/travis/build/wasdk/WebAssemblyStudio/src/utils/download.ts">
          <metrics statements="24" coveredstatements="24" conditionals="4" coveredconditionals="4" methods="4" coveredmethods="4"/>
          <line num="22" count="1" type="stmt"/>
          <line num="23" count="1" type="stmt"/>
          <line num="25" count="1" type="stmt"/>
          <line num="26" count="2" type="stmt"/>
          <line num="27" count="2" type="stmt"/>
          <line num="28" count="2" type="cond" truecount="2" falsecount="0"/>
          <line num="29" count="1" type="stmt"/>
          <line num="31" count="2" type="stmt"/>
          <line num="32" count="4" type="stmt"/>
          <line num="33" count="2" type="stmt"/>
          <line num="34" count="6" type="stmt"/>
          <line num="35" count="6" type="stmt"/>
          <line num="36" count="6" type="cond" truecount="2" falsecount="0"/>
          <line num="37" count="2" type="stmt"/>
          <line num="38" count="2" type="stmt"/>
          <line num="39" count="2" type="stmt"/>
          <line num="41" count="4" type="stmt"/>
          <line num="43" count="2" type="stmt"/>
          <line num="45" count="2" type="stmt"/>
          <line num="46" count="2" type="stmt"/>
          <line num="47" count="2" type="stmt"/>
          <line num="50" count="2" type="stmt"/>
          <line num="51" count="2" type="stmt"/>
          <line num="52" count="2" type="stmt"/>
        </file>
        <file name="fetchTemplates.ts" path="/home/travis/build/wasdk/WebAssemblyStudio/src/utils/fetchTemplates.ts">
          <metrics statements="3" coveredstatements="3" conditionals="0" coveredconditionals="0" methods="1" coveredmethods="1"/>
          <line num="22" count="3" type="stmt"/>
          <line num="23" count="1" type="stmt"/>
          <line num="24" count="1" type="stmt"/>
        </file>
        <file name="ga.ts" path="/home/travis/build/wasdk/WebAssemblyStudio/src/utils/ga.ts">
          <metrics statements="4" coveredstatements="4" conditionals="2" coveredconditionals="2" methods="1" coveredmethods="1"/>
          <line num="24" count="41" type="stmt"/>
          <line num="25" count="3" type="cond" truecount="2" falsecount="0"/>
          <line num="26" count="2" type="stmt"/>
          <line num="28" count="1" type="stmt"/>
        </file>
        <file name="group.ts" path="/home/travis/build/wasdk/WebAssemblyStudio/src/utils/group.ts">
          <metrics statements="33" coveredstatements="29" conditionals="24" coveredconditionals="18" methods="5" coveredmethods="5"/>
          <line num="22" count="20" type="stmt"/>
          <line num="23" count="20" type="stmt"/>
          <line num="26" count="20" type="stmt"/>
          <line num="32" count="136" type="stmt"/>
          <line num="33" count="136" type="stmt"/>
          <line num="36" count="14" type="stmt"/>
          <line num="37" count="14" type="stmt"/>
          <line num="39" count="14" type="cond" truecount="2" falsecount="0"/>
          <line num="41" count="1" type="stmt"/>
          <line num="42" count="1" type="cond" truecount="2" falsecount="2"/>
          <line num="43" count="0" type="stmt"/>
          <line num="45" count="1" type="stmt"/>
          <line num="47" count="13" type="cond" truecount="1" falsecount="1"/>
          <line num="48" count="13" type="cond" truecount="2" falsecount="0"/>
          <line num="50" count="1" type="stmt"/>
          <line num="51" count="1" type="stmt"/>
          <line num="52" count="1" type="stmt"/>
          <line num="54" count="12" type="stmt"/>
          <line num="55" count="12" type="stmt"/>
          <line num="58" count="0" type="stmt"/>
          <line num="59" count="0" type="stmt"/>
          <line num="60" count="0" type="stmt"/>
          <line num="64" count="10" type="cond" truecount="1" falsecount="1"/>
          <line num="65" count="10" type="cond" truecount="1" falsecount="1"/>
          <line num="66" count="10" type="stmt"/>
          <line num="70" count="4" type="stmt"/>
          <line num="71" count="4" type="cond" truecount="2" falsecount="0"/>
          <line num="72" count="1" type="stmt"/>
          <line num="75" count="3" type="stmt"/>
          <line num="80" count="3" type="stmt"/>
          <line num="81" count="3" type="cond" truecount="2" falsecount="0"/>
          <line num="83" count="3" type="cond" truecount="2" falsecount="0"/>
          <line num="84" count="1" type="stmt"/>
        </file>
        <file name="registerLanguages.ts" path="/home/travis/build/wasdk/WebAssemblyStudio/src/utils/registerLanguages.ts">
          <metrics statements="30" coveredstatements="30" conditionals="0" coveredconditionals="0" methods="6" coveredmethods="6"/>
          <line num="22" count="1" type="stmt"/>
          <line num="23" count="1" type="stmt"/>
          <line num="24" count="1" type="stmt"/>
          <line num="25" count="1" type="stmt"/>
          <line num="26" count="1" type="stmt"/>
          <line num="28" count="1" type="stmt"/>
          <line num="32" count="6" type="stmt"/>
          <line num="33" count="1" type="stmt"/>
          <line num="34" count="1" type="stmt"/>
          <line num="35" count="1" type="stmt"/>
          <line num="36" count="1" type="stmt"/>
          <line num="38" count="6" type="stmt"/>
          <line num="44" count="6" type="stmt"/>
          <line num="45" count="1" type="stmt"/>
          <line num="47" count="6" type="stmt"/>
          <line num="53" count="6" type="stmt"/>
          <line num="54" count="1" type="stmt"/>
          <line num="56" count="6" type="stmt"/>
          <line num="62" count="6" type="stmt"/>
          <line num="63" count="1" type="stmt"/>
          <line num="65" count="6" type="stmt"/>
          <line num="71" count="6" type="stmt"/>
          <line num="72" count="1" type="stmt"/>
          <line num="74" count="6" type="stmt"/>
          <line num="78" count="6" type="stmt"/>
          <line num="79" count="6" type="stmt"/>
          <line num="81" count="6" type="stmt"/>
          <line num="82" count="6" type="stmt"/>
          <line num="84" count="6" type="stmt"/>
          <line num="85" count="6" type="stmt"/>
        </file>
        <file name="registerTheme.ts" path="/home/travis/build/wasdk/WebAssemblyStudio/src/utils/registerTheme.ts">
          <metrics statements="2" coveredstatements="2" conditionals="0" coveredconditionals="0" methods="1" coveredmethods="1"/>
          <line num="22" count="1" type="stmt"/>
          <line num="23" count="1" type="stmt"/>
        </file>
        <file name="rewriteSources.ts" path="/home/travis/build/wasdk/WebAssemblyStudio/src/utils/rewriteSources.ts">
          <metrics statements="35" coveredstatements="28" conditionals="10" coveredconditionals="5" methods="7" coveredmethods="7"/>
          <line num="24" count="44" type="stmt"/>
          <line num="31" count="3" type="stmt"/>
          <line num="32" count="3" type="stmt"/>
          <line num="37" count="3" type="stmt"/>
          <line num="40" count="44" type="stmt"/>
          <line num="41" count="3" type="stmt"/>
          <line num="42" count="3" type="cond" truecount="1" falsecount="1"/>
          <line num="43" count="0" type="stmt"/>
          <line num="45" count="3" type="stmt"/>
          <line num="46" count="3" type="stmt"/>
          <line num="47" count="1" type="stmt"/>
          <line num="48" count="1" type="stmt"/>
          <line num="49" count="1" type="cond" truecount="1" falsecount="1"/>
          <line num="50" count="0" type="stmt"/>
          <line num="51" count="0" type="stmt"/>
          <line num="53" count="1" type="stmt"/>
          <line num="57" count="44" type="stmt"/>
          <line num="58" count="3" type="cond" truecount="1" falsecount="1"/>
          <line num="59" count="0" type="stmt"/>
          <line num="61" count="3" type="stmt"/>
          <line num="62" count="3" type="stmt"/>
          <line num="63" count="3" type="stmt"/>
          <line num="64" count="3" type="stmt"/>
          <line num="67" count="44" type="stmt"/>
          <line num="68" count="3" type="stmt"/>
          <line num="69" count="3" type="cond" truecount="1" falsecount="1"/>
          <line num="70" count="0" type="stmt"/>
          <line num="72" count="3" type="stmt"/>
          <line num="73" count="3" type="stmt"/>
          <line num="74" count="2" type="stmt"/>
          <line num="75" count="2" type="stmt"/>
          <line num="76" count="2" type="cond" truecount="1" falsecount="1"/>
          <line num="77" count="0" type="stmt"/>
          <line num="78" count="0" type="stmt"/>
          <line num="80" count="2" type="stmt"/>
        </file>
        <file name="splitUtils.ts" path="/home/travis/build/wasdk/WebAssemblyStudio/src/utils/splitUtils.ts">
          <metrics statements="7" coveredstatements="7" conditionals="2" coveredconditionals="2" methods="2" coveredmethods="2"/>
          <line num="24" count="7" type="stmt"/>
          <line num="25" count="14" type="stmt"/>
          <line num="28" count="7" type="stmt"/>
          <line num="29" count="24" type="stmt"/>
          <line num="30" count="47" type="cond" truecount="2" falsecount="0"/>
          <line num="31" count="46" type="stmt"/>
          <line num="34" count="24" type="stmt"/>
        </file>
        <file name="taskRunner.ts" path="/home/travis/build/wasdk/WebAssemblyStudio/src/utils/taskRunner.ts">
          <metrics statements="68" coveredstatements="15" conditionals="33" coveredconditionals="6" methods="11" coveredmethods="2"/>
          <line num="22" count="43" type="stmt"/>
          <line num="23" count="43" type="stmt"/>
          <line num="24" count="43" type="stmt"/>
          <line num="25" count="43" type="stmt"/>
          <line num="27" count="43" type="cond" truecount="2" falsecount="0"/>
          <line num="28" count="43" type="stmt"/>
          <line num="29" count="43" type="stmt"/>
          <line num="30" count="43" type="stmt"/>
          <line num="34" count="0" type="stmt"/>
          <line num="35" count="0" type="stmt"/>
          <line num="36" count="0" type="stmt"/>
          <line num="37" count="0" type="stmt"/>
          <line num="51" count="0" type="cond" truecount="0" falsecount="2"/>
          <line num="52" count="0" type="cond" truecount="0" falsecount="2"/>
          <line num="53" count="0" type="stmt"/>
          <line num="55" count="0" type="stmt"/>
          <line num="57" count="0" type="stmt"/>
          <line num="59" count="0" type="stmt"/>
          <line num="65" count="0" type="stmt"/>
          <line num="68" count="0" type="stmt"/>
          <line num="71" count="0" type="cond" truecount="0" falsecount="2"/>
          <line num="73" count="0" type="stmt"/>
          <line num="78" count="0" type="stmt"/>
          <line num="82" count="0" type="stmt"/>
          <line num="84" count="0" type="stmt"/>
          <line num="85" count="0" type="stmt"/>
          <line num="86" count="0" type="stmt"/>
          <line num="87" count="0" type="stmt"/>
          <line num="88" count="0" type="stmt"/>
          <line num="89" count="0" type="stmt"/>
          <line num="90" count="0" type="stmt"/>
          <line num="91" count="0" type="stmt"/>
          <line num="95" count="43" type="stmt"/>
          <line num="97" count="43" type="stmt"/>
          <line num="98" count="1" type="cond" truecount="4" falsecount="1"/>
          <line num="99" count="1" type="stmt"/>
          <line num="101" count="0" type="stmt"/>
          <line num="102" count="0" type="stmt"/>
          <line num="103" count="0" type="stmt"/>
          <line num="105" count="0" type="stmt"/>
          <line num="106" count="0" type="stmt"/>
          <line num="107" count="0" type="stmt"/>
          <line num="108" count="0" type="cond" truecount="0" falsecount="4"/>
          <line num="109" count="0" type="stmt"/>
          <line num="110" count="0" type="stmt"/>
          <line num="112" count="0" type="cond" truecount="0" falsecount="2"/>
          <line num="113" count="0" type="stmt"/>
          <line num="123" count="0" type="stmt"/>
          <line num="132" count="43" type="stmt"/>
          <line num="135" count="0" type="stmt"/>
          <line num="136" count="0" type="stmt"/>
          <line num="137" count="0" type="stmt"/>
          <line num="140" count="43" type="stmt"/>
          <line num="141" count="0" type="stmt"/>
          <line num="144" count="43" type="stmt"/>
          <line num="152" count="0" type="stmt"/>
          <line num="153" count="0" type="stmt"/>
          <line num="158" count="0" type="stmt"/>
          <line num="159" count="0" type="stmt"/>
          <line num="183" count="0" type="cond" truecount="0" falsecount="2"/>
          <line num="184" count="0" type="stmt"/>
          <line num="185" count="0" type="stmt"/>
          <line num="186" count="0" type="stmt"/>
          <line num="187" count="0" type="stmt"/>
          <line num="189" count="0" type="stmt"/>
          <line num="191" count="0" type="cond" truecount="0" falsecount="2"/>
          <line num="192" count="0" type="stmt"/>
          <line num="194" count="0" type="stmt"/>
        </file>
        <file name="zlib.ts" path="/home/travis/build/wasdk/WebAssemblyStudio/src/utils/zlib.ts">
          <metrics statements="6" coveredstatements="6" conditionals="4" coveredconditionals="4" methods="3" coveredmethods="3"/>
          <line num="22" count="38" type="stmt"/>
          <line num="23" count="5" type="stmt"/>
          <line num="24" count="5" type="cond" truecount="4" falsecount="0"/>
          <line num="27" count="38" type="stmt"/>
          <line num="28" count="1" type="stmt"/>
          <line num="29" count="1" type="stmt"/>
        </file>
      </package>
    </metrics>
  </project>
</coverage>
