{"/home/travis/build/wasdk/WebAssemblyStudio/src/arc.ts": {"path":"/home/travis/build/wasdk/WebAssemblyStudio/src/arc.ts","statementMap":{"0":{"start":{"line":37,"column":2},"end":{"line":40,"column":10}},"1":{"start":{"line":36,"column":0},"end":{"line":41,"column":1}},"2":{"start":{"line":45,"column":4},"end":{"line":48,"column":12}},"3":{"start":{"line":43,"column":0},"end":{"line":50,"column":1}}},"fnMap":{"0":{"name":"notifyAboutFork","decl":{"start":{"line":36,"column":16},"end":{"line":36,"column":31}},"loc":{"start":{"line":36,"column":46},"end":{"line":41,"column":1}}},"1":{"name":"(anonymous_1)","decl":{"start":{"line":44,"column":9},"end":{"line":44,"column":14}},"loc":{"start":{"line":44,"column":49},"end":{"line":49,"column":3}}}},"branchMap":{},"s":{"0":1,"1":44,"2":1,"3":44},"f":{"0":1,"1":1},"b":{}}
,"/home/travis/build/wasdk/WebAssemblyStudio/src/config.ts": {"path":"/home/travis/build/wasdk/WebAssemblyStudio/src/config.ts","statementMap":{"0":{"start":{"line":30,"column":18},"end":{"line":30,"column":33}},"1":{"start":{"line":34,"column":2},"end":{"line":36,"column":3}},"2":{"start":{"line":35,"column":4},"end":{"line":35,"column":62}},"3":{"start":{"line":35,"column":49},"end":{"line":35,"column":60}},"4":{"start":{"line":38,"column":2},"end":{"line":38,"column":16}},"5":{"start":{"line":33,"column":0},"end":{"line":39,"column":1}}},"fnMap":{"0":{"name":"getConfig","decl":{"start":{"line":33,"column":30},"end":{"line":33,"column":39}},"loc":{"start":{"line":33,"column":39},"end":{"line":39,"column":1}}},"1":{"name":"(anonymous_8)","decl":{"start":{"line":35,"column":41},"end":{"line":35,"column":44}},"loc":{"start":{"line":35,"column":49},"end":{"line":35,"column":60}}}},"branchMap":{"0":{"loc":{"start":{"line":34,"column":2},"end":{"line":36,"column":3}},"type":"if","locations":[{"start":{"line":34,"column":2},"end":{"line":36,"column":3}},{"start":{"line":34,"column":2},"end":{"line":36,"column":3}}]}},"s":{"0":38,"1":2,"2":1,"3":1,"4":2,"5":38},"f":{"0":2,"1":1},"b":{"0":[1,1]}}
,"/home/travis/build/wasdk/WebAssemblyStudio/src/dispatcher.ts": {"path":"/home/travis/build/wasdk/WebAssemblyStudio/src/dispatcher.ts","statementMap":{"0":{"start":{"line":22,"column":0},"end":{"line":22,"column":33}},"1":{"start":{"line":24,"column":0},"end":{"line":24,"column":32}}},"fnMap":{},"branchMap":{},"s":{"0":19,"1":19},"f":{},"b":{}}
,"/home/travis/build/wasdk/WebAssemblyStudio/src/errors.ts": {"path":"/home/travis/build/wasdk/WebAssemblyStudio/src/errors.ts","statementMap":{"0":{"start":{"line":22,"column":13},"end":{"line":24,"column":2}}},"fnMap":{},"branchMap":{},"s":{"0":18},"f":{},"b":{}}
,"/home/travis/build/wasdk/WebAssemblyStudio/src/gulpy.ts": {"path":"/home/travis/build/wasdk/WebAssemblyStudio/src/gulpy.ts","statementMap":{"0":{"start":{"line":29,"column":4},"end":{"line":29,"column":37}},"1":{"start":{"line":30,"column":4},"end":{"line":30,"column":37}},"2":{"start":{"line":38,"column":4},"end":{"line":38,"column":21}},"3":{"start":{"line":39,"column":4},"end":{"line":39,"column":24}},"4":{"start":{"line":42,"column":4},"end":{"line":44,"column":5}},"5":{"start":{"line":43,"column":6},"end":{"line":43,"column":26}},"6":{"start":{"line":45,"column":4},"end":{"line":45,"column":51}},"7":{"start":{"line":51,"column":10},"end":{"line":51,"column":53}},"8":{"start":{"line":53,"column":4},"end":{"line":53,"column":23}},"9":{"start":{"line":56,"column":19},"end":{"line":56,"column":39}},"10":{"start":{"line":57,"column":4},"end":{"line":59,"column":5}},"11":{"start":{"line":58,"column":6},"end":{"line":58,"column":22}},"12":{"start":{"line":60,"column":4},"end":{"line":60,"column":38}},"13":{"start":{"line":61,"column":4},"end":{"line":61,"column":35}},"14":{"start":{"line":62,"column":4},"end":{"line":62,"column":20}},"15":{"start":{"line":65,"column":25},"end":{"line":65,"column":84}},"16":{"start":{"line":65,"column":61},"end":{"line":65,"column":83}},"17":{"start":{"line":66,"column":4},"end":{"line":66,"column":66}},"18":{"start":{"line":66,"column":44},"end":{"line":66,"column":63}},"19":{"start":{"line":67,"column":4},"end":{"line":67,"column":34}},"20":{"start":{"line":70,"column":4},"end":{"line":70,"column":55}},"21":{"start":{"line":74,"column":10},"end":{"line":74,"column":47}},"22":{"start":{"line":80,"column":34},"end":{"line":80,"column":36}},"23":{"start":{"line":81,"column":27},"end":{"line":81,"column":31}},"24":{"start":{"line":82,"column":4},"end":{"line":92,"column":5}},"25":{"start":{"line":83,"column":6},"end":{"line":83,"column":35}},"26":{"start":{"line":84,"column":6},"end":{"line":84,"column":13}},"27":{"start":{"line":85,"column":11},"end":{"line":92,"column":5}},"28":{"start":{"line":86,"column":6},"end":{"line":91,"column":7}},"29":{"start":{"line":87,"column":8},"end":{"line":87,"column":37}},"30":{"start":{"line":88,"column":8},"end":{"line":88,"column":49}},"31":{"start":{"line":90,"column":8},"end":{"line":90,"column":31}},"32":{"start":{"line":93,"column":4},"end":{"line":93,"column":74}},"33":{"start":{"line":93,"column":54},"end":{"line":93,"column":67}},"34":{"start":{"line":96,"column":4},"end":{"line":96,"column":16}},"35":{"start":{"line":99,"column":4},"end":{"line":99,"column":16}},"36":{"start":{"line":102,"column":4},"end":{"line":102,"column":30}},"37":{"start":{"line":105,"column":20},"end":{"line":105,"column":42}},"38":{"start":{"line":106,"column":4},"end":{"line":106,"column":40}},"39":{"start":{"line":73,"column":0},"end":{"line":108,"column":1}}},"fnMap":{"0":{"name":"(anonymous_6)","decl":{"start":{"line":28,"column":2},"end":{"line":28,"column":13}},"loc":{"start":{"line":28,"column":63},"end":{"line":31,"column":3}}},"1":{"name":"(anonymous_7)","decl":{"start":{"line":37,"column":2},"end":{"line":37,"column":13}},"loc":{"start":{"line":37,"column":24},"end":{"line":40,"column":3}}},"2":{"name":"(anonymous_8)","decl":{"start":{"line":41,"column":2},"end":{"line":41,"column":12}},"loc":{"start":{"line":41,"column":13},"end":{"line":46,"column":3}}},"3":{"name":"(anonymous_9)","decl":{"start":{"line":52,"column":2},"end":{"line":52,"column":13}},"loc":{"start":{"line":52,"column":26},"end":{"line":54,"column":3}}},"4":{"name":"(anonymous_10)","decl":{"start":{"line":55,"column":2},"end":{"line":55,"column":15}},"loc":{"start":{"line":55,"column":27},"end":{"line":63,"column":3}}},"5":{"name":"(anonymous_11)","decl":{"start":{"line":64,"column":8},"end":{"line":64,"column":18}},"loc":{"start":{"line":64,"column":42},"end":{"line":68,"column":3}}},"6":{"name":"(anonymous_13)","decl":{"start":{"line":65,"column":56},"end":{"line":65,"column":57}},"loc":{"start":{"line":65,"column":61},"end":{"line":65,"column":83}}},"7":{"name":"(anonymous_14)","decl":{"start":{"line":66,"column":39},"end":{"line":66,"column":40}},"loc":{"start":{"line":66,"column":44},"end":{"line":66,"column":63}}},"8":{"name":"(anonymous_15)","decl":{"start":{"line":69,"column":8},"end":{"line":69,"column":10}},"loc":{"start":{"line":69,"column":22},"end":{"line":71,"column":3}}},"9":{"name":"(anonymous_17)","decl":{"start":{"line":73,"column":0},"end":{"line":null,"column":-1}},"loc":{"start":{"line":73,"column":0},"end":{"line":108,"column":1}}},"10":{"name":"(anonymous_18)","decl":{"start":{"line":79,"column":2},"end":{"line":79,"column":5}},"loc":{"start":{"line":79,"column":66},"end":{"line":94,"column":3}}},"11":{"name":"(anonymous_19)","decl":{"start":{"line":88,"column":19},"end":{"line":88,"column":21}},"loc":{"start":{"line":88,"column":24},"end":{"line":88,"column":31}}},"12":{"name":"(anonymous_20)","decl":{"start":{"line":93,"column":49},"end":{"line":93,"column":50}},"loc":{"start":{"line":93,"column":54},"end":{"line":93,"column":67}}},"13":{"name":"(anonymous_21)","decl":{"start":{"line":95,"column":2},"end":{"line":95,"column":7}},"loc":{"start":{"line":95,"column":24},"end":{"line":97,"column":3}}},"14":{"name":"(anonymous_22)","decl":{"start":{"line":98,"column":2},"end":{"line":98,"column":9}},"loc":{"start":{"line":98,"column":26},"end":{"line":100,"column":3}}},"15":{"name":"(anonymous_23)","decl":{"start":{"line":101,"column":2},"end":{"line":101,"column":8}},"loc":{"start":{"line":101,"column":22},"end":{"line":103,"column":3}}},"16":{"name":"(anonymous_24)","decl":{"start":{"line":104,"column":8},"end":{"line":104,"column":10}},"loc":{"start":{"line":104,"column":24},"end":{"line":107,"column":3}}}},"branchMap":{"0":{"loc":{"start":{"line":42,"column":4},"end":{"line":44,"column":5}},"type":"if","locations":[{"start":{"line":42,"column":4},"end":{"line":44,"column":5}},{"start":{"line":42,"column":4},"end":{"line":44,"column":5}}]},"1":{"loc":{"start":{"line":57,"column":4},"end":{"line":59,"column":5}},"type":"if","locations":[{"start":{"line":57,"column":4},"end":{"line":59,"column":5}},{"start":{"line":57,"column":4},"end":{"line":59,"column":5}}]},"2":{"loc":{"start":{"line":82,"column":4},"end":{"line":92,"column":5}},"type":"if","locations":[{"start":{"line":82,"column":4},"end":{"line":92,"column":5}},{"start":{"line":82,"column":4},"end":{"line":92,"column":5}}]},"3":{"loc":{"start":{"line":85,"column":11},"end":{"line":92,"column":5}},"type":"if","locations":[{"start":{"line":85,"column":11},"end":{"line":92,"column":5}},{"start":{"line":85,"column":11},"end":{"line":92,"column":5}}]},"4":{"loc":{"start":{"line":86,"column":6},"end":{"line":91,"column":7}},"type":"if","locations":[{"start":{"line":86,"column":6},"end":{"line":91,"column":7}},{"start":{"line":86,"column":6},"end":{"line":91,"column":7}}]},"5":{"loc":{"start":{"line":88,"column":13},"end":{"line":88,"column":14}},"type":"binary-expr","locations":[{"start":{"line":88,"column":13},"end":{"line":88,"column":14}},{"start":{"line":88,"column":19},"end":{"line":88,"column":31}}]}},"s":{"0":3,"1":3,"2":3,"3":3,"4":3,"5":0,"6":3,"7":1,"8":1,"9":3,"10":3,"11":0,"12":3,"13":3,"14":3,"15":3,"16":2,"17":3,"18":2,"19":3,"20":1,"21":1,"22":3,"23":3,"24":3,"25":2,"26":2,"27":1,"28":1,"29":0,"30":0,"31":1,"32":3,"33":2,"34":0,"35":0,"36":0,"37":1,"38":1,"39":44},"f":{"0":3,"1":3,"2":3,"3":1,"4":3,"5":3,"6":2,"7":2,"8":1,"9":1,"10":3,"11":0,"12":2,"13":0,"14":0,"15":0,"16":1},"b":{"0":[0,3],"1":[0,3],"2":[2,1],"3":[1,0],"4":[0,1],"5":[0,0]}}
,"/home/travis/build/wasdk/WebAssemblyStudio/src/index.tsx": {"path":"/home/travis/build/wasdk/WebAssemblyStudio/src/index.tsx","statementMap":{"0":{"start":{"line":22,"column":0},"end":{"line":22,"column":30}},"1":{"start":{"line":23,"column":0},"end":{"line":23,"column":37}},"2":{"start":{"line":30,"column":0},"end":{"line":30,"column":70}},"3":{"start":{"line":32,"column":0},"end":{"line":32,"column":31}},"4":{"start":{"line":33,"column":0},"end":{"line":33,"column":44}},"5":{"start":{"line":34,"column":0},"end":{"line":34,"column":70}},"6":{"start":{"line":35,"column":0},"end":{"line":35,"column":57}},"7":{"start":{"line":36,"column":0},"end":{"line":36,"column":49}},"8":{"start":{"line":37,"column":0},"end":{"line":37,"column":39}},"9":{"start":{"line":38,"column":0},"end":{"line":38,"column":58}},"10":{"start":{"line":44,"column":12},"end":{"line":44,"column":47}},"11":{"start":{"line":45,"column":2},"end":{"line":45,"column":31}},"12":{"start":{"line":46,"column":2},"end":{"line":53,"column":5}},"13":{"start":{"line":47,"column":14},"end":{"line":47,"column":26}},"14":{"start":{"line":48,"column":4},"end":{"line":52,"column":5}},"15":{"start":{"line":49,"column":6},"end":{"line":49,"column":47}},"16":{"start":{"line":51,"column":6},"end":{"line":51,"column":27}},"17":{"start":{"line":43,"column":0},"end":{"line":54,"column":1}},"18":{"start":{"line":57,"column":22},"end":{"line":57,"column":24}},"19":{"start":{"line":58,"column":2},"end":{"line":60,"column":5}},"20":{"start":{"line":59,"column":4},"end":{"line":59,"column":24}},"21":{"start":{"line":61,"column":2},"end":{"line":61,"column":16}},"22":{"start":{"line":56,"column":0},"end":{"line":62,"column":1}},"23":{"start":{"line":64,"column":13},"end":{"line":66,"column":2}},"24":{"start":{"line":69,"column":2},"end":{"line":72,"column":3}},"25":{"start":{"line":70,"column":4},"end":{"line":70,"column":73}},"26":{"start":{"line":71,"column":4},"end":{"line":71,"column":11}},"27":{"start":{"line":73,"column":2},"end":{"line":73,"column":47}},"28":{"start":{"line":68,"column":0},"end":{"line":74,"column":1}},"29":{"start":{"line":77,"column":20},"end":{"line":77,"column":43}},"30":{"start":{"line":79,"column":2},"end":{"line":90,"column":3}},"31":{"start":{"line":81,"column":6},"end":{"line":81,"column":35}},"32":{"start":{"line":82,"column":6},"end":{"line":82,"column":12}},"33":{"start":{"line":84,"column":6},"end":{"line":84,"column":31}},"34":{"start":{"line":85,"column":6},"end":{"line":85,"column":12}},"35":{"start":{"line":87,"column":20},"end":{"line":87,"column":93}},"36":{"start":{"line":88,"column":6},"end":{"line":88,"column":64}},"37":{"start":{"line":89,"column":6},"end":{"line":89,"column":12}},"38":{"start":{"line":91,"column":24},"end":{"line":91,"column":85}},"39":{"start":{"line":92,"column":2},"end":{"line":95,"column":4}},"40":{"start":{"line":76,"column":0},"end":{"line":96,"column":1}},"41":{"start":{"line":99,"column":2},"end":{"line":99,"column":16}},"42":{"start":{"line":100,"column":2},"end":{"line":100,"column":51}},"43":{"start":{"line":101,"column":2},"end":{"line":101,"column":68}},"44":{"start":{"line":102,"column":21},"end":{"line":102,"column":39}},"45":{"start":{"line":103,"column":17},"end":{"line":103,"column":92}},"46":{"start":{"line":104,"column":17},"end":{"line":104,"column":56}},"47":{"start":{"line":105,"column":26},"end":{"line":105,"column":56}},"48":{"start":{"line":106,"column":2},"end":{"line":128,"column":3}},"49":{"start":{"line":107,"column":4},"end":{"line":107,"column":35}},"50":{"start":{"line":108,"column":4},"end":{"line":108,"column":26}},"51":{"start":{"line":109,"column":4},"end":{"line":121,"column":5}},"52":{"start":{"line":110,"column":6},"end":{"line":113,"column":8}},"53":{"start":{"line":115,"column":6},"end":{"line":120,"column":8}},"54":{"start":{"line":122,"column":4},"end":{"line":124,"column":5}},"55":{"start":{"line":123,"column":6},"end":{"line":123,"column":79}},"56":{"start":{"line":123,"column":6},"end":{"line":123,"column":77}},"57":{"start":{"line":125,"column":4},"end":{"line":125,"column":30}},"58":{"start":{"line":127,"column":4},"end":{"line":127,"column":31}},"59":{"start":{"line":98,"column":0},"end":{"line":129,"column":1}},"60":{"start":{"line":131,"column":0},"end":{"line":131,"column":7}}},"fnMap":{"0":{"name":"forEachUrlParameter","decl":{"start":{"line":43,"column":16},"end":{"line":43,"column":35}},"loc":{"start":{"line":43,"column":79},"end":{"line":54,"column":1}}},"1":{"name":"(anonymous_7)","decl":{"start":{"line":46,"column":25},"end":{"line":46,"column":33}},"loc":{"start":{"line":46,"column":40},"end":{"line":53,"column":3}}},"2":{"name":"getUrlParameters","decl":{"start":{"line":56,"column":16},"end":{"line":56,"column":32}},"loc":{"start":{"line":56,"column":32},"end":{"line":62,"column":1}}},"3":{"name":"(anonymous_9)","decl":{"start":{"line":58,"column":22},"end":{"line":58,"column":23}},"loc":{"start":{"line":58,"column":37},"end":{"line":60,"column":3}}},"4":{"name":"unloadPageHandler","decl":{"start":{"line":68,"column":16},"end":{"line":68,"column":33}},"loc":{"start":{"line":68,"column":58},"end":{"line":74,"column":1}}},"5":{"name":"getEmbeddingParams","decl":{"start":{"line":76,"column":16},"end":{"line":76,"column":34}},"loc":{"start":{"line":76,"column":50},"end":{"line":96,"column":1}}},"6":{"name":"init","decl":{"start":{"line":98,"column":22},"end":{"line":98,"column":26}},"loc":{"start":{"line":98,"column":53},"end":{"line":129,"column":1}}},"7":{"name":"(anonymous_14)","decl":{"start":{"line":123,"column":6},"end":{"line":123,"column":18}},"loc":{"start":{"line":123,"column":6},"end":{"line":123,"column":77}}}},"branchMap":{"0":{"loc":{"start":{"line":48,"column":4},"end":{"line":52,"column":5}},"type":"if","locations":[{"start":{"line":48,"column":4},"end":{"line":52,"column":5}},{"start":{"line":48,"column":4},"end":{"line":52,"column":5}}]},"1":{"loc":{"start":{"line":69,"column":2},"end":{"line":72,"column":3}},"type":"if","locations":[{"start":{"line":69,"column":2},"end":{"line":72,"column":3}},{"start":{"line":69,"column":2},"end":{"line":72,"column":3}}]},"2":{"loc":{"start":{"line":80,"column":4},"end":{"line":82,"column":12}},"type":"switch","locations":[{"start":{"line":80,"column":4},"end":{"line":82,"column":12}},{"start":{"line":83,"column":4},"end":{"line":85,"column":12}},{"start":{"line":86,"column":4},"end":{"line":89,"column":12}}]},"3":{"loc":{"start":{"line":87,"column":51},"end":{"line":87,"column":55}},"type":"cond-expr","locations":[{"start":{"line":87,"column":51},"end":{"line":87,"column":55}},{"start":{"line":87,"column":58},"end":{"line":87,"column":93}}]},"4":{"loc":{"start":{"line":88,"column":21},"end":{"line":88,"column":42}},"type":"cond-expr","locations":[{"start":{"line":88,"column":21},"end":{"line":88,"column":42}},{"start":{"line":88,"column":45},"end":{"line":88,"column":63}}]},"5":{"loc":{"start":{"line":91,"column":68},"end":{"line":91,"column":73}},"type":"cond-expr","locations":[{"start":{"line":91,"column":68},"end":{"line":91,"column":73}},{"start":{"line":91,"column":76},"end":{"line":91,"column":85}}]},"6":{"loc":{"start":{"line":98,"column":41},"end":{"line":98,"column":53}},"type":"default-arg","locations":[{"start":{"line":98,"column":41},"end":{"line":98,"column":53}}]},"7":{"loc":{"start":{"line":103,"column":49},"end":{"line":103,"column":53}},"type":"cond-expr","locations":[{"start":{"line":103,"column":49},"end":{"line":103,"column":53}},{"start":{"line":103,"column":56},"end":{"line":103,"column":92}}]},"8":{"loc":{"start":{"line":104,"column":17},"end":{"line":104,"column":37}},"type":"binary-expr","locations":[{"start":{"line":104,"column":17},"end":{"line":104,"column":37}},{"start":{"line":104,"column":41},"end":{"line":104,"column":56}}]},"9":{"loc":{"start":{"line":109,"column":4},"end":{"line":121,"column":5}},"type":"if","locations":[{"start":{"line":109,"column":4},"end":{"line":121,"column":5}},{"start":{"line":109,"column":4},"end":{"line":121,"column":5}}]},"10":{"loc":{"start":{"line":122,"column":4},"end":{"line":124,"column":5}},"type":"if","locations":[{"start":{"line":122,"column":4},"end":{"line":124,"column":5}},{"start":{"line":122,"column":4},"end":{"line":124,"column":5}}]}},"s":{"0":1,"1":1,"2":1,"3":1,"4":1,"5":1,"6":1,"7":1,"8":1,"9":1,"10":13,"11":13,"12":13,"13":15,"14":15,"15":11,"16":4,"17":1,"18":11,"19":11,"20":11,"21":11,"22":1,"23":1,"24":2,"25":1,"26":1,"27":1,"28":1,"29":15,"30":15,"31":1,"32":1,"33":4,"34":4,"35":10,"36":10,"37":10,"38":15,"39":15,"40":1,"41":10,"42":10,"43":10,"44":10,"45":10,"46":10,"47":10,"48":10,"49":10,"50":9,"51":9,"52":1,"53":8,"54":9,"55":1,"56":1,"57":8,"58":2,"59":1,"60":1},"f":{"0":13,"1":15,"2":11,"3":11,"4":2,"5":15,"6":10,"7":1},"b":{"0":[11,4],"1":[1,1],"2":[1,4,10],"3":[1,9],"4":[2,8],"5":[4,11],"6":[1],"7":[1,9],"8":[10,9],"9":[1,8],"10":[1,8]}}
,"/home/travis/build/wasdk/WebAssemblyStudio/src/message.ts": {"path":"/home/travis/build/wasdk/WebAssemblyStudio/src/message.ts","statementMap":{"0":{"start":{"line":22,"column":0},"end":{"line":32,"column":1}},"1":{"start":{"line":23,"column":2},"end":{"line":23,"column":26}},"2":{"start":{"line":24,"column":2},"end":{"line":24,"column":26}},"3":{"start":{"line":25,"column":2},"end":{"line":25,"column":33}},"4":{"start":{"line":26,"column":2},"end":{"line":26,"column":30}},"5":{"start":{"line":27,"column":2},"end":{"line":27,"column":29}},"6":{"start":{"line":28,"column":2},"end":{"line":28,"column":25}},"7":{"start":{"line":29,"column":2},"end":{"line":29,"column":25}},"8":{"start":{"line":30,"column":2},"end":{"line":30,"column":21}},"9":{"start":{"line":31,"column":2},"end":{"line":31,"column":12}}},"fnMap":{"0":{"name":"(anonymous_0)","decl":{"start":{"line":22,"column":0},"end":{"line":22,"column":11}},"loc":{"start":{"line":22,"column":25},"end":{"line":32,"column":1}}}},"branchMap":{"0":{"loc":{"start":{"line":22,"column":12},"end":{"line":22,"column":25}},"type":"binary-expr","locations":[{"start":{"line":22,"column":12},"end":{"line":22,"column":25}},{"start":{"line":22,"column":12},"end":{"line":22,"column":25}}]}},"s":{"0":41,"1":41,"2":41,"3":41,"4":41,"5":41,"6":41,"7":41,"8":41,"9":41},"f":{"0":41},"b":{"0":[41,41]}}
,"/home/travis/build/wasdk/WebAssemblyStudio/src/monaco-controller.ts": {"path":"/home/travis/build/wasdk/WebAssemblyStudio/src/monaco-controller.ts","statementMap":{"0":{"start":{"line":22,"column":0},"end":{"line":22,"column":44}},"1":{"start":{"line":26,"column":2},"end":{"line":57,"column":4}},"2":{"start":{"line":28,"column":6},"end":{"line":28,"column":26}},"3":{"start":{"line":29,"column":27},"end":{"line":29,"column":44}},"4":{"start":{"line":30,"column":21},"end":{"line":30,"column":89}},"5":{"start":{"line":31,"column":22},"end":{"line":31,"column":63}},"6":{"start":{"line":32,"column":6},"end":{"line":34,"column":7}},"7":{"start":{"line":33,"column":8},"end":{"line":33,"column":21}},"8":{"start":{"line":35,"column":6},"end":{"line":44,"column":9}},"9":{"start":{"line":36,"column":25},"end":{"line":36,"column":31}},"10":{"start":{"line":37,"column":26},"end":{"line":37,"column":58}},"11":{"start":{"line":38,"column":45},"end":{"line":38,"column":49}},"12":{"start":{"line":40,"column":10},"end":{"line":42,"column":11}},"13":{"start":{"line":41,"column":12},"end":{"line":41,"column":28}},"14":{"start":{"line":45,"column":6},"end":{"line":45,"column":45}},"15":{"start":{"line":46,"column":6},"end":{"line":48,"column":7}},"16":{"start":{"line":47,"column":8},"end":{"line":47,"column":38}},"17":{"start":{"line":49,"column":6},"end":{"line":49,"column":18}},"18":{"start":{"line":53,"column":32},"end":{"line":53,"column":93}},"19":{"start":{"line":54,"column":28},"end":{"line":54,"column":30}},"20":{"start":{"line":55,"column":6},"end":{"line":55,"column":100}},"21":{"start":{"line":25,"column":0},"end":{"line":58,"column":1}},"22":{"start":{"line":61,"column":21},"end":{"line":61,"column":75}},"23":{"start":{"line":62,"column":2},"end":{"line":62,"column":26}},"24":{"start":{"line":60,"column":0},"end":{"line":63,"column":1}}},"fnMap":{"0":{"name":"getController","decl":{"start":{"line":25,"column":16},"end":{"line":25,"column":29}},"loc":{"start":{"line":25,"column":95},"end":{"line":58,"column":1}}},"1":{"name":"(anonymous_1)","decl":{"start":{"line":27,"column":4},"end":{"line":27,"column":16}},"loc":{"start":{"line":27,"column":66},"end":{"line":50,"column":5}}},"2":{"name":"(anonymous_2)","decl":{"start":{"line":36,"column":19},"end":{"line":36,"column":21}},"loc":{"start":{"line":36,"column":25},"end":{"line":36,"column":31}}},"3":{"name":"(anonymous_3)","decl":{"start":{"line":37,"column":20},"end":{"line":37,"column":22}},"loc":{"start":{"line":37,"column":26},"end":{"line":37,"column":58}}},"4":{"name":"(anonymous_4)","decl":{"start":{"line":38,"column":23},"end":{"line":38,"column":24}},"loc":{"start":{"line":38,"column":45},"end":{"line":38,"column":49}}},"5":{"name":"(anonymous_5)","decl":{"start":{"line":39,"column":16},"end":{"line":39,"column":17}},"loc":{"start":{"line":39,"column":43},"end":{"line":43,"column":9}}},"6":{"name":"(anonymous_6)","decl":{"start":{"line":51,"column":4},"end":{"line":51,"column":20}},"loc":{"start":{"line":51,"column":45},"end":{"line":56,"column":5}}},"7":{"name":"createController","decl":{"start":{"line":60,"column":16},"end":{"line":60,"column":32}},"loc":{"start":{"line":60,"column":98},"end":{"line":63,"column":1}}}},"branchMap":{"0":{"loc":{"start":{"line":31,"column":22},"end":{"line":31,"column":34}},"type":"binary-expr","locations":[{"start":{"line":31,"column":22},"end":{"line":31,"column":34}},{"start":{"line":31,"column":38},"end":{"line":31,"column":63}}]},"1":{"loc":{"start":{"line":32,"column":6},"end":{"line":34,"column":7}},"type":"if","locations":[{"start":{"line":32,"column":6},"end":{"line":34,"column":7}},{"start":{"line":32,"column":6},"end":{"line":34,"column":7}}]},"2":{"loc":{"start":{"line":32,"column":10},"end":{"line":32,"column":18}},"type":"binary-expr","locations":[{"start":{"line":32,"column":10},"end":{"line":32,"column":18}},{"start":{"line":32,"column":22},"end":{"line":32,"column":37}}]},"3":{"loc":{"start":{"line":37,"column":44},"end":{"line":37,"column":51}},"type":"binary-expr","locations":[{"start":{"line":37,"column":44},"end":{"line":37,"column":51}},{"start":{"line":37,"column":55},"end":{"line":37,"column":57}}]},"4":{"loc":{"start":{"line":40,"column":10},"end":{"line":42,"column":11}},"type":"if","locations":[{"start":{"line":40,"column":10},"end":{"line":42,"column":11}},{"start":{"line":40,"column":10},"end":{"line":42,"column":11}}]},"5":{"loc":{"start":{"line":46,"column":6},"end":{"line":48,"column":7}},"type":"if","locations":[{"start":{"line":46,"column":6},"end":{"line":48,"column":7}},{"start":{"line":46,"column":6},"end":{"line":48,"column":7}}]}},"s":{"0":8,"1":68,"2":10,"3":10,"4":10,"5":10,"6":10,"7":2,"8":8,"9":1,"10":1,"11":1,"12":2,"13":1,"14":8,"15":8,"16":2,"17":8,"18":2,"19":2,"20":2,"21":8,"22":68,"23":68,"24":8},"f":{"0":68,"1":10,"2":1,"3":1,"4":1,"5":2,"6":2,"7":68},"b":{"0":[10,10],"1":[2,8],"2":[10,9],"3":[1,0],"4":[1,1],"5":[2,6]}}
,"/home/travis/build/wasdk/WebAssemblyStudio/src/monaco-dnd.ts": {"path":"/home/travis/build/wasdk/WebAssemblyStudio/src/monaco-dnd.ts","statementMap":{"0":{"start":{"line":22,"column":0},"end":{"line":29,"column":23}},"1":{"start":{"line":30,"column":0},"end":{"line":30,"column":42}},"2":{"start":{"line":31,"column":0},"end":{"line":31,"column":75}},"3":{"start":{"line":37,"column":4},"end":{"line":37,"column":25}},"4":{"start":{"line":45,"column":4},"end":{"line":45,"column":23}},"5":{"start":{"line":52,"column":4},"end":{"line":52,"column":28}},"6":{"start":{"line":59,"column":4},"end":{"line":59,"column":11}},"7":{"start":{"line":68,"column":4},"end":{"line":80,"column":5}},"8":{"start":{"line":69,"column":20},"end":{"line":69,"column":77}},"9":{"start":{"line":72,"column":34},"end":{"line":72,"column":83}},"10":{"start":{"line":72,"column":53},"end":{"line":72,"column":82}},"11":{"start":{"line":73,"column":6},"end":{"line":79,"column":7}},"12":{"start":{"line":74,"column":8},"end":{"line":78,"column":10}},"13":{"start":{"line":75,"column":38},"end":{"line":75,"column":75}},"14":{"start":{"line":82,"column":23},"end":{"line":82,"column":39}},"15":{"start":{"line":83,"column":4},"end":{"line":89,"column":6}},"16":{"start":{"line":96,"column":18},"end":{"line":96,"column":63}},"17":{"start":{"line":97,"column":4},"end":{"line":100,"column":5}},"18":{"start":{"line":98,"column":6},"end":{"line":98,"column":70}},"19":{"start":{"line":99,"column":6},"end":{"line":99,"column":13}},"20":{"start":{"line":101,"column":23},"end":{"line":101,"column":39}},"21":{"start":{"line":102,"column":4},"end":{"line":102,"column":106}},"22":{"start":{"line":33,"column":0},"end":{"line":104,"column":1}}},"fnMap":{"0":{"name":"(anonymous_6)","decl":{"start":{"line":36,"column":2},"end":{"line":36,"column":13}},"loc":{"start":{"line":36,"column":25},"end":{"line":38,"column":3}}},"1":{"name":"(anonymous_7)","decl":{"start":{"line":44,"column":2},"end":{"line":44,"column":11}},"loc":{"start":{"line":44,"column":39},"end":{"line":46,"column":3}}},"2":{"name":"(anonymous_8)","decl":{"start":{"line":51,"column":2},"end":{"line":51,"column":13}},"loc":{"start":{"line":51,"column":45},"end":{"line":53,"column":3}}},"3":{"name":"(anonymous_9)","decl":{"start":{"line":58,"column":2},"end":{"line":58,"column":12}},"loc":{"start":{"line":58,"column":80},"end":{"line":60,"column":3}}},"4":{"name":"(anonymous_10)","decl":{"start":{"line":66,"column":2},"end":{"line":66,"column":11}},"loc":{"start":{"line":66,"column":100},"end":{"line":90,"column":3}}},"5":{"name":"(anonymous_11)","decl":{"start":{"line":72,"column":45},"end":{"line":72,"column":48}},"loc":{"start":{"line":72,"column":53},"end":{"line":72,"column":82}}},"6":{"name":"(anonymous_12)","decl":{"start":{"line":75,"column":30},"end":{"line":75,"column":33}},"loc":{"start":{"line":75,"column":38},"end":{"line":75,"column":75}}},"7":{"name":"(anonymous_13)","decl":{"start":{"line":95,"column":8},"end":{"line":95,"column":11}},"loc":{"start":{"line":95,"column":100},"end":{"line":103,"column":3}}}},"branchMap":{"0":{"loc":{"start":{"line":68,"column":4},"end":{"line":80,"column":5}},"type":"if","locations":[{"start":{"line":68,"column":4},"end":{"line":80,"column":5}},{"start":{"line":68,"column":4},"end":{"line":80,"column":5}}]},"1":{"loc":{"start":{"line":73,"column":6},"end":{"line":79,"column":7}},"type":"if","locations":[{"start":{"line":73,"column":6},"end":{"line":79,"column":7}},{"start":{"line":73,"column":6},"end":{"line":79,"column":7}}]},"2":{"loc":{"start":{"line":73,"column":10},"end":{"line":73,"column":22}},"type":"binary-expr","locations":[{"start":{"line":73,"column":10},"end":{"line":73,"column":22}},{"start":{"line":73,"column":26},"end":{"line":73,"column":46}}]},"3":{"loc":{"start":{"line":84,"column":14},"end":{"line":84,"column":48}},"type":"binary-expr","locations":[{"start":{"line":84,"column":14},"end":{"line":84,"column":48}},{"start":{"line":85,"column":14},"end":{"line":85,"column":36}},{"start":{"line":86,"column":14},"end":{"line":86,"column":49}}]},"4":{"loc":{"start":{"line":97,"column":4},"end":{"line":100,"column":5}},"type":"if","locations":[{"start":{"line":97,"column":4},"end":{"line":100,"column":5}},{"start":{"line":97,"column":4},"end":{"line":100,"column":5}}]},"5":{"loc":{"start":{"line":97,"column":8},"end":{"line":97,"column":31}},"type":"binary-expr","locations":[{"start":{"line":97,"column":8},"end":{"line":97,"column":31}},{"start":{"line":97,"column":35},"end":{"line":97,"column":47}}]},"6":{"loc":{"start":{"line":102,"column":11},"end":{"line":102,"column":39}},"type":"binary-expr","locations":[{"start":{"line":102,"column":11},"end":{"line":102,"column":39}},{"start":{"line":102,"column":43},"end":{"line":102,"column":105}}]}},"s":{"0":6,"1":6,"2":6,"3":58,"4":1,"5":1,"6":1,"7":7,"8":2,"9":2,"10":2,"11":2,"12":2,"13":2,"14":5,"15":5,"16":2,"17":2,"18":1,"19":1,"20":1,"21":1,"22":6},"f":{"0":58,"1":1,"2":1,"3":1,"4":7,"5":2,"6":2,"7":2},"b":{"0":[2,5],"1":[2,0],"2":[2,2],"3":[5,3,2],"4":[1,1],"5":[2,1],"6":[1,1]}}
,"/home/travis/build/wasdk/WebAssemblyStudio/src/monaco-extra.ts": {"path":"/home/travis/build/wasdk/WebAssemblyStudio/src/monaco-extra.ts","statementMap":{"0":{"start":{"line":476,"column":2},"end":{"line":476,"column":20}},"1":{"start":{"line":477,"column":2},"end":{"line":477,"column":20}},"2":{"start":{"line":478,"column":2},"end":{"line":478,"column":24}},"3":{"start":{"line":490,"column":2},"end":{"line":490,"column":22}},"4":{"start":{"line":469,"column":0},"end":{"line":492,"column":1}},"5":{"start":{"line":499,"column":2},"end":{"line":499,"column":70}},"6":{"start":{"line":500,"column":2},"end":{"line":500,"column":37}},"7":{"start":{"line":504,"column":2},"end":{"line":504,"column":38}},"8":{"start":{"line":508,"column":2},"end":{"line":508,"column":39}},"9":{"start":{"line":494,"column":0},"end":{"line":510,"column":1}},"10":{"start":{"line":517,"column":2},"end":{"line":517,"column":42}},"11":{"start":{"line":518,"column":2},"end":{"line":518,"column":37}},"12":{"start":{"line":522,"column":2},"end":{"line":522,"column":38}},"13":{"start":{"line":526,"column":2},"end":{"line":526,"column":39}},"14":{"start":{"line":512,"column":0},"end":{"line":528,"column":1}},"15":{"start":{"line":568,"column":0},"end":{"line":571,"column":1}},"16":{"start":{"line":569,"column":2},"end":{"line":569,"column":6}},"17":{"start":{"line":570,"column":2},"end":{"line":570,"column":6}},"18":{"start":{"line":573,"column":0},"end":{"line":576,"column":1}},"19":{"start":{"line":574,"column":2},"end":{"line":574,"column":13}},"20":{"start":{"line":575,"column":2},"end":{"line":575,"column":11}},"21":{"start":{"line":585,"column":13},"end":{"line":585,"column":69}},"22":{"start":{"line":586,"column":13},"end":{"line":586,"column":68}},"23":{"start":{"line":587,"column":13},"end":{"line":587,"column":112}},"24":{"start":{"line":588,"column":13},"end":{"line":588,"column":135}},"25":{"start":{"line":588,"column":69},"end":{"line":588,"column":133}},"26":{"start":{"line":589,"column":13},"end":{"line":589,"column":146}},"27":{"start":{"line":590,"column":13},"end":{"line":590,"column":169}},"28":{"start":{"line":590,"column":74},"end":{"line":590,"column":167}}},"fnMap":{"0":{"name":"(anonymous_0)","decl":{"start":{"line":475,"column":2},"end":{"line":475,"column":13}},"loc":{"start":{"line":475,"column":61},"end":{"line":479,"column":3}}},"1":{"name":"(anonymous_1)","decl":{"start":{"line":481,"column":9},"end":{"line":481,"column":22}},"loc":{"start":{"line":481,"column":23},"end":{"line":483,"column":3}}},"2":{"name":"(anonymous_2)","decl":{"start":{"line":485,"column":9},"end":{"line":485,"column":23}},"loc":{"start":{"line":485,"column":24},"end":{"line":487,"column":3}}},"3":{"name":"(anonymous_3)","decl":{"start":{"line":489,"column":2},"end":{"line":489,"column":12}},"loc":{"start":{"line":489,"column":19},"end":{"line":491,"column":3}}},"4":{"name":"(anonymous_4)","decl":{"start":{"line":498,"column":2},"end":{"line":498,"column":13}},"loc":{"start":{"line":498,"column":47},"end":{"line":501,"column":3}}},"5":{"name":"(anonymous_5)","decl":{"start":{"line":503,"column":9},"end":{"line":503,"column":22}},"loc":{"start":{"line":503,"column":23},"end":{"line":505,"column":3}}},"6":{"name":"(anonymous_6)","decl":{"start":{"line":507,"column":9},"end":{"line":507,"column":23}},"loc":{"start":{"line":507,"column":24},"end":{"line":509,"column":3}}},"7":{"name":"(anonymous_7)","decl":{"start":{"line":516,"column":2},"end":{"line":516,"column":13}},"loc":{"start":{"line":516,"column":78},"end":{"line":519,"column":3}}},"8":{"name":"(anonymous_8)","decl":{"start":{"line":521,"column":9},"end":{"line":521,"column":22}},"loc":{"start":{"line":521,"column":23},"end":{"line":523,"column":3}}},"9":{"name":"(anonymous_9)","decl":{"start":{"line":525,"column":9},"end":{"line":525,"column":23}},"loc":{"start":{"line":525,"column":24},"end":{"line":527,"column":3}}},"10":{"name":"(anonymous_10)","decl":{"start":{"line":568,"column":0},"end":{"line":568,"column":11}},"loc":{"start":{"line":568,"column":26},"end":{"line":571,"column":1}}},"11":{"name":"(anonymous_11)","decl":{"start":{"line":573,"column":0},"end":{"line":573,"column":11}},"loc":{"start":{"line":573,"column":26},"end":{"line":576,"column":1}}},"12":{"name":"(anonymous_12)","decl":{"start":{"line":588,"column":44},"end":{"line":588,"column":45}},"loc":{"start":{"line":588,"column":69},"end":{"line":588,"column":133}}},"13":{"name":"(anonymous_13)","decl":{"start":{"line":590,"column":49},"end":{"line":590,"column":50}},"loc":{"start":{"line":590,"column":74},"end":{"line":590,"column":167}}}},"branchMap":{"0":{"loc":{"start":{"line":568,"column":12},"end":{"line":568,"column":26}},"type":"binary-expr","locations":[{"start":{"line":568,"column":12},"end":{"line":568,"column":26}},{"start":{"line":568,"column":12},"end":{"line":568,"column":26}}]},"1":{"loc":{"start":{"line":573,"column":12},"end":{"line":573,"column":26}},"type":"binary-expr","locations":[{"start":{"line":573,"column":12},"end":{"line":573,"column":26}},{"start":{"line":573,"column":12},"end":{"line":573,"column":26}}]},"2":{"loc":{"start":{"line":588,"column":58},"end":{"line":588,"column":63}},"type":"default-arg","locations":[{"start":{"line":588,"column":58},"end":{"line":588,"column":63}}]},"3":{"loc":{"start":{"line":590,"column":63},"end":{"line":590,"column":68}},"type":"default-arg","locations":[{"start":{"line":590,"column":63},"end":{"line":590,"column":68}}]}},"s":{"0":0,"1":0,"2":0,"3":0,"4":6,"5":0,"6":0,"7":0,"8":0,"9":6,"10":0,"11":0,"12":0,"13":0,"14":6,"15":6,"16":6,"17":6,"18":6,"19":6,"20":6,"21":6,"22":6,"23":6,"24":6,"25":0,"26":6,"27":6,"28":0},"f":{"0":0,"1":0,"2":0,"3":0,"4":0,"5":0,"6":0,"7":0,"8":0,"9":0,"10":6,"11":6,"12":0,"13":0},"b":{"0":[6,6],"1":[6,6],"2":[0],"3":[0]}}
,"/home/travis/build/wasdk/WebAssemblyStudio/src/monaco-utils.ts": {"path":"/home/travis/build/wasdk/WebAssemblyStudio/src/monaco-utils.ts","statementMap":{"0":{"start":{"line":35,"column":4},"end":{"line":35,"column":74}},"1":{"start":{"line":35,"column":4},"end":{"line":35,"column":72}},"2":{"start":{"line":37,"column":21},"end":{"line":37,"column":117}},"3":{"start":{"line":37,"column":21},"end":{"line":37,"column":116}},"4":{"start":{"line":39,"column":29},"end":{"line":39,"column":130}},"5":{"start":{"line":39,"column":29},"end":{"line":39,"column":129}},"6":{"start":{"line":41,"column":33},"end":{"line":41,"column":157}},"7":{"start":{"line":41,"column":33},"end":{"line":41,"column":156}},"8":{"start":{"line":43,"column":33},"end":{"line":43,"column":157}},"9":{"start":{"line":43,"column":33},"end":{"line":43,"column":156}},"10":{"start":{"line":45,"column":19},"end":{"line":45,"column":128}},"11":{"start":{"line":45,"column":19},"end":{"line":45,"column":127}},"12":{"start":{"line":47,"column":25},"end":{"line":47,"column":138}},"13":{"start":{"line":47,"column":25},"end":{"line":47,"column":137}},"14":{"start":{"line":48,"column":4},"end":{"line":48,"column":32}},"15":{"start":{"line":49,"column":4},"end":{"line":49,"column":48}},"16":{"start":{"line":50,"column":4},"end":{"line":50,"column":56}},"17":{"start":{"line":51,"column":4},"end":{"line":51,"column":56}},"18":{"start":{"line":52,"column":4},"end":{"line":52,"column":28}},"19":{"start":{"line":53,"column":4},"end":{"line":53,"column":44}},"20":{"start":{"line":57,"column":18},"end":{"line":57,"column":28}},"21":{"start":{"line":58,"column":21},"end":{"line":58,"column":23}},"22":{"start":{"line":61,"column":16},"end":{"line":61,"column":36}},"23":{"start":{"line":63,"column":4},"end":{"line":65,"column":5}},"24":{"start":{"line":64,"column":6},"end":{"line":64,"column":26}},"25":{"start":{"line":67,"column":4},"end":{"line":69,"column":5}},"26":{"start":{"line":68,"column":6},"end":{"line":68,"column":32}},"27":{"start":{"line":25,"column":0},"end":{"line":71,"column":1}}},"fnMap":{"0":{"name":"(anonymous_6)","decl":{"start":{"line":33,"column":2},"end":{"line":33,"column":7}},"loc":{"start":{"line":33,"column":25},"end":{"line":54,"column":3}}},"1":{"name":"(anonymous_8)","decl":{"start":{"line":35,"column":4},"end":{"line":35,"column":16}},"loc":{"start":{"line":35,"column":4},"end":{"line":35,"column":72}}},"2":{"name":"(anonymous_9)","decl":{"start":{"line":37,"column":21},"end":{"line":37,"column":33}},"loc":{"start":{"line":37,"column":21},"end":{"line":37,"column":116}}},"3":{"name":"(anonymous_10)","decl":{"start":{"line":39,"column":29},"end":{"line":39,"column":41}},"loc":{"start":{"line":39,"column":29},"end":{"line":39,"column":129}}},"4":{"name":"(anonymous_11)","decl":{"start":{"line":41,"column":33},"end":{"line":41,"column":45}},"loc":{"start":{"line":41,"column":33},"end":{"line":41,"column":156}}},"5":{"name":"(anonymous_12)","decl":{"start":{"line":43,"column":33},"end":{"line":43,"column":45}},"loc":{"start":{"line":43,"column":33},"end":{"line":43,"column":156}}},"6":{"name":"(anonymous_13)","decl":{"start":{"line":45,"column":19},"end":{"line":45,"column":31}},"loc":{"start":{"line":45,"column":19},"end":{"line":45,"column":127}}},"7":{"name":"(anonymous_14)","decl":{"start":{"line":47,"column":25},"end":{"line":47,"column":37}},"loc":{"start":{"line":47,"column":25},"end":{"line":47,"column":137}}},"8":{"name":"(anonymous_15)","decl":{"start":{"line":56,"column":2},"end":{"line":56,"column":7}},"loc":{"start":{"line":56,"column":29},"end":{"line":70,"column":3}}}},"branchMap":{},"s":{"0":0,"1":0,"2":0,"3":0,"4":0,"5":0,"6":0,"7":0,"8":0,"9":0,"10":0,"11":0,"12":0,"13":0,"14":0,"15":0,"16":0,"17":0,"18":0,"19":0,"20":0,"21":0,"22":0,"23":0,"24":0,"25":0,"26":0,"27":4},"f":{"0":0,"1":0,"2":0,"3":0,"4":0,"5":0,"6":0,"7":0,"8":0},"b":{}}
,"/home/travis/build/wasdk/WebAssemblyStudio/src/service.ts": {"path":"/home/travis/build/wasdk/WebAssemblyStudio/src/service.ts","statementMap":{"0":{"start":{"line":21,"column":0},"end":{"line":21,"column":127}},"1":{"start":{"line":22,"column":0},"end":{"line":22,"column":113}},"2":{"start":{"line":23,"column":0},"end":{"line":23,"column":31}},"3":{"start":{"line":24,"column":0},"end":{"line":24,"column":36}},"4":{"start":{"line":25,"column":0},"end":{"line":25,"column":58}},"5":{"start":{"line":26,"column":0},"end":{"line":26,"column":77}},"6":{"start":{"line":27,"column":0},"end":{"line":27,"column":57}},"7":{"start":{"line":28,"column":0},"end":{"line":28,"column":68}},"8":{"start":{"line":60,"column":0},"end":{"line":60,"column":45}},"9":{"start":{"line":60,"column":9},"end":{"line":60,"column":17}},"10":{"start":{"line":63,"column":18},"end":{"line":63,"column":35}},"11":{"start":{"line":64,"column":2},"end":{"line":64,"column":31}},"12":{"start":{"line":69,"column":2},"end":{"line":69,"column":83}},"13":{"start":{"line":70,"column":2},"end":{"line":70,"column":13}},"14":{"start":{"line":75,"column":4},"end":{"line":75,"column":54}},"15":{"start":{"line":76,"column":4},"end":{"line":91,"column":7}},"16":{"start":{"line":77,"column":6},"end":{"line":79,"column":7}},"17":{"start":{"line":78,"column":8},"end":{"line":78,"column":15}},"18":{"start":{"line":80,"column":17},"end":{"line":80,"column":48}},"19":{"start":{"line":81,"column":6},"end":{"line":89,"column":7}},"20":{"start":{"line":82,"column":8},"end":{"line":82,"column":30}},"21":{"start":{"line":84,"column":22},"end":{"line":87,"column":9}},"22":{"start":{"line":88,"column":8},"end":{"line":88,"column":21}},"23":{"start":{"line":90,"column":6},"end":{"line":90,"column":45}},"24":{"start":{"line":72,"column":4},"end":{"line":72,"column":33}},"25":{"start":{"line":95,"column":4},"end":{"line":95,"column":45}},"26":{"start":{"line":96,"column":4},"end":{"line":96,"column":47}},"27":{"start":{"line":100,"column":4},"end":{"line":110,"column":7}},"28":{"start":{"line":101,"column":17},"end":{"line":101,"column":33}},"29":{"start":{"line":102,"column":6},"end":{"line":106,"column":9}},"30":{"start":{"line":103,"column":8},"end":{"line":103,"column":22}},"31":{"start":{"line":105,"column":8},"end":{"line":105,"column":20}},"32":{"start":{"line":107,"column":6},"end":{"line":109,"column":20}},"33":{"start":{"line":114,"column":4},"end":{"line":114,"column":80}},"34":{"start":{"line":118,"column":4},"end":{"line":118,"column":80}},"35":{"start":{"line":122,"column":4},"end":{"line":122,"column":87}},"36":{"start":{"line":126,"column":4},"end":{"line":126,"column":84}},"37":{"start":{"line":130,"column":4},"end":{"line":130,"column":83}},"38":{"start":{"line":134,"column":4},"end":{"line":134,"column":79}},"39":{"start":{"line":138,"column":4},"end":{"line":138,"column":79}},"40":{"start":{"line":142,"column":4},"end":{"line":142,"column":75}},"41":{"start":{"line":146,"column":4},"end":{"line":146,"column":66}},"42":{"start":{"line":67,"column":0},"end":{"line":148,"column":1}},"43":{"start":{"line":155,"column":53},"end":{"line":155,"column":55}},"44":{"start":{"line":156,"column":4},"end":{"line":200,"column":5}},"45":{"start":{"line":157,"column":18},"end":{"line":157,"column":48}},"46":{"start":{"line":160,"column":6},"end":{"line":179,"column":7}},"47":{"start":{"line":161,"column":8},"end":{"line":163,"column":9}},"48":{"start":{"line":162,"column":10},"end":{"line":162,"column":26}},"49":{"start":{"line":164,"column":32},"end":{"line":164,"column":50}},"50":{"start":{"line":165,"column":28},"end":{"line":165,"column":46}},"51":{"start":{"line":166,"column":24},"end":{"line":166,"column":28}},"52":{"start":{"line":167,"column":23},"end":{"line":167,"column":49}},"53":{"start":{"line":168,"column":8},"end":{"line":172,"column":9}},"54":{"start":{"line":169,"column":10},"end":{"line":169,"column":49}},"55":{"start":{"line":170,"column":15},"end":{"line":172,"column":9}},"56":{"start":{"line":171,"column":10},"end":{"line":171,"column":51}},"57":{"start":{"line":173,"column":8},"end":{"line":178,"column":11}},"58":{"start":{"line":182,"column":18},"end":{"line":182,"column":76}},"59":{"start":{"line":183,"column":6},"end":{"line":199,"column":7}},"60":{"start":{"line":184,"column":8},"end":{"line":186,"column":9}},"61":{"start":{"line":185,"column":10},"end":{"line":185,"column":26}},"62":{"start":{"line":187,"column":24},"end":{"line":187,"column":28}},"63":{"start":{"line":188,"column":23},"end":{"line":188,"column":49}},"64":{"start":{"line":189,"column":8},"end":{"line":193,"column":9}},"65":{"start":{"line":190,"column":10},"end":{"line":190,"column":49}},"66":{"start":{"line":191,"column":15},"end":{"line":193,"column":9}},"67":{"start":{"line":192,"column":10},"end":{"line":192,"column":51}},"68":{"start":{"line":194,"column":8},"end":{"line":198,"column":11}},"69":{"start":{"line":201,"column":4},"end":{"line":201,"column":23}},"70":{"start":{"line":205,"column":4},"end":{"line":205,"column":52}},"71":{"start":{"line":207,"column":20},"end":{"line":207,"column":57}},"72":{"start":{"line":209,"column":48},"end":{"line":212,"column":17}},"73":{"start":{"line":210,"column":6},"end":{"line":210,"column":37}},"74":{"start":{"line":211,"column":6},"end":{"line":211,"column":17}},"75":{"start":{"line":214,"column":18},"end":{"line":222,"column":5}},"76":{"start":{"line":216,"column":8},"end":{"line":218,"column":10}},"77":{"start":{"line":219,"column":8},"end":{"line":219,"column":19}},"78":{"start":{"line":223,"column":19},"end":{"line":223,"column":47}},"79":{"start":{"line":225,"column":4},"end":{"line":227,"column":5}},"80":{"start":{"line":226,"column":6},"end":{"line":226,"column":27}},"81":{"start":{"line":229,"column":4},"end":{"line":245,"column":5}},"82":{"start":{"line":230,"column":35},"end":{"line":230,"column":39}},"83":{"start":{"line":231,"column":6},"end":{"line":233,"column":7}},"84":{"start":{"line":232,"column":8},"end":{"line":232,"column":17}},"85":{"start":{"line":234,"column":19},"end":{"line":234,"column":39}},"86":{"start":{"line":235,"column":6},"end":{"line":237,"column":7}},"87":{"start":{"line":236,"column":8},"end":{"line":236,"column":17}},"88":{"start":{"line":238,"column":22},"end":{"line":238,"column":49}},"89":{"start":{"line":239,"column":6},"end":{"line":244,"column":7}},"90":{"start":{"line":240,"column":8},"end":{"line":240,"column":72}},"91":{"start":{"line":241,"column":8},"end":{"line":243,"column":12}},"92":{"start":{"line":242,"column":10},"end":{"line":242,"column":50}},"93":{"start":{"line":247,"column":4},"end":{"line":249,"column":5}},"94":{"start":{"line":248,"column":6},"end":{"line":248,"column":38}},"95":{"start":{"line":251,"column":29},"end":{"line":251,"column":31}},"96":{"start":{"line":252,"column":4},"end":{"line":257,"column":5}},"97":{"start":{"line":253,"column":26},"end":{"line":253,"column":30}},"98":{"start":{"line":254,"column":6},"end":{"line":256,"column":7}},"99":{"start":{"line":255,"column":8},"end":{"line":255,"column":36}},"100":{"start":{"line":258,"column":4},"end":{"line":258,"column":23}},"101":{"start":{"line":262,"column":19},"end":{"line":262,"column":81}},"102":{"start":{"line":263,"column":4},"end":{"line":263,"column":23}},"103":{"start":{"line":267,"column":4},"end":{"line":269,"column":5}},"104":{"start":{"line":268,"column":6},"end":{"line":268,"column":78}},"105":{"start":{"line":270,"column":19},"end":{"line":270,"column":72}},"106":{"start":{"line":271,"column":35},"end":{"line":271,"column":43}},"107":{"start":{"line":272,"column":22},"end":{"line":274,"column":5}},"108":{"start":{"line":275,"column":42},"end":{"line":275,"column":59}},"109":{"start":{"line":276,"column":4},"end":{"line":281,"column":5}},"110":{"start":{"line":277,"column":6},"end":{"line":280,"column":8}},"111":{"start":{"line":282,"column":4},"end":{"line":282,"column":18}},"112":{"start":{"line":286,"column":4},"end":{"line":286,"column":46}},"113":{"start":{"line":287,"column":4},"end":{"line":287,"column":53}},"114":{"start":{"line":288,"column":19},"end":{"line":288,"column":68}},"115":{"start":{"line":289,"column":4},"end":{"line":289,"column":27}},"116":{"start":{"line":290,"column":4},"end":{"line":290,"column":18}},"117":{"start":{"line":294,"column":19},"end":{"line":294,"column":87}},"118":{"start":{"line":295,"column":19},"end":{"line":295,"column":72}},"119":{"start":{"line":296,"column":4},"end":{"line":296,"column":75}},"120":{"start":{"line":297,"column":4},"end":{"line":297,"column":27}},"121":{"start":{"line":301,"column":4},"end":{"line":301,"column":43}},"122":{"start":{"line":302,"column":4},"end":{"line":302,"column":54}},"123":{"start":{"line":303,"column":17},"end":{"line":303,"column":21}},"124":{"start":{"line":304,"column":4},"end":{"line":310,"column":5}},"125":{"start":{"line":305,"column":6},"end":{"line":305,"column":58}},"126":{"start":{"line":307,"column":6},"end":{"line":307,"column":14}},"127":{"start":{"line":309,"column":6},"end":{"line":309,"column":29}},"128":{"start":{"line":311,"column":4},"end":{"line":311,"column":18}},"129":{"start":{"line":315,"column":19},"end":{"line":315,"column":78}},"130":{"start":{"line":316,"column":19},"end":{"line":316,"column":74}},"131":{"start":{"line":317,"column":4},"end":{"line":317,"column":72}},"132":{"start":{"line":318,"column":4},"end":{"line":318,"column":27}},"133":{"start":{"line":322,"column":16},"end":{"line":322,"column":46}},"134":{"start":{"line":323,"column":21},"end":{"line":327,"column":6}},"135":{"start":{"line":328,"column":4},"end":{"line":328,"column":54}},"136":{"start":{"line":332,"column":16},"end":{"line":332,"column":80}},"137":{"start":{"line":333,"column":21},"end":{"line":335,"column":6}},"138":{"start":{"line":336,"column":4},"end":{"line":336,"column":33}},"139":{"start":{"line":340,"column":19},"end":{"line":340,"column":24}},"140":{"start":{"line":341,"column":4},"end":{"line":352,"column":5}},"141":{"start":{"line":342,"column":6},"end":{"line":342,"column":29}},"142":{"start":{"line":344,"column":23},"end":{"line":348,"column":8}},"143":{"start":{"line":349,"column":20},"end":{"line":349,"column":46}},"144":{"start":{"line":350,"column":6},"end":{"line":350,"column":64}},"145":{"start":{"line":351,"column":6},"end":{"line":351,"column":21}},"146":{"start":{"line":356,"column":14},"end":{"line":356,"column":49}},"147":{"start":{"line":357,"column":4},"end":{"line":362,"column":5}},"148":{"start":{"line":358,"column":16},"end":{"line":358,"column":32}},"149":{"start":{"line":359,"column":6},"end":{"line":361,"column":7}},"150":{"start":{"line":360,"column":8},"end":{"line":360,"column":34}},"151":{"start":{"line":363,"column":4},"end":{"line":363,"column":15}},"152":{"start":{"line":367,"column":4},"end":{"line":367,"column":41}},"153":{"start":{"line":368,"column":23},"end":{"line":368,"column":25}},"154":{"start":{"line":370,"column":6},"end":{"line":374,"column":7}},"155":{"start":{"line":371,"column":8},"end":{"line":371,"column":64}},"156":{"start":{"line":371,"column":41},"end":{"line":371,"column":56}},"157":{"start":{"line":373,"column":8},"end":{"line":373,"column":48}},"158":{"start":{"line":376,"column":4},"end":{"line":376,"column":23}},"159":{"start":{"line":377,"column":22},"end":{"line":377,"column":95}},"160":{"start":{"line":378,"column":4},"end":{"line":380,"column":5}},"161":{"start":{"line":379,"column":6},"end":{"line":379,"column":63}},"162":{"start":{"line":381,"column":4},"end":{"line":381,"column":39}},"163":{"start":{"line":385,"column":34},"end":{"line":385,"column":36}},"164":{"start":{"line":386,"column":4},"end":{"line":402,"column":19}},"165":{"start":{"line":389,"column":6},"end":{"line":395,"column":7}},"166":{"start":{"line":390,"column":8},"end":{"line":390,"column":72}},"167":{"start":{"line":391,"column":8},"end":{"line":391,"column":24}},"168":{"start":{"line":393,"column":8},"end":{"line":393,"column":32}},"169":{"start":{"line":394,"column":8},"end":{"line":394,"column":22}},"170":{"start":{"line":396,"column":19},"end":{"line":400,"column":7}},"171":{"start":{"line":401,"column":6},"end":{"line":401,"column":23}},"172":{"start":{"line":403,"column":4},"end":{"line":405,"column":12}},"173":{"start":{"line":409,"column":4},"end":{"line":428,"column":5}},"174":{"start":{"line":410,"column":19},"end":{"line":410,"column":47}},"175":{"start":{"line":411,"column":19},"end":{"line":411,"column":55}},"176":{"start":{"line":413,"column":6},"end":{"line":426,"column":7}},"177":{"start":{"line":414,"column":8},"end":{"line":418,"column":9}},"178":{"start":{"line":415,"column":10},"end":{"line":415,"column":77}},"179":{"start":{"line":417,"column":10},"end":{"line":417,"column":24}},"180":{"start":{"line":420,"column":24},"end":{"line":420,"column":69}},"181":{"start":{"line":421,"column":8},"end":{"line":425,"column":9}},"182":{"start":{"line":422,"column":10},"end":{"line":422,"column":45}},"183":{"start":{"line":424,"column":10},"end":{"line":424,"column":38}},"184":{"start":{"line":427,"column":6},"end":{"line":427,"column":25}},"185":{"start":{"line":432,"column":4},"end":{"line":446,"column":7}},"186":{"start":{"line":433,"column":6},"end":{"line":433,"column":46}},"187":{"start":{"line":434,"column":19},"end":{"line":434,"column":23}},"188":{"start":{"line":435,"column":16},"end":{"line":435,"column":31}},"189":{"start":{"line":436,"column":16},"end":{"line":436,"column":22}},"190":{"start":{"line":437,"column":16},"end":{"line":437,"column":41}},"191":{"start":{"line":438,"column":6},"end":{"line":438,"column":21}},"192":{"start":{"line":439,"column":6},"end":{"line":439,"column":18}},"193":{"start":{"line":440,"column":6},"end":{"line":440,"column":23}},"194":{"start":{"line":441,"column":6},"end":{"line":444,"column":8}},"195":{"start":{"line":442,"column":8},"end":{"line":442,"column":31}},"196":{"start":{"line":443,"column":8},"end":{"line":443,"column":22}},"197":{"start":{"line":450,"column":4},"end":{"line":450,"column":24}},"198":{"start":{"line":451,"column":4},"end":{"line":451,"column":47}},"199":{"start":{"line":452,"column":15},"end":{"line":452,"column":44}},"200":{"start":{"line":453,"column":4},"end":{"line":453,"column":54}},"201":{"start":{"line":454,"column":4},"end":{"line":454,"column":60}},"202":{"start":{"line":455,"column":4},"end":{"line":455,"column":27}},"203":{"start":{"line":456,"column":4},"end":{"line":456,"column":23}},"204":{"start":{"line":457,"column":4},"end":{"line":457,"column":70}},"205":{"start":{"line":461,"column":4},"end":{"line":461,"column":47}},"206":{"start":{"line":462,"column":17},"end":{"line":462,"column":46}},"207":{"start":{"line":463,"column":4},"end":{"line":463,"column":54}},"208":{"start":{"line":464,"column":19},"end":{"line":464,"column":67}},"209":{"start":{"line":465,"column":4},"end":{"line":465,"column":27}},"210":{"start":{"line":466,"column":4},"end":{"line":466,"column":20}},"211":{"start":{"line":470,"column":4},"end":{"line":470,"column":49}},"212":{"start":{"line":471,"column":17},"end":{"line":471,"column":46}},"213":{"start":{"line":472,"column":4},"end":{"line":472,"column":63}},"214":{"start":{"line":473,"column":19},"end":{"line":473,"column":74}},"215":{"start":{"line":474,"column":4},"end":{"line":474,"column":27}},"216":{"start":{"line":475,"column":19},"end":{"line":475,"column":72}},"217":{"start":{"line":476,"column":4},"end":{"line":476,"column":109}},"218":{"start":{"line":477,"column":4},"end":{"line":477,"column":27}},"219":{"start":{"line":481,"column":4},"end":{"line":481,"column":50}},"220":{"start":{"line":482,"column":17},"end":{"line":482,"column":46}},"221":{"start":{"line":483,"column":4},"end":{"line":483,"column":57}},"222":{"start":{"line":484,"column":19},"end":{"line":484,"column":70}},"223":{"start":{"line":485,"column":4},"end":{"line":485,"column":27}},"224":{"start":{"line":486,"column":19},"end":{"line":486,"column":72}},"225":{"start":{"line":487,"column":4},"end":{"line":487,"column":79}},"226":{"start":{"line":488,"column":4},"end":{"line":488,"column":27}},"227":{"start":{"line":492,"column":4},"end":{"line":492,"column":45}},"228":{"start":{"line":493,"column":17},"end":{"line":493,"column":46}},"229":{"start":{"line":494,"column":4},"end":{"line":494,"column":64}},"230":{"start":{"line":495,"column":19},"end":{"line":495,"column":71}},"231":{"start":{"line":496,"column":4},"end":{"line":496,"column":27}},"232":{"start":{"line":497,"column":19},"end":{"line":497,"column":82}},"233":{"start":{"line":498,"column":4},"end":{"line":498,"column":76}},"234":{"start":{"line":499,"column":4},"end":{"line":499,"column":27}},"235":{"start":{"line":503,"column":4},"end":{"line":503,"column":47}},"236":{"start":{"line":504,"column":17},"end":{"line":504,"column":41}},"237":{"start":{"line":505,"column":4},"end":{"line":505,"column":54}},"238":{"start":{"line":506,"column":19},"end":{"line":506,"column":66}},"239":{"start":{"line":507,"column":4},"end":{"line":507,"column":27}},"240":{"start":{"line":508,"column":19},"end":{"line":508,"column":74}},"241":{"start":{"line":509,"column":4},"end":{"line":509,"column":76}},"242":{"start":{"line":510,"column":4},"end":{"line":510,"column":27}},"243":{"start":{"line":515,"column":4},"end":{"line":519,"column":5}},"244":{"start":{"line":516,"column":6},"end":{"line":516,"column":57}},"245":{"start":{"line":517,"column":6},"end":{"line":517,"column":50}},"246":{"start":{"line":518,"column":6},"end":{"line":518,"column":54}},"247":{"start":{"line":520,"column":16},"end":{"line":520,"column":101}},"248":{"start":{"line":521,"column":4},"end":{"line":521,"column":36}},"249":{"start":{"line":522,"column":4},"end":{"line":522,"column":46}},"250":{"start":{"line":523,"column":4},"end":{"line":525,"column":5}},"251":{"start":{"line":524,"column":6},"end":{"line":524,"column":35}},"252":{"start":{"line":531,"column":4},"end":{"line":531,"column":49}},"253":{"start":{"line":533,"column":21},"end":{"line":533,"column":114}},"254":{"start":{"line":534,"column":6},"end":{"line":534,"column":35}},"255":{"start":{"line":537,"column":4},"end":{"line":550,"column":5}},"256":{"start":{"line":538,"column":6},"end":{"line":538,"column":15}},"257":{"start":{"line":540,"column":6},"end":{"line":540,"column":60}},"258":{"start":{"line":541,"column":23},"end":{"line":541,"column":59}},"259":{"start":{"line":542,"column":25},"end":{"line":542,"column":53}},"260":{"start":{"line":543,"column":26},"end":{"line":548,"column":7}},"261":{"start":{"line":545,"column":10},"end":{"line":545,"column":19}},"262":{"start":{"line":549,"column":6},"end":{"line":549,"column":49}},"263":{"start":{"line":554,"column":4},"end":{"line":554,"column":54}},"264":{"start":{"line":555,"column":4},"end":{"line":557,"column":5}},"265":{"start":{"line":556,"column":6},"end":{"line":556,"column":64}},"266":{"start":{"line":558,"column":19},"end":{"line":558,"column":72}},"267":{"start":{"line":561,"column":6},"end":{"line":561,"column":99}},"268":{"start":{"line":561,"column":38},"end":{"line":561,"column":85}},"269":{"start":{"line":564,"column":20},"end":{"line":564,"column":76}},"270":{"start":{"line":565,"column":18},"end":{"line":572,"column":5}},"271":{"start":{"line":573,"column":19},"end":{"line":573,"column":47}},"272":{"start":{"line":574,"column":22},"end":{"line":574,"column":52}},"273":{"start":{"line":575,"column":12},"end":{"line":575,"column":14}},"274":{"start":{"line":576,"column":15},"end":{"line":576,"column":67}},"275":{"start":{"line":577,"column":31},"end":{"line":577,"column":33}},"276":{"start":{"line":578,"column":42},"end":{"line":578,"column":61}},"277":{"start":{"line":579,"column":4},"end":{"line":610,"column":5}},"278":{"start":{"line":580,"column":21},"end":{"line":580,"column":36}},"279":{"start":{"line":581,"column":6},"end":{"line":581,"column":31}},"280":{"start":{"line":582,"column":23},"end":{"line":582,"column":66}},"281":{"start":{"line":583,"column":27},"end":{"line":583,"column":60}},"282":{"start":{"line":584,"column":31},"end":{"line":584,"column":33}},"283":{"start":{"line":585,"column":6},"end":{"line":597,"column":9}},"284":{"start":{"line":586,"column":8},"end":{"line":586,"column":61}},"285":{"start":{"line":587,"column":8},"end":{"line":596,"column":9}},"286":{"start":{"line":588,"column":32},"end":{"line":588,"column":58}},"287":{"start":{"line":589,"column":10},"end":{"line":591,"column":11}},"288":{"start":{"line":590,"column":12},"end":{"line":590,"column":44}},"289":{"start":{"line":592,"column":10},"end":{"line":592,"column":57}},"290":{"start":{"line":593,"column":10},"end":{"line":595,"column":11}},"291":{"start":{"line":594,"column":12},"end":{"line":594,"column":58}},"292":{"start":{"line":598,"column":6},"end":{"line":608,"column":9}},"293":{"start":{"line":599,"column":8},"end":{"line":605,"column":9}},"294":{"start":{"line":600,"column":10},"end":{"line":600,"column":71}},"295":{"start":{"line":601,"column":10},"end":{"line":603,"column":11}},"296":{"start":{"line":602,"column":12},"end":{"line":602,"column":123}},"297":{"start":{"line":604,"column":10},"end":{"line":604,"column":20}},"298":{"start":{"line":606,"column":8},"end":{"line":606,"column":75}},"299":{"start":{"line":607,"column":8},"end":{"line":607,"column":81}},"300":{"start":{"line":609,"column":6},"end":{"line":609,"column":16}},"301":{"start":{"line":611,"column":4},"end":{"line":611,"column":22}},"302":{"start":{"line":617,"column":4},"end":{"line":621,"column":6}},"303":{"start":{"line":622,"column":4},"end":{"line":624,"column":5}},"304":{"start":{"line":623,"column":6},"end":{"line":623,"column":90}},"305":{"start":{"line":625,"column":4},"end":{"line":635,"column":6}},"306":{"start":{"line":626,"column":6},"end":{"line":634,"column":7}},"307":{"start":{"line":627,"column":8},"end":{"line":627,"column":92}},"308":{"start":{"line":628,"column":8},"end":{"line":628,"column":53}},"309":{"start":{"line":629,"column":27},"end":{"line":629,"column":70}},"310":{"start":{"line":630,"column":8},"end":{"line":633,"column":37}},"311":{"start":{"line":636,"column":4},"end":{"line":636,"column":85}},"312":{"start":{"line":640,"column":32},"end":{"line":640,"column":54}},"313":{"start":{"line":641,"column":20},"end":{"line":641,"column":54}},"314":{"start":{"line":642,"column":4},"end":{"line":642,"column":32}},"315":{"start":{"line":643,"column":4},"end":{"line":646,"column":6}},"316":{"start":{"line":644,"column":19},"end":{"line":644,"column":52}},"317":{"start":{"line":645,"column":6},"end":{"line":645,"column":46}},"318":{"start":{"line":648,"column":16},"end":{"line":648,"column":44}},"319":{"start":{"line":650,"column":19},"end":{"line":650,"column":58}},"320":{"start":{"line":651,"column":4},"end":{"line":651,"column":42}},"321":{"start":{"line":652,"column":4},"end":{"line":652,"column":42}},"322":{"start":{"line":653,"column":15},"end":{"line":653,"column":66}},"323":{"start":{"line":654,"column":24},"end":{"line":656,"column":6}},"324":{"start":{"line":655,"column":6},"end":{"line":655,"column":27}},"325":{"start":{"line":657,"column":4},"end":{"line":657,"column":66}},"326":{"start":{"line":658,"column":4},"end":{"line":658,"column":45}},"327":{"start":{"line":659,"column":19},"end":{"line":659,"column":36}},"328":{"start":{"line":661,"column":4},"end":{"line":661,"column":20}},"329":{"start":{"line":662,"column":4},"end":{"line":662,"column":22}},"330":{"start":{"line":663,"column":4},"end":{"line":663,"column":18}},"331":{"start":{"line":667,"column":4},"end":{"line":669,"column":5}},"332":{"start":{"line":668,"column":6},"end":{"line":668,"column":52}},"333":{"start":{"line":670,"column":22},"end":{"line":670,"column":82}},"334":{"start":{"line":671,"column":4},"end":{"line":671,"column":33}},"335":{"start":{"line":672,"column":4},"end":{"line":672,"column":35}},"336":{"start":{"line":676,"column":19},"end":{"line":676,"column":48}},"337":{"start":{"line":677,"column":4},"end":{"line":677,"column":48}},"338":{"start":{"line":678,"column":4},"end":{"line":678,"column":49}},"339":{"start":{"line":679,"column":19},"end":{"line":679,"column":55}},"340":{"start":{"line":680,"column":19},"end":{"line":680,"column":76}},"341":{"start":{"line":681,"column":4},"end":{"line":681,"column":68}},"342":{"start":{"line":682,"column":4},"end":{"line":682,"column":27}},"343":{"start":{"line":683,"column":4},"end":{"line":683,"column":27}},"344":{"start":{"line":684,"column":4},"end":{"line":684,"column":18}},"345":{"start":{"line":151,"column":17},"end":{"line":151,"column":46}},"346":{"start":{"line":513,"column":9},"end":{"line":513,"column":48}},"347":{"start":{"line":528,"column":9},"end":{"line":528,"column":39}},"348":{"start":{"line":150,"column":0},"end":{"line":686,"column":1}}},"fnMap":{"0":{"name":"getProjectFilePath","decl":{"start":{"line":62,"column":9},"end":{"line":62,"column":27}},"loc":{"start":{"line":62,"column":38},"end":{"line":65,"column":1}}},"1":{"name":"(anonymous_7)","decl":{"start":{"line":74,"column":2},"end":{"line":null,"column":-1}},"loc":{"start":{"line":74,"column":2},"end":{"line":92,"column":3}}},"2":{"name":"(anonymous_8)","decl":{"start":{"line":76,"column":44},"end":{"line":76,"column":45}},"loc":{"start":{"line":76,"column":75},"end":{"line":91,"column":5}}},"3":{"name":"(anonymous_9)","decl":{"start":{"line":71,"column":10},"end":{"line":71,"column":18}},"loc":{"start":{"line":71,"column":19},"end":{"line":73,"column":3}}},"4":{"name":"(anonymous_10)","decl":{"start":{"line":94,"column":2},"end":{"line":94,"column":18}},"loc":{"start":{"line":94,"column":75},"end":{"line":97,"column":3}}},"5":{"name":"(anonymous_11)","decl":{"start":{"line":99,"column":8},"end":{"line":99,"column":18}},"loc":{"start":{"line":99,"column":56},"end":{"line":111,"column":3}}},"6":{"name":"(anonymous_13)","decl":{"start":{"line":100,"column":23},"end":{"line":100,"column":24}},"loc":{"start":{"line":100,"column":43},"end":{"line":110,"column":5}}},"7":{"name":"(anonymous_14)","decl":{"start":{"line":102,"column":33},"end":{"line":102,"column":34}},"loc":{"start":{"line":102,"column":47},"end":{"line":104,"column":7}}},"8":{"name":"(anonymous_15)","decl":{"start":{"line":104,"column":9},"end":{"line":104,"column":10}},"loc":{"start":{"line":104,"column":24},"end":{"line":106,"column":7}}},"9":{"name":"(anonymous_16)","decl":{"start":{"line":113,"column":8},"end":{"line":113,"column":31}},"loc":{"start":{"line":113,"column":50},"end":{"line":115,"column":3}}},"10":{"name":"(anonymous_18)","decl":{"start":{"line":117,"column":8},"end":{"line":117,"column":31}},"loc":{"start":{"line":117,"column":50},"end":{"line":119,"column":3}}},"11":{"name":"(anonymous_20)","decl":{"start":{"line":121,"column":8},"end":{"line":121,"column":38}},"loc":{"start":{"line":121,"column":57},"end":{"line":123,"column":3}}},"12":{"name":"(anonymous_22)","decl":{"start":{"line":125,"column":8},"end":{"line":125,"column":35}},"loc":{"start":{"line":125,"column":54},"end":{"line":127,"column":3}}},"13":{"name":"(anonymous_24)","decl":{"start":{"line":129,"column":8},"end":{"line":129,"column":34}},"loc":{"start":{"line":129,"column":53},"end":{"line":131,"column":3}}},"14":{"name":"(anonymous_26)","decl":{"start":{"line":133,"column":8},"end":{"line":133,"column":30}},"loc":{"start":{"line":133,"column":44},"end":{"line":135,"column":3}}},"15":{"name":"(anonymous_28)","decl":{"start":{"line":137,"column":8},"end":{"line":137,"column":30}},"loc":{"start":{"line":137,"column":49},"end":{"line":139,"column":3}}},"16":{"name":"(anonymous_30)","decl":{"start":{"line":141,"column":8},"end":{"line":141,"column":26}},"loc":{"start":{"line":141,"column":40},"end":{"line":143,"column":3}}},"17":{"name":"(anonymous_32)","decl":{"start":{"line":145,"column":8},"end":{"line":145,"column":17}},"loc":{"start":{"line":145,"column":36},"end":{"line":147,"column":3}}},"18":{"name":"(anonymous_34)","decl":{"start":{"line":153,"column":2},"end":{"line":153,"column":7}},"loc":{"start":{"line":153,"column":36},"end":{"line":202,"column":3}}},"19":{"name":"(anonymous_35)","decl":{"start":{"line":204,"column":2},"end":{"line":204,"column":7}},"loc":{"start":{"line":204,"column":85},"end":{"line":259,"column":3}}},"20":{"name":"(anonymous_37)","decl":{"start":{"line":209,"column":61},"end":{"line":209,"column":62}},"loc":{"start":{"line":209,"column":83},"end":{"line":212,"column":5}}},"21":{"name":"(anonymous_38)","decl":{"start":{"line":215,"column":26},"end":{"line":215,"column":27}},"loc":{"start":{"line":215,"column":48},"end":{"line":220,"column":7}}},"22":{"name":"(anonymous_39)","decl":{"start":{"line":241,"column":37},"end":{"line":241,"column":42}},"loc":{"start":{"line":241,"column":46},"end":{"line":243,"column":9}}},"23":{"name":"(anonymous_40)","decl":{"start":{"line":261,"column":2},"end":{"line":261,"column":7}},"loc":{"start":{"line":261,"column":81},"end":{"line":264,"column":3}}},"24":{"name":"(anonymous_42)","decl":{"start":{"line":266,"column":2},"end":{"line":266,"column":7}},"loc":{"start":{"line":266,"column":93},"end":{"line":283,"column":3}}},"25":{"name":"(anonymous_44)","decl":{"start":{"line":285,"column":2},"end":{"line":285,"column":7}},"loc":{"start":{"line":285,"column":75},"end":{"line":291,"column":3}}},"26":{"name":"(anonymous_46)","decl":{"start":{"line":293,"column":2},"end":{"line":293,"column":7}},"loc":{"start":{"line":293,"column":75},"end":{"line":298,"column":3}}},"27":{"name":"(anonymous_48)","decl":{"start":{"line":300,"column":2},"end":{"line":300,"column":7}},"loc":{"start":{"line":300,"column":64},"end":{"line":312,"column":3}}},"28":{"name":"(anonymous_50)","decl":{"start":{"line":314,"column":2},"end":{"line":314,"column":7}},"loc":{"start":{"line":314,"column":71},"end":{"line":319,"column":3}}},"29":{"name":"(anonymous_52)","decl":{"start":{"line":321,"column":2},"end":{"line":321,"column":7}},"loc":{"start":{"line":321,"column":38},"end":{"line":329,"column":3}}},"30":{"name":"(anonymous_54)","decl":{"start":{"line":331,"column":2},"end":{"line":331,"column":7}},"loc":{"start":{"line":331,"column":35},"end":{"line":337,"column":3}}},"31":{"name":"(anonymous_56)","decl":{"start":{"line":339,"column":2},"end":{"line":339,"column":7}},"loc":{"start":{"line":339,"column":63},"end":{"line":353,"column":3}}},"32":{"name":"(anonymous_58)","decl":{"start":{"line":355,"column":2},"end":{"line":355,"column":7}},"loc":{"start":{"line":355,"column":23},"end":{"line":364,"column":3}}},"33":{"name":"(anonymous_59)","decl":{"start":{"line":366,"column":2},"end":{"line":366,"column":7}},"loc":{"start":{"line":366,"column":55},"end":{"line":382,"column":3}}},"34":{"name":"serialize","decl":{"start":{"line":369,"column":13},"end":{"line":369,"column":22}},"loc":{"start":{"line":369,"column":33},"end":{"line":375,"column":5}}},"35":{"name":"(anonymous_62)","decl":{"start":{"line":371,"column":25},"end":{"line":371,"column":26}},"loc":{"start":{"line":371,"column":41},"end":{"line":371,"column":56}}},"36":{"name":"(anonymous_63)","decl":{"start":{"line":384,"column":2},"end":{"line":384,"column":7}},"loc":{"start":{"line":384,"column":82},"end":{"line":406,"column":3}}},"37":{"name":"(anonymous_65)","decl":{"start":{"line":386,"column":24},"end":{"line":386,"column":25}},"loc":{"start":{"line":386,"column":36},"end":{"line":402,"column":5}}},"38":{"name":"(anonymous_66)","decl":{"start":{"line":408,"column":2},"end":{"line":408,"column":7}},"loc":{"start":{"line":408,"column":92},"end":{"line":429,"column":3}}},"39":{"name":"(anonymous_68)","decl":{"start":{"line":431,"column":2},"end":{"line":431,"column":7}},"loc":{"start":{"line":431,"column":55},"end":{"line":447,"column":3}}},"40":{"name":"(anonymous_69)","decl":{"start":{"line":432,"column":23},"end":{"line":432,"column":24}},"loc":{"start":{"line":432,"column":43},"end":{"line":446,"column":5}}},"41":{"name":"(anonymous_70)","decl":{"start":{"line":441,"column":17},"end":{"line":null,"column":-1}},"loc":{"start":{"line":441,"column":17},"end":{"line":444,"column":7}}},"42":{"name":"(anonymous_71)","decl":{"start":{"line":449,"column":2},"end":{"line":449,"column":7}},"loc":{"start":{"line":449,"column":76},"end":{"line":458,"column":3}}},"43":{"name":"(anonymous_73)","decl":{"start":{"line":460,"column":2},"end":{"line":460,"column":7}},"loc":{"start":{"line":460,"column":76},"end":{"line":467,"column":3}}},"44":{"name":"(anonymous_75)","decl":{"start":{"line":469,"column":2},"end":{"line":469,"column":7}},"loc":{"start":{"line":469,"column":80},"end":{"line":478,"column":3}}},"45":{"name":"(anonymous_77)","decl":{"start":{"line":480,"column":2},"end":{"line":480,"column":7}},"loc":{"start":{"line":480,"column":79},"end":{"line":489,"column":3}}},"46":{"name":"(anonymous_79)","decl":{"start":{"line":491,"column":2},"end":{"line":491,"column":7}},"loc":{"start":{"line":491,"column":80},"end":{"line":500,"column":3}}},"47":{"name":"(anonymous_81)","decl":{"start":{"line":502,"column":2},"end":{"line":502,"column":7}},"loc":{"start":{"line":502,"column":75},"end":{"line":511,"column":3}}},"48":{"name":"(anonymous_83)","decl":{"start":{"line":514,"column":2},"end":{"line":514,"column":7}},"loc":{"start":{"line":514,"column":28},"end":{"line":526,"column":3}}},"49":{"name":"(anonymous_84)","decl":{"start":{"line":530,"column":2},"end":{"line":530,"column":7}},"loc":{"start":{"line":530,"column":63},"end":{"line":551,"column":3}}},"50":{"name":"format","decl":{"start":{"line":532,"column":13},"end":{"line":532,"column":19}},"loc":{"start":{"line":532,"column":19},"end":{"line":535,"column":5}}},"51":{"name":"(anonymous_87)","decl":{"start":{"line":553,"column":2},"end":{"line":553,"column":7}},"loc":{"start":{"line":553,"column":80},"end":{"line":612,"column":3}}},"52":{"name":"toBytes","decl":{"start":{"line":560,"column":13},"end":{"line":560,"column":20}},"loc":{"start":{"line":560,"column":27},"end":{"line":562,"column":5}}},"53":{"name":"(anonymous_90)","decl":{"start":{"line":561,"column":19},"end":{"line":561,"column":27}},"loc":{"start":{"line":561,"column":34},"end":{"line":561,"column":87}}},"54":{"name":"(anonymous_91)","decl":{"start":{"line":585,"column":27},"end":{"line":585,"column":35}},"loc":{"start":{"line":585,"column":54},"end":{"line":597,"column":7}}},"55":{"name":"(anonymous_92)","decl":{"start":{"line":598,"column":27},"end":{"line":598,"column":35}},"loc":{"start":{"line":598,"column":46},"end":{"line":608,"column":7}}},"56":{"name":"(anonymous_93)","decl":{"start":{"line":616,"column":2},"end":{"line":616,"column":7}},"loc":{"start":{"line":616,"column":38},"end":{"line":637,"column":3}}},"57":{"name":"(anonymous_94)","decl":{"start":{"line":625,"column":44},"end":{"line":625,"column":45}},"loc":{"start":{"line":625,"column":55},"end":{"line":635,"column":5}}},"58":{"name":"(anonymous_95)","decl":{"start":{"line":639,"column":2},"end":{"line":639,"column":7}},"loc":{"start":{"line":639,"column":34},"end":{"line":664,"column":3}}},"59":{"name":"(anonymous_97)","decl":{"start":{"line":643,"column":25},"end":{"line":643,"column":26}},"loc":{"start":{"line":643,"column":67},"end":{"line":646,"column":5}}},"60":{"name":"(anonymous_98)","decl":{"start":{"line":654,"column":36},"end":{"line":654,"column":37}},"loc":{"start":{"line":654,"column":56},"end":{"line":656,"column":5}}},"61":{"name":"(anonymous_99)","decl":{"start":{"line":666,"column":2},"end":{"line":666,"column":7}},"loc":{"start":{"line":666,"column":48},"end":{"line":673,"column":3}}},"62":{"name":"(anonymous_101)","decl":{"start":{"line":675,"column":2},"end":{"line":675,"column":7}},"loc":{"start":{"line":675,"column":61},"end":{"line":685,"column":3}}}},"branchMap":{"0":{"loc":{"start":{"line":77,"column":6},"end":{"line":79,"column":7}},"type":"if","locations":[{"start":{"line":77,"column":6},"end":{"line":79,"column":7}},{"start":{"line":77,"column":6},"end":{"line":79,"column":7}}]},"1":{"loc":{"start":{"line":81,"column":6},"end":{"line":89,"column":7}},"type":"if","locations":[{"start":{"line":81,"column":6},"end":{"line":89,"column":7}},{"start":{"line":81,"column":6},"end":{"line":89,"column":7}}]},"2":{"loc":{"start":{"line":156,"column":4},"end":{"line":200,"column":5}},"type":"if","locations":[{"start":{"line":156,"column":4},"end":{"line":200,"column":5}},{"start":{"line":156,"column":4},"end":{"line":200,"column":5}}]},"3":{"loc":{"start":{"line":161,"column":8},"end":{"line":163,"column":9}},"type":"if","locations":[{"start":{"line":161,"column":8},"end":{"line":163,"column":9}},{"start":{"line":161,"column":8},"end":{"line":163,"column":9}}]},"4":{"loc":{"start":{"line":168,"column":8},"end":{"line":172,"column":9}},"type":"if","locations":[{"start":{"line":168,"column":8},"end":{"line":172,"column":9}},{"start":{"line":168,"column":8},"end":{"line":172,"column":9}}]},"5":{"loc":{"start":{"line":170,"column":15},"end":{"line":172,"column":9}},"type":"if","locations":[{"start":{"line":170,"column":15},"end":{"line":172,"column":9}},{"start":{"line":170,"column":15},"end":{"line":172,"column":9}}]},"6":{"loc":{"start":{"line":184,"column":8},"end":{"line":186,"column":9}},"type":"if","locations":[{"start":{"line":184,"column":8},"end":{"line":186,"column":9}},{"start":{"line":184,"column":8},"end":{"line":186,"column":9}}]},"7":{"loc":{"start":{"line":189,"column":8},"end":{"line":193,"column":9}},"type":"if","locations":[{"start":{"line":189,"column":8},"end":{"line":193,"column":9}},{"start":{"line":189,"column":8},"end":{"line":193,"column":9}}]},"8":{"loc":{"start":{"line":191,"column":15},"end":{"line":193,"column":9}},"type":"if","locations":[{"start":{"line":191,"column":15},"end":{"line":193,"column":9}},{"start":{"line":191,"column":15},"end":{"line":193,"column":9}}]},"9":{"loc":{"start":{"line":204,"column":83},"end":{"line":204,"column":85}},"type":"default-arg","locations":[{"start":{"line":204,"column":83},"end":{"line":204,"column":85}}]},"10":{"loc":{"start":{"line":231,"column":6},"end":{"line":233,"column":7}},"type":"if","locations":[{"start":{"line":231,"column":6},"end":{"line":233,"column":7}},{"start":{"line":231,"column":6},"end":{"line":233,"column":7}}]},"11":{"loc":{"start":{"line":231,"column":10},"end":{"line":231,"column":18}},"type":"binary-expr","locations":[{"start":{"line":231,"column":10},"end":{"line":231,"column":18}},{"start":{"line":231,"column":22},"end":{"line":231,"column":30}}]},"12":{"loc":{"start":{"line":235,"column":6},"end":{"line":237,"column":7}},"type":"if","locations":[{"start":{"line":235,"column":6},"end":{"line":237,"column":7}},{"start":{"line":235,"column":6},"end":{"line":237,"column":7}}]},"13":{"loc":{"start":{"line":239,"column":6},"end":{"line":244,"column":7}},"type":"if","locations":[{"start":{"line":239,"column":6},"end":{"line":244,"column":7}},{"start":{"line":239,"column":6},"end":{"line":244,"column":7}}]},"14":{"loc":{"start":{"line":247,"column":4},"end":{"line":249,"column":5}},"type":"if","locations":[{"start":{"line":247,"column":4},"end":{"line":249,"column":5}},{"start":{"line":247,"column":4},"end":{"line":249,"column":5}}]},"15":{"loc":{"start":{"line":254,"column":6},"end":{"line":256,"column":7}},"type":"if","locations":[{"start":{"line":254,"column":6},"end":{"line":256,"column":7}},{"start":{"line":254,"column":6},"end":{"line":256,"column":7}}]},"16":{"loc":{"start":{"line":261,"column":79},"end":{"line":261,"column":81}},"type":"default-arg","locations":[{"start":{"line":261,"column":79},"end":{"line":261,"column":81}}]},"17":{"loc":{"start":{"line":266,"column":91},"end":{"line":266,"column":93}},"type":"default-arg","locations":[{"start":{"line":266,"column":91},"end":{"line":266
[...]
,"/home/travis/build/wasdk/WebAssemblyStudio/src/utils/rewriteSources.ts": {"path":"/home/travis/build/wasdk/WebAssemblyStudio/src/utils/rewriteSources.ts","statementMap":{"0":{"start":{"line":31,"column":8},"end":{"line":31,"column":31}},"1":{"start":{"line":32,"column":8},"end":{"line":32,"column":50}},"2":{"start":{"line":24,"column":0},"end":{"line":34,"column":1}},"3":{"start":{"line":37,"column":2},"end":{"line":37,"column":73}},"4":{"start":{"line":41,"column":15},"end":{"line":41,"column":50}},"5":{"start":{"line":42,"column":2},"end":{"line":44,"column":3}},"6":{"start":{"line":43,"column":4},"end":{"line":43,"column":16}},"7":{"start":{"line":45,"column":14},"end":{"line":45,"column":38}},"8":{"start":{"line":46,"column":2},"end":{"line":54,"column":5}},"9":{"start":{"line":47,"column":21},"end":{"line":47,"column":48}},"10":{"start":{"line":48,"column":20},"end":{"line":48,"column":52}},"11":{"start":{"line":49,"column":4},"end":{"line":52,"column":5}},"12":{"start":{"line":50,"column":6},"end":{"line":50,"column":87}},"13":{"start":{"line":51,"column":6},"end":{"line":51,"column":17}},"14":{"start":{"line":53,"column":4},"end":{"line":53,"column":37}},"15":{"start":{"line":40,"column":0},"end":{"line":55,"column":1}},"16":{"start":{"line":58,"column":2},"end":{"line":60,"column":3}},"17":{"start":{"line":59,"column":4},"end":{"line":59,"column":44}},"18":{"start":{"line":61,"column":14},"end":{"line":61,"column":42}},"19":{"start":{"line":62,"column":20},"end":{"line":62,"column":69}},"20":{"start":{"line":63,"column":2},"end":{"line":63,"column":47}},"21":{"start":{"line":64,"column":2},"end":{"line":64,"column":19}},"22":{"start":{"line":57,"column":0},"end":{"line":65,"column":1}},"23":{"start":{"line":68,"column":15},"end":{"line":68,"column":52}},"24":{"start":{"line":69,"column":2},"end":{"line":71,"column":3}},"25":{"start":{"line":70,"column":4},"end":{"line":70,"column":16}},"26":{"start":{"line":72,"column":14},"end":{"line":72,"column":38}},"27":{"start":{"line":73,"column":2},"end":{"line":81,"column":5}},"28":{"start":{"line":74,"column":21},"end":{"line":74,"column":50}},"29":{"start":{"line":75,"column":20},"end":{"line":75,"column":52}},"30":{"start":{"line":76,"column":4},"end":{"line":79,"column":5}},"31":{"start":{"line":77,"column":6},"end":{"line":77,"column":89}},"32":{"start":{"line":78,"column":6},"end":{"line":78,"column":17}},"33":{"start":{"line":80,"column":4},"end":{"line":80,"column":30}},"34":{"start":{"line":67,"column":0},"end":{"line":82,"column":1}}},"fnMap":{"0":{"name":"(anonymous_0)","decl":{"start":{"line":30,"column":4},"end":{"line":30,"column":15}},"loc":{"start":{"line":30,"column":32},"end":{"line":33,"column":5}}},"1":{"name":"expandURL","decl":{"start":{"line":36,"column":9},"end":{"line":36,"column":18}},"loc":{"start":{"line":36,"column":45},"end":{"line":38,"column":1}}},"2":{"name":"rewriteJS","decl":{"start":{"line":40,"column":16},"end":{"line":40,"column":25}},"loc":{"start":{"line":40,"column":76},"end":{"line":55,"column":1}}},"3":{"name":"(anonymous_3)","decl":{"start":{"line":46,"column":58},"end":{"line":46,"column":59}},"loc":{"start":{"line":46,"column":103},"end":{"line":54,"column":3}}},"4":{"name":"processJSFile","decl":{"start":{"line":57,"column":16},"end":{"line":57,"column":29}},"loc":{"start":{"line":57,"column":78},"end":{"line":65,"column":1}}},"5":{"name":"rewriteHTML","decl":{"start":{"line":67,"column":16},"end":{"line":67,"column":27}},"loc":{"start":{"line":67,"column":80},"end":{"line":82,"column":1}}},"6":{"name":"(anonymous_6)","decl":{"start":{"line":73,"column":51},"end":{"line":73,"column":52}},"loc":{"start":{"line":73,"column":82},"end":{"line":81,"column":3}}}},"branchMap":{"0":{"loc":{"start":{"line":42,"column":2},"end":{"line":44,"column":3}},"type":"if","locations":[{"start":{"line":42,"column":2},"end":{"line":44,"column":3}},{"start":{"line":42,"column":2},"end":{"line":44,"column":3}}]},"1":{"loc":{"start":{"line":49,"column":4},"end":{"line":52,"column":5}},"type":"if","locations":[{"start":{"line":49,"column":4},"end":{"line":52,"column":5}},{"start":{"line":49,"column":4},"end":{"line":52,"column":5}}]},"2":{"loc":{"start":{"line":58,"column":2},"end":{"line":60,"column":3}},"type":"if","locations":[{"start":{"line":58,"column":2},"end":{"line":60,"column":3}},{"start":{"line":58,"column":2},"end":{"line":60,"column":3}}]},"3":{"loc":{"start":{"line":69,"column":2},"end":{"line":71,"column":3}},"type":"if","locations":[{"start":{"line":69,"column":2},"end":{"line":71,"column":3}},{"start":{"line":69,"column":2},"end":{"line":71,"column":3}}]},"4":{"loc":{"start":{"line":76,"column":4},"end":{"line":79,"column":5}},"type":"if","locations":[{"start":{"line":76,"column":4},"end":{"line":79,"column":5}},{"start":{"line":76,"column":4},"end":{"line":79,"column":5}}]}},"s":{"0":3,"1":3,"2":44,"3":3,"4":3,"5":3,"6":0,"7":3,"8":3,"9":1,"10":1,"11":1,"12":0,"13":0,"14":1,"15":44,"16":3,"17":0,"18":3,"19":3,"20":3,"21":3,"22":44,"23":3,"24":3,"25":0,"26":3,"27":3,"28":2,"29":2,"30":2,"31":0,"32":0,"33":2,"34":44},"f":{"0":3,"1":3,"2":3,"3":1,"4":3,"5":3,"6":2},"b":{"0":[0,3],"1":[0,1],"2":[0,3],"3":[0,3],"4":[0,2]}}
,"/home/travis/build/wasdk/WebAssemblyStudio/src/utils/splitUtils.ts": {"path":"/home/travis/build/wasdk/WebAssemblyStudio/src/utils/splitUtils.ts","statementMap":{"0":{"start":{"line":25,"column":2},"end":{"line":25,"column":24}},"1":{"start":{"line":24,"column":0},"end":{"line":26,"column":1}},"2":{"start":{"line":29,"column":2},"end":{"line":33,"column":3}},"3":{"start":{"line":30,"column":4},"end":{"line":32,"column":5}},"4":{"start":{"line":31,"column":6},"end":{"line":31,"column":22}},"5":{"start":{"line":34,"column":2},"end":{"line":34,"column":12}},"6":{"start":{"line":28,"column":0},"end":{"line":35,"column":1}}},"fnMap":{"0":{"name":"toCSSPx","decl":{"start":{"line":24,"column":16},"end":{"line":24,"column":23}},"loc":{"start":{"line":24,"column":33},"end":{"line":26,"column":1}}},"1":{"name":"assignObject","decl":{"start":{"line":28,"column":16},"end":{"line":28,"column":28}},"loc":{"start":{"line":28,"column":47},"end":{"line":35,"column":1}}}},"branchMap":{"0":{"loc":{"start":{"line":30,"column":4},"end":{"line":32,"column":5}},"type":"if","locations":[{"start":{"line":30,"column":4},"end":{"line":32,"column":5}},{"start":{"line":30,"column":4},"end":{"line":32,"column":5}}]}},"s":{"0":14,"1":7,"2":24,"3":47,"4":46,"5":24,"6":7},"f":{"0":14,"1":24},"b":{"0":[46,1]}}
,"/home/travis/build/wasdk/WebAssemblyStudio/src/utils/taskRunner.ts": {"path":"/home/travis/build/wasdk/WebAssemblyStudio/src/utils/taskRunner.ts","statementMap":{"0":{"start":{"line":22,"column":0},"end":{"line":22,"column":78}},"1":{"start":{"line":23,"column":0},"end":{"line":23,"column":32}},"2":{"start":{"line":24,"column":0},"end":{"line":24,"column":36}},"3":{"start":{"line":25,"column":0},"end":{"line":25,"column":28}},"4":{"start":{"line":27,"column":0},"end":{"line":31,"column":1}},"5":{"start":{"line":28,"column":2},"end":{"line":28,"column":9}},"6":{"start":{"line":29,"column":2},"end":{"line":29,"column":5}},"7":{"start":{"line":30,"column":2},"end":{"line":30,"column":7}},"8":{"start":{"line":34,"column":20},"end":{"line":34,"column":39}},"9":{"start":{"line":35,"column":22},"end":{"line":35,"column":43}},"10":{"start":{"line":36,"column":13},"end":{"line":36,"column":55}},"11":{"start":{"line":37,"column":2},"end":{"line":37,"column":39}},"12":{"start":{"line":51,"column":4},"end":{"line":56,"column":5}},"13":{"start":{"line":52,"column":6},"end":{"line":54,"column":7}},"14":{"start":{"line":53,"column":8},"end":{"line":53,"column":29}},"15":{"start":{"line":55,"column":6},"end":{"line":55,"column":43}},"16":{"start":{"line":57,"column":4},"end":{"line":57,"column":50}},"17":{"start":{"line":59,"column":2},"end":{"line":61,"column":5}},"18":{"start":{"line":65,"column":28},"end":{"line":66,"column":61}},"19":{"start":{"line":68,"column":27},"end":{"line":69,"column":24}},"20":{"start":{"line":71,"column":17},"end":{"line":71,"column":40}},"21":{"start":{"line":73,"column":2},"end":{"line":74,"column":38}},"22":{"start":{"line":78,"column":14},"end":{"line":81,"column":15}},"23":{"start":{"line":82,"column":17},"end":{"line":82,"column":70}},"24":{"start":{"line":84,"column":2},"end":{"line":84,"column":36}},"25":{"start":{"line":85,"column":2},"end":{"line":85,"column":37}},"26":{"start":{"line":86,"column":2},"end":{"line":86,"column":90}},"27":{"start":{"line":87,"column":20},"end":{"line":87,"column":66}},"28":{"start":{"line":88,"column":2},"end":{"line":88,"column":29}},"29":{"start":{"line":89,"column":2},"end":{"line":89,"column":32}},"30":{"start":{"line":90,"column":2},"end":{"line":92,"column":5}},"31":{"start":{"line":91,"column":4},"end":{"line":91,"column":37}},"32":{"start":{"line":95,"column":75},"end":{"line":95,"column":88}},"33":{"start":{"line":97,"column":0},"end":{"line":125,"column":3}},"34":{"start":{"line":98,"column":2},"end":{"line":100,"column":3}},"35":{"start":{"line":99,"column":4},"end":{"line":99,"column":11}},"36":{"start":{"line":101,"column":24},"end":{"line":101,"column":42}},"37":{"start":{"line":102,"column":18},"end":{"line":102,"column":76}},"38":{"start":{"line":103,"column":2},"end":{"line":103,"column":51}},"39":{"start":{"line":105,"column":24},"end":{"line":105,"column":36}},"40":{"start":{"line":106,"column":2},"end":{"line":124,"column":4}},"41":{"start":{"line":107,"column":15},"end":{"line":107,"column":19}},"42":{"start":{"line":108,"column":4},"end":{"line":111,"column":5}},"43":{"start":{"line":109,"column":18},"end":{"line":109,"column":69}},"44":{"start":{"line":110,"column":6},"end":{"line":110,"column":71}},"45":{"start":{"line":112,"column":4},"end":{"line":122,"column":5}},"46":{"start":{"line":113,"column":6},"end":{"line":121,"column":8}},"47":{"start":{"line":123,"column":4},"end":{"line":123,"column":38}},"48":{"start":{"line":132,"column":36},"end":{"line":132,"column":40}},"49":{"start":{"line":135,"column":2},"end":{"line":135,"column":27}},"50":{"start":{"line":136,"column":20},"end":{"line":136,"column":66}},"51":{"start":{"line":137,"column":2},"end":{"line":137,"column":29}},"52":{"start":{"line":141,"column":2},"end":{"line":141,"column":27}},"53":{"start":{"line":140,"column":0},"end":{"line":142,"column":1}},"54":{"start":{"line":152,"column":30},"end":{"line":152,"column":57}},"55":{"start":{"line":153,"column":2},"end":{"line":156,"column":4}},"56":{"start":{"line":158,"column":15},"end":{"line":158,"column":26}},"57":{"start":{"line":159,"column":2},"end":{"line":182,"column":7}},"58":{"start":{"line":183,"column":2},"end":{"line":193,"column":3}},"59":{"start":{"line":184,"column":4},"end":{"line":190,"column":5}},"60":{"start":{"line":185,"column":6},"end":{"line":185,"column":50}},"61":{"start":{"line":186,"column":6},"end":{"line":186,"column":27}},"62":{"start":{"line":187,"column":6},"end":{"line":187,"column":49}},"63":{"start":{"line":189,"column":6},"end":{"line":189,"column":58}},"64":{"start":{"line":191,"column":9},"end":{"line":193,"column":3}},"65":{"start":{"line":192,"column":4},"end":{"line":192,"column":53}},"66":{"start":{"line":194,"column":2},"end":{"line":194,"column":36}},"67":{"start":{"line":144,"column":0},"end":{"line":195,"column":1}}},"fnMap":{"0":{"name":"(anonymous_6)","decl":{"start":{"line":27,"column":0},"end":{"line":27,"column":11}},"loc":{"start":{"line":27,"column":28},"end":{"line":31,"column":1}}},"1":{"name":"unsafeEval","decl":{"start":{"line":33,"column":9},"end":{"line":33,"column":19}},"loc":{"start":{"line":33,"column":45},"end":{"line":38,"column":1}}},"2":{"name":"contextify","decl":{"start":{"line":40,"column":9},"end":{"line":40,"column":19}},"loc":{"start":{"line":45,"column":38},"end":{"line":75,"column":1}}},"3":{"name":"require","decl":{"start":{"line":50,"column":11},"end":{"line":50,"column":18}},"loc":{"start":{"line":50,"column":57},"end":{"line":58,"column":3}}},"4":{"name":"createSandboxIFrame","decl":{"start":{"line":77,"column":15},"end":{"line":77,"column":34}},"loc":{"start":{"line":77,"column":34},"end":{"line":93,"column":1}}},"5":{"name":"(anonymous_12)","decl":{"start":{"line":90,"column":21},"end":{"line":90,"column":22}},"loc":{"start":{"line":90,"column":60},"end":{"line":92,"column":3}}},"6":{"name":"(anonymous_13)","decl":{"start":{"line":97,"column":35},"end":{"line":97,"column":36}},"loc":{"start":{"line":97,"column":41},"end":{"line":125,"column":1}}},"7":{"name":"(anonymous_14)","decl":{"start":{"line":106,"column":24},"end":{"line":106,"column":25}},"loc":{"start":{"line":106,"column":62},"end":{"line":124,"column":3}}},"8":{"name":"clearCurrentRunnerInfoAndIframe","decl":{"start":{"line":134,"column":9},"end":{"line":134,"column":40}},"loc":{"start":{"line":134,"column":40},"end":{"line":138,"column":1}}},"9":{"name":"getCurrentRunnerInfo","decl":{"start":{"line":140,"column":16},"end":{"line":140,"column":36}},"loc":{"start":{"line":140,"column":36},"end":{"line":142,"column":1}}},"10":{"name":"runTask","decl":{"start":{"line":144,"column":22},"end":{"line":144,"column":29}},"loc":{"start":{"line":150,"column":29},"end":{"line":195,"column":1}}}},"branchMap":{"0":{"loc":{"start":{"line":27,"column":12},"end":{"line":27,"column":28}},"type":"binary-expr","locations":[{"start":{"line":27,"column":12},"end":{"line":27,"column":28}},{"start":{"line":27,"column":12},"end":{"line":27,"column":28}}]},"1":{"loc":{"start":{"line":42,"column":23},"end":{"line":42,"column":29}},"type":"default-arg","locations":[{"start":{"line":42,"column":23},"end":{"line":42,"column":29}}]},"2":{"loc":{"start":{"line":43,"column":17},"end":{"line":43,"column":23}},"type":"default-arg","locations":[{"start":{"line":43,"column":17},"end":{"line":43,"column":23}}]},"3":{"loc":{"start":{"line":44,"column":36},"end":{"line":44,"column":38}},"type":"default-arg","locations":[{"start":{"line":44,"column":36},"end":{"line":44,"column":38}}]},"4":{"loc":{"start":{"line":45,"column":36},"end":{"line":45,"column":38}},"type":"default-arg","locations":[{"start":{"line":45,"column":36},"end":{"line":45,"column":38}}]},"5":{"loc":{"start":{"line":51,"column":4},"end":{"line":56,"column":5}},"type":"if","locations":[{"start":{"line":51,"column":4},"end":{"line":56,"column":5}},{"start":{"line":51,"column":4},"end":{"line":56,"column":5}}]},"6":{"loc":{"start":{"line":52,"column":6},"end":{"line":54,"column":7}},"type":"if","locations":[{"start":{"line":52,"column":6},"end":{"line":54,"column":7}},{"start":{"line":52,"column":6},"end":{"line":54,"column":7}}]},"7":{"loc":{"start":{"line":71,"column":17},"end":{"line":71,"column":30}},"type":"binary-expr","locations":[{"start":{"line":71,"column":17},"end":{"line":71,"column":30}},{"start":{"line":71,"column":34},"end":{"line":71,"column":40}}]},"8":{"loc":{"start":{"line":98,"column":2},"end":{"line":100,"column":3}},"type":"if","locations":[{"start":{"line":98,"column":2},"end":{"line":100,"column":3}},{"start":{"line":98,"column":2},"end":{"line":100,"column":3}}]},"9":{"loc":{"start":{"line":98,"column":6},"end":{"line":98,"column":32}},"type":"binary-expr","locations":[{"start":{"line":98,"column":6},"end":{"line":98,"column":32}},{"start":{"line":98,"column":36},"end":{"line":98,"column":43}},{"start":{"line":98,"column":47},"end":{"line":98,"column":89}}]},"10":{"loc":{"start":{"line":108,"column":4},"end":{"line":111,"column":5}},"type":"if","locations":[{"start":{"line":108,"column":4},"end":{"line":111,"column":5}},{"start":{"line":108,"column":4},"end":{"line":111,"column":5}}]},"11":{"loc":{"start":{"line":108,"column":8},"end":{"line":108,"column":25}},"type":"binary-expr","locations":[{"start":{"line":108,"column":8},"end":{"line":108,"column":25}},{"start":{"line":108,"column":29},"end":{"line":108,"column":71}}]},"12":{"loc":{"start":{"line":112,"column":4},"end":{"line":122,"column":5}},"type":"if","locations":[{"start":{"line":112,"column":4},"end":{"line":122,"column":5}},{"start":{"line":112,"column":4},"end":{"line":122,"column":5}}]},"13":{"loc":{"start":{"line":170,"column":51},"end":{"line":170,"column":57}},"type":"cond-expr","locations":[{"start":{"line":170,"column":51},"end":{"line":170,"column":57}},{"start":{"line":170,"column":60},"end":{"line":170,"column":69}}]},"14":{"loc":{"start":{"line":179,"column":48},"end":{"line":179,"column":51}},"type":"cond-expr","locations":[{"start":{"line":179,"column":48},"end":{"line":179,"column":51}},{"start":{"line":179,"column":54},"end":{"line":179,"column":63}}]},"15":{"loc":{"start":{"line":180,"column":51},"end":{"line":180,"column":61}},"type":"cond-expr","locations":[{"start":{"line":180,"column":51},"end":{"line":180,"column":61}},{"start":{"line":180,"column":64},"end":{"line":180,"column":73}}]},"16":{"loc":{"start":{"line":183,"column":2},"end":{"line":193,"column":3}},"type":"if","locations":[{"start":{"line":183,"column":2},"end":{"line":193,"column":3}},{"start":{"line":183,"column":2},"end":{"line":193,"column":3}}]},"17":{"loc":{"start":{"line":191,"column":9},"end":{"line":193,"column":3}},"type":"if","locations":[{"start":{"line":191,"column":9},"end":{"line":193,"column":3}},{"start":{"line":191,"column":9},"end":{"line":193,"column":3}}]}},"s":{"0":43,"1":43,"2":43,"3":43,"4":43,"5":43,"6":43,"7":43,"8":0,"9":0,"10":0,"11":0,"12":0,"13":0,"14":0,"15":0,"16":0,"17":0,"18":0,"19":0,"20":0,"21":0,"22":0,"23":0,"24":0,"25":0,"26":0,"27":0,"28":0,"29":0,"30":0,"31":0,"32":43,"33":43,"34":1,"35":1,"36":0,"37":0,"38":0,"39":0,"40":0,"41":0,"42":0,"43":0,"44":0,"45":0,"46":0,"47":0,"48":43,"49":0,"50":0,"51":0,"52":0,"53":43,"54":0,"55":0,"56":0,"57":0,"58":0,"59":0,"60":0,"61":0,"62":0,"63":0,"64":0,"65":0,"66":0,"67":43},"f":{"0":43,"1":0,"2":0,"3":0,"4":0,"5":0,"6":1,"7":0,"8":0,"9":0,"10":0},"b":{"0":[43,43],"1":[0],"2":[0],"3":[0],"4":[0],"5":[0,0],"6":[0,0],"7":[0,0],"8":[1,0],"9":[1,1,1],"10":[0,0],"11":[0,0],"12":[0,0],"13":[0,0],"14":[0,0],"15":[0,0],"16":[0,0],"17":[0,0]}}
,"/home/travis/build/wasdk/WebAssemblyStudio/src/utils/zlib.ts": {"path":"/home/travis/build/wasdk/WebAssemblyStudio/src/utils/zlib.ts","statementMap":{"0":{"start":{"line":23,"column":36},"end":{"line":23,"column":40}},"1":{"start":{"line":24,"column":2},"end":{"line":24,"column":99}},"2":{"start":{"line":22,"column":0},"end":{"line":25,"column":1}},"3":{"start":{"line":28,"column":24},"end":{"line":28,"column":44}},"4":{"start":{"line":28,"column":24},"end":{"line":28,"column":43}},"5":{"start":{"line":29,"column":4},"end":{"line":29,"column":25}},"6":{"start":{"line":27,"column":0},"end":{"line":30,"column":1}}},"fnMap":{"0":{"name":"isZlibData","decl":{"start":{"line":22,"column":16},"end":{"line":22,"column":26}},"loc":{"start":{"line":22,"column":43},"end":{"line":25,"column":1}}},"1":{"name":"decompressZlib","decl":{"start":{"line":27,"column":22},"end":{"line":27,"column":36}},"loc":{"start":{"line":27,"column":53},"end":{"line":30,"column":1}}},"2":{"name":"(anonymous_9)","decl":{"start":{"line":28,"column":24},"end":{"line":28,"column":36}},"loc":{"start":{"line":28,"column":24},"end":{"line":28,"column":43}}}},"branchMap":{"0":{"loc":{"start":{"line":24,"column":9},"end":{"line":24,"column":27}},"type":"binary-expr","locations":[{"start":{"line":24,"column":9},"end":{"line":24,"column":27}},{"start":{"line":24,"column":32},"end":{"line":24,"column":51}},{"start":{"line":24,"column":55},"end":{"line":24,"column":74}},{"start":{"line":24,"column":78},"end":{"line":24,"column":97}}]}},"s":{"0":5,"1":5,"2":38,"3":1,"4":1,"5":1,"6":38},"f":{"0":5,"1":1,"2":1},"b":{"0":[5,4,3,2]}}
}
