TN:
SF:/home/travis/build/wasdk/WebAssemblyStudio/src/arc.ts
FN:36,notifyAboutFork
FN:44,(anonymous_1)
FNF:2
FNH:2
FNDA:1,notifyAboutFork
FNDA:1,(anonymous_1)
DA:36,44
DA:37,1
DA:43,44
DA:45,1
LF:4
LH:4
BRF:0
BRH:0
end_of_record
TN:
SF:/home/travis/build/wasdk/WebAssemblyStudio/src/config.ts
FN:33,getConfig
FN:35,(anonymous_8)
FNF:2
FNH:2
FNDA:2,getConfig
FNDA:1,(anonymous_8)
DA:30,38
DA:33,38
DA:34,2
DA:35,1
DA:38,2
LF:5
LH:5
BRDA:34,0,0,1
BRDA:34,0,1,1
BRF:2
BRH:2
end_of_record
TN:
SF:/home/travis/build/wasdk/WebAssemblyStudio/src/dispatcher.ts
FNF:0
FNH:0
DA:22,19
DA:24,19
LF:2
LH:2
BRF:0
BRH:0
end_of_record
TN:
SF:/home/travis/build/wasdk/WebAssemblyStudio/src/errors.ts
FNF:0
FNH:0
DA:22,18
LF:1
LH:1
BRF:0
BRH:0
end_of_record
TN:
SF:/home/travis/build/wasdk/WebAssemblyStudio/src/gulpy.ts
FN:28,(anonymous_6)
FN:37,(anonymous_7)
FN:41,(anonymous_8)
FN:52,(anonymous_9)
FN:55,(anonymous_10)
FN:64,(anonymous_11)
FN:65,(anonymous_13)
FN:66,(anonymous_14)
FN:69,(anonymous_15)
FN:73,(anonymous_17)
FN:79,(anonymous_18)
FN:88,(anonymous_19)
FN:93,(anonymous_20)
FN:95,(anonymous_21)
FN:98,(anonymous_22)
FN:101,(anonymous_23)
FN:104,(anonymous_24)
FNF:17
FNH:13
FNDA:3,(anonymous_6)
FNDA:3,(anonymous_7)
FNDA:3,(anonymous_8)
FNDA:1,(anonymous_9)
FNDA:3,(anonymous_10)
FNDA:3,(anonymous_11)
FNDA:2,(anonymous_13)
FNDA:2,(anonymous_14)
FNDA:1,(anonymous_15)
FNDA:1,(anonymous_17)
FNDA:3,(anonymous_18)
FNDA:0,(anonymous_19)
FNDA:2,(anonymous_20)
FNDA:0,(anonymous_21)
FNDA:0,(anonymous_22)
FNDA:0,(anonymous_23)
FNDA:1,(anonymous_24)
DA:29,3
DA:30,3
DA:38,3
DA:39,3
DA:42,3
DA:43,0
DA:45,3
DA:51,1
DA:53,1
DA:56,3
DA:57,3
DA:58,0
DA:60,3
DA:61,3
DA:62,3
DA:65,3
DA:66,3
DA:67,3
DA:70,1
DA:73,44
DA:74,1
DA:80,3
DA:81,3
DA:82,3
DA:83,2
DA:84,2
DA:85,1
DA:86,1
DA:87,0
DA:88,0
DA:90,1
DA:93,3
DA:96,0
DA:99,0
DA:102,0
DA:105,1
DA:106,1
LF:37
LH:30
BRDA:42,0,0,0
BRDA:42,0,1,3
BRDA:57,1,0,0
BRDA:57,1,1,3
BRDA:82,2,0,2
BRDA:82,2,1,1
BRDA:85,3,0,1
BRDA:85,3,1,0
BRDA:86,4,0,0
BRDA:86,4,1,1
BRDA:88,5,0,0
BRDA:88,5,1,0
BRF:12
BRH:6
end_of_record
TN:
SF:/home/travis/build/wasdk/WebAssemblyStudio/src/index.tsx
FN:43,forEachUrlParameter
FN:46,(anonymous_7)
FN:56,getUrlParameters
FN:58,(anonymous_9)
FN:68,unloadPageHandler
FN:76,getEmbeddingParams
FN:98,init
FN:123,(anonymous_14)
FNF:8
FNH:8
FNDA:13,forEachUrlParameter
FNDA:15,(anonymous_7)
FNDA:11,getUrlParameters
FNDA:11,(anonymous_9)
FNDA:2,unloadPageHandler
FNDA:15,getEmbeddingParams
FNDA:10,init
FNDA:1,(anonymous_14)
DA:22,1
DA:23,1
DA:30,1
DA:32,1
DA:33,1
DA:34,1
DA:35,1
DA:36,1
DA:37,1
DA:38,1
DA:43,1
DA:44,13
DA:45,13
DA:46,13
DA:47,15
DA:48,15
DA:49,11
DA:51,4
DA:56,1
DA:57,11
DA:58,11
DA:59,11
DA:61,11
DA:64,1
DA:68,1
DA:69,2
DA:70,1
DA:71,1
DA:73,1
DA:76,1
DA:77,15
DA:79,15
DA:81,1
DA:82,1
DA:84,4
DA:85,4
DA:87,10
DA:88,10
DA:89,10
DA:91,15
DA:92,15
DA:98,1
DA:99,10
DA:100,10
DA:101,10
DA:102,10
DA:103,10
DA:104,10
DA:105,10
DA:106,10
DA:107,10
DA:108,9
DA:109,9
DA:110,1
DA:115,8
DA:122,9
DA:123,1
DA:125,8
DA:127,2
DA:131,1
LF:60
LH:60
BRDA:48,0,0,11
BRDA:48,0,1,4
BRDA:69,1,0,1
BRDA:69,1,1,1
BRDA:80,2,0,1
BRDA:80,2,1,4
BRDA:80,2,2,10
BRDA:87,3,0,1
BRDA:87,3,1,9
BRDA:88,4,0,2
BRDA:88,4,1,8
BRDA:91,5,0,4
BRDA:91,5,1,11
BRDA:98,6,0,1
BRDA:103,7,0,1
BRDA:103,7,1,9
BRDA:104,8,0,10
BRDA:104,8,1,9
BRDA:109,9,0,1
BRDA:109,9,1,8
BRDA:122,10,0,1
BRDA:122,10,1,8
BRF:22
BRH:22
end_of_record
TN:
SF:/home/travis/build/wasdk/WebAssemblyStudio/src/message.ts
FN:22,(anonymous_0)
FNF:1
FNH:1
FNDA:41,(anonymous_0)
DA:22,41
DA:23,41
DA:24,41
DA:25,41
DA:26,41
DA:27,41
DA:28,41
DA:29,41
DA:30,41
DA:31,41
LF:10
LH:10
BRDA:22,0,0,41
BRDA:22,0,1,41
BRF:2
BRH:2
end_of_record
TN:
SF:/home/travis/build/wasdk/WebAssemblyStudio/src/monaco-controller.ts
FN:25,getController
FN:27,(anonymous_1)
FN:36,(anonymous_2)
FN:37,(anonymous_3)
FN:38,(anonymous_4)
FN:39,(anonymous_5)
FN:51,(anonymous_6)
FN:60,createController
FNF:8
FNH:8
FNDA:68,getController
FNDA:10,(anonymous_1)
FNDA:1,(anonymous_2)
FNDA:1,(anonymous_3)
FNDA:1,(anonymous_4)
FNDA:2,(anonymous_5)
FNDA:2,(anonymous_6)
FNDA:68,createController
DA:22,8
DA:25,8
DA:26,68
DA:28,10
DA:29,10
DA:30,10
DA:31,10
DA:32,10
DA:33,2
DA:35,8
DA:36,1
DA:37,1
DA:38,1
DA:40,2
DA:41,1
DA:45,8
DA:46,8
DA:47,2
DA:49,8
DA:53,2
DA:54,2
DA:55,2
DA:60,8
DA:61,68
DA:62,68
LF:25
LH:25
BRDA:31,0,0,10
BRDA:31,0,1,10
BRDA:32,1,0,2
BRDA:32,1,1,8
BRDA:32,2,0,10
BRDA:32,2,1,9
BRDA:37,3,0,1
BRDA:37,3,1,0
BRDA:40,4,0,1
BRDA:40,4,1,1
BRDA:46,5,0,2
BRDA:46,5,1,6
BRF:12
BRH:11
end_of_record
TN:
SF:/home/travis/build/wasdk/WebAssemblyStudio/src/monaco-dnd.ts
FN:36,(anonymous_6)
FN:44,(anonymous_7)
FN:51,(anonymous_8)
FN:58,(anonymous_9)
FN:66,(anonymous_10)
FN:72,(anonymous_11)
FN:75,(anonymous_12)
FN:95,(anonymous_13)
FNF:8
FNH:8
FNDA:58,(anonymous_6)
FNDA:1,(anonymous_7)
FNDA:1,(anonymous_8)
FNDA:1,(anonymous_9)
FNDA:7,(anonymous_10)
FNDA:2,(anonymous_11)
FNDA:2,(anonymous_12)
FNDA:2,(anonymous_13)
DA:22,6
DA:30,6
DA:31,6
DA:33,6
DA:37,58
DA:45,1
DA:52,1
DA:59,1
DA:68,7
DA:69,2
DA:72,2
DA:73,2
DA:74,2
DA:75,2
DA:82,5
DA:83,5
DA:96,2
DA:97,2
DA:98,1
DA:99,1
DA:101,1
DA:102,1
LF:22
LH:22
BRDA:68,0,0,2
BRDA:68,0,1,5
BRDA:73,1,0,2
BRDA:73,1,1,0
BRDA:73,2,0,2
BRDA:73,2,1,2
BRDA:84,3,0,5
BRDA:84,3,1,3
BRDA:84,3,2,2
BRDA:97,4,0,1
BRDA:97,4,1,1
BRDA:97,5,0,2
BRDA:97,5,1,1
BRDA:102,6,0,1
BRDA:102,6,1,1
BRF:15
BRH:14
end_of_record
TN:
SF:/home/travis/build/wasdk/WebAssemblyStudio/src/monaco-extra.ts
FN:475,(anonymous_0)
FN:481,(anonymous_1)
FN:485,(anonymous_2)
FN:489,(anonymous_3)
FN:498,(anonymous_4)
FN:503,(anonymous_5)
FN:507,(anonymous_6)
FN:516,(anonymous_7)
FN:521,(anonymous_8)
FN:525,(anonymous_9)
FN:568,(anonymous_10)
FN:573,(anonymous_11)
FN:588,(anonymous_12)
FN:590,(anonymous_13)
FNF:14
FNH:2
FNDA:0,(anonymous_0)
FNDA:0,(anonymous_1)
FNDA:0,(anonymous_2)
FNDA:0,(anonymous_3)
FNDA:0,(anonymous_4)
FNDA:0,(anonymous_5)
FNDA:0,(anonymous_6)
FNDA:0,(anonymous_7)
FNDA:0,(anonymous_8)
FNDA:0,(anonymous_9)
FNDA:6,(anonymous_10)
FNDA:6,(anonymous_11)
FNDA:0,(anonymous_12)
FNDA:0,(anonymous_13)
DA:469,6
DA:476,0
DA:477,0
DA:478,0
DA:490,0
DA:494,6
DA:499,0
DA:500,0
DA:504,0
DA:508,0
DA:512,6
DA:517,0
DA:518,0
DA:522,0
DA:526,0
DA:568,6
DA:569,6
DA:570,6
DA:573,6
DA:574,6
DA:575,6
DA:585,6
DA:586,6
DA:587,6
DA:588,6
DA:589,6
DA:590,6
LF:27
LH:15
BRDA:568,0,0,6
BRDA:568,0,1,6
BRDA:573,1,0,6
BRDA:573,1,1,6
BRDA:588,2,0,0
BRDA:590,3,0,0
BRF:6
BRH:4
end_of_record
TN:
SF:/home/travis/build/wasdk/WebAssemblyStudio/src/monaco-utils.ts
FN:33,(anonymous_6)
FN:35,(anonymous_8)
FN:37,(anonymous_9)
FN:39,(anonymous_10)
FN:41,(anonymous_11)
FN:43,(anonymous_12)
FN:45,(anonymous_13)
FN:47,(anonymous_14)
FN:56,(anonymous_15)
FNF:9
FNH:0
FNDA:0,(anonymous_6)
FNDA:0,(anonymous_8)
FNDA:0,(anonymous_9)
FNDA:0,(anonymous_10)
FNDA:0,(anonymous_11)
FNDA:0,(anonymous_12)
FNDA:0,(anonymous_13)
FNDA:0,(anonymous_14)
FNDA:0,(anonymous_15)
DA:25,4
DA:35,0
DA:37,0
DA:39,0
DA:41,0
DA:43,0
DA:45,0
DA:47,0
DA:48,0
DA:49,0
DA:50,0
DA:51,0
DA:52,0
DA:53,0
DA:57,0
DA:58,0
DA:61,0
DA:63,0
DA:64,0
DA:67,0
DA:68,0
LF:21
LH:1
BRF:0
BRH:0
end_of_record
TN:
SF:/home/travis/build/wasdk/WebAssemblyStudio/src/service.ts
FN:62,getProjectFilePath
FN:74,(anonymous_7)
FN:76,(anonymous_8)
FN:71,(anonymous_9)
FN:94,(anonymous_10)
FN:99,(anonymous_11)
FN:100,(anonymous_13)
FN:102,(anonymous_14)
FN:104,(anonymous_15)
FN:113,(anonymous_16)
FN:117,(anonymous_18)
FN:121,(anonymous_20)
FN:125,(anonymous_22)
FN:129,(anonymous_24)
FN:133,(anonymous_26)
FN:137,(anonymous_28)
FN:141,(anonymous_30)
FN:145,(anonymous_32)
FN:153,(anonymous_34)
FN:204,(anonymous_35)
FN:209,(anonymous_37)
FN:215,(anonymous_38)
FN:241,(anonymous_39)
FN:261,(anonymous_40)
FN:266,(anonymous_42)
FN:285,(anonymous_44)
FN:293,(anonymous_46)
FN:300,(anonymous_48)
FN:314,(anonymous_50)
FN:321,(anonymous_52)
FN:331,(anonymous_54)
FN:339,(anonymous_56)
FN:355,(anonymous_58)
FN:366,(anonymous_59)
FN:369,serialize
FN:371,(anonymous_62)
FN:384,(anonymous_63)
FN:386,(anonymous_65)
FN:408,(anonymous_66)
FN:431,(anonymous_68)
FN:432,(anonymous_69)
FN:441,(anonymous_70)
FN:449,(anonymous_71)
FN:460,(anonymous_73)
FN:469,(anonymous_75)
FN:480,(anonymous_77)
FN:491,(anonymous_79)
FN:502,(anonymous_81)
FN:514,(anonymous_83)
FN:530,(anonymous_84)
FN:532,format
FN:553,(anonymous_87)
FN:560,toBytes
FN:561,(anonymous_90)
FN:585,(anonymous_91)
FN:598,(anonymous_92)
FN:616,(anonymous_93)
FN:625,(anonymous_94)
FN:639,(anonymous_95)
FN:643,(anonymous_97)
FN:654,(anonymous_98)
FN:666,(anonymous_99)
FN:675,(anonymous_101)
FNF:63
FNH:62
FNDA:16,getProjectFilePath
FNDA:54,(anonymous_7)
FNDA:3,(anonymous_8)
FNDA:3,(anonymous_9)
FNDA:3,(anonymous_10)
FNDA:3,(anonymous_11)
FNDA:3,(anonymous_13)
FNDA:2,(anonymous_14)
FNDA:1,(anonymous_15)
FNDA:1,(anonymous_16)
FNDA:1,(anonymous_18)
FNDA:1,(anonymous_20)
FNDA:1,(anonymous_22)
FNDA:1,(anonymous_24)
FNDA:1,(anonymous_26)
FNDA:11,(anonymous_28)
FNDA:1,(anonymous_30)
FNDA:1,(anonymous_32)
FNDA:5,(anonymous_34)
FNDA:5,(anonymous_35)
FNDA:8,(anonymous_37)
FNDA:8,(anonymous_38)
FNDA:0,(anonymous_39)
FNDA:1,(anonymous_40)
FNDA:3,(anonymous_42)
FNDA:12,(anonymous_44)
FNDA:1,(anonymous_46)
FNDA:3,(anonymous_48)
FNDA:1,(anonymous_50)
FNDA:1,(anonymous_52)
FNDA:1,(anonymous_54)
FNDA:2,(anonymous_56)
FNDA:3,(anonymous_58)
FNDA:4,(anonymous_59)
FNDA:5,serialize
FNDA:1,(anonymous_62)
FNDA:1,(anonymous_63)
FNDA:2,(anonymous_65)
FNDA:3,(anonymous_66)
FNDA:5,(anonymous_68)
FNDA:5,(anonymous_69)
FNDA:1,(anonymous_70)
FNDA:1,(anonymous_71)
FNDA:1,(anonymous_73)
FNDA:1,(anonymous_75)
FNDA:1,(anonymous_77)
FNDA:1,(anonymous_79)
FNDA:1,(anonymous_81)
FNDA:2,(anonymous_83)
FNDA:2,(anonymous_84)
FNDA:1,format
FNDA:2,(anonymous_87)
FNDA:10,toBytes
FNDA:32,(anonymous_90)
FNDA:10,(anonymous_91)
FNDA:10,(anonymous_92)
FNDA:2,(anonymous_93)
FNDA:1,(anonymous_94)
FNDA:1,(anonymous_95)
FNDA:1,(anonymous_97)
FNDA:1,(anonymous_98)
FNDA:4,(anonymous_99)
FNDA:1,(anonymous_101)
DA:21,41
DA:22,41
DA:23,41
DA:24,41
DA:25,41
DA:26,41
DA:27,41
DA:28,41
DA:60,41
DA:63,16
DA:64,16
DA:67,41
DA:69,54
DA:70,54
DA:72,3
DA:75,54
DA:76,54
DA:77,3
DA:78,0
DA:80,3
DA:81,3
DA:82,2
DA:84,1
DA:88,1
DA:90,3
DA:95,3
DA:96,3
DA:100,3
DA:101,3
DA:102,3
DA:103,2
DA:105,1
DA:107,3
DA:114,1
DA:118,1
DA:122,1
DA:126,1
DA:130,1
DA:134,1
DA:138,11
DA:142,1
DA:146,1
DA:150,41
DA:151,41
DA:155,5
DA:156,5
DA:157,4
DA:160,4
DA:161,1
DA:162,0
DA:164,1
DA:165,1
DA:166,1
DA:167,1
DA:168,1
DA:169,1
DA:170,0
DA:171,0
DA:173,1
DA:182,4
DA:183,4
DA:184,4
DA:185,0
DA:187,4
DA:188,4
DA:189,4
DA:190,1
DA:191,3
DA:192,2
DA:194,4
DA:201,5
DA:205,5
DA:207,5
DA:209,5
DA:210,8
DA:211,8
DA:214,5
DA:216,8
DA:219,8
DA:223,5
DA:225,5
DA:226,8
DA:229,5
DA:230,3
DA:231,3
DA:232,3
DA:234,0
DA:235,0
DA:236,0
DA:238,0
DA:239,0
DA:240,0
DA:241,0
DA:242,0
DA:247,5
DA:248,1
DA:251,4
DA:252,4
DA:253,3
DA:254,3
DA:255,3
DA:258,4
DA:262,1
DA:263,1
DA:267,3
DA:268,1
DA:270,2
DA:271,2
DA:272,2
DA:275,2
DA:276,2
DA:277,1
DA:282,2
DA:286,12
DA:287,12
DA:288,12
DA:289,12
DA:290,12
DA:294,1
DA:295,1
DA:296,1
DA:297,1
DA:301,3
DA:302,3
DA:303,3
DA:304,3
DA:305,3
DA:307,1
DA:309,3
DA:311,2
DA:315,1
DA:316,1
DA:317,1
DA:318,1
DA:322,1
DA:323,1
DA:328,1
DA:332,1
DA:333,1
DA:336,1
DA:340,2
DA:341,2
DA:342,1
DA:344,1
DA:349,1
DA:350,1
DA:351,1
DA:356,3
DA:357,3
DA:358,2
DA:359,2
DA:360,1
DA:363,3
DA:367,4
DA:368,4
DA:370,5
DA:371,1
DA:373,4
DA:376,4
DA:377,4
DA:378,4
DA:379,1
DA:381,4
DA:385,1
DA:386,1
DA:389,2
DA:390,1
DA:391,1
DA:393,1
DA:394,1
DA:396,2
DA:401,2
DA:403,1
DA:409,3
DA:410,4
DA:411,4
DA:413,4
DA:414,2
DA:415,1
DA:417,1
DA:420,2
DA:421,2
DA:422,1
DA:424,1
DA:427,4
DA:432,5
DA:433,5
DA:434,5
DA:435,5
DA:436,5
DA:437,5
DA:438,5
DA:439,5
DA:440,5
DA:441,5
DA:442,1
DA:443,1
DA:450,1
DA:451,1
DA:452,1
DA:453,1
DA:454,1
DA:455,1
DA:456,1
DA:457,1
DA:461,1
DA:462,1
DA:463,1
DA:464,1
DA:465,1
DA:466,1
DA:470,1
DA:471,1
DA:472,1
DA:473,1
DA:474,1
DA:475,1
DA:476,1
DA:477,1
DA:481,1
DA:482,1
DA:483,1
DA:484,1
DA:485,1
DA:486,1
DA:487,1
DA:488,1
DA:492,1
DA:493,1
DA:494,1
DA:495,1
DA:496,1
DA:497,1
DA:498,1
DA:499,1
DA:503,1
DA:504,1
DA:505,1
DA:506,1
DA:507,1
DA:508,1
DA:509,1
DA:510,1
DA:513,41
DA:515,2
DA:516,1
DA:517,1
DA:518,1
DA:520,2
DA:521,2
DA:522,2
DA:523,2
DA:524,2
DA:528,41
DA:531,2
DA:533,1
DA:534,1
DA:537,2
DA:538,1
DA:540,1
DA:541,1
DA:542,1
DA:543,1
DA:545,0
DA:549,1
DA:554,2
DA:555,2
DA:556,1
DA:558,2
DA:561,32
DA:564,2
DA:565,2
DA:573,2
DA:574,2
DA:575,2
DA:576,2
DA:577,2
DA:578,2
DA:579,2
DA:580,2
DA:581,2
DA:582,2
DA:583,2
DA:584,2
DA:585,2
DA:586,10
DA:587,10
DA:588,0
DA:589,0
DA:590,0
DA:592,0
DA:593,0
DA:594,0
DA:598,2
DA:599,10
DA:600,0
DA:601,0
DA:602,0
DA:604,0
DA:606,10
DA:607,10
DA:609,2
DA:611,2
DA:617,2
DA:622,2
DA:623,1
DA:625,2
DA:626,1
DA:627,1
DA:628,1
DA:629,1
DA:630,1
DA:636,2
DA:640,1
DA:641,1
DA:642,1
DA:643,1
DA:644,1
DA:645,1
DA:648,1
DA:650,1
DA:651,1
DA:652,1
DA:653,1
DA:654,1
DA:655,1
DA:657,1
DA:658,1
DA:659,1
DA:661,1
DA:662,1
DA:663,1
DA:667,4
DA:668,3
DA:670,2
DA:671,2
DA:672,2
DA:676,1
DA:677,1
DA:678,1
DA:679,1
DA:680,1
DA:681,1
DA:682,1
DA:683,1
DA:684,1
LF:346
LH:322
BRDA:77,0,0,0
BRDA:77,0,1,3
BRDA:81,1,0,2
BRDA:81,1,1,1
BRDA:156,2,0,4
BRDA:156,2,1,1
BRDA:161,3,0,0
BRDA:161,3,1,1
BRDA:168,4,0,1
BRDA:168,4,1,0
BRDA:170,5,0,0
BRDA:170,5,1,0
BRDA:184,6,0,0
BRDA:184,6,1,4
BRDA:189,7,0,1
BRDA:189,7,1,3
BRDA:191,8,0,2
BRDA:191,8,1,1
BRDA:204,9,0,4
BRDA:231,10,0,3
BRDA:231,10,1,0
BRDA:231,11,0,3
BRDA:231,11,1,0
BRDA:235,12,0,0
BRDA:235,12,1,0
BRDA:239,13,0,0
BRDA:239,13,1,0
BRDA:247,14,0,1
BRDA:247,14,1,4
BRDA:254,15,0,3
BRDA:254,15,1,0
BRDA:261,16,0,1
BRDA:266,17,0,0
BRDA:267,18,0,1
BRDA:267,18,1,2
BRDA:276,19,0,1
BRDA:276,19,1,1
BRDA:287,20,0,12
BRDA:287,20,1,1
BRDA:289,21,0,12
BRDA:289,21,1,1
BRDA:302,22,0,3
BRDA:302,22,1,1
BRDA:309,23,0,3
BRDA:309,23,1,1
BRDA:341,24,0,1
BRDA:341,24,1,1
BRDA:357,25,0,2
BRDA:357,25,1,1
BRDA:359,26,0,1
BRDA:359,26,1,1
BRDA:370,27,0,1
BRDA:370,27,1,4
BRDA:378,28,0,1
BRDA:378,28,1,3
BRDA:389,29,0,1
BRDA:389,29,1,1
BRDA:408,30,0,1
BRDA:413,31,0,2
BRDA:413,31,1,2
BRDA:414,32,0,1
BRDA:414,32,1,1
BRDA:421,33,0,1
BRDA:421,33,1,1
BRDA:433,34,0,5
BRDA:433,34,1,1
BRDA:442,35,0,1
BRDA:442,35,1,1
BRDA:453,36,0,1
BRDA:453,36,1,1
BRDA:455,37,0,1
BRDA:455,37,1,1
BRDA:463,38,0,1
BRDA:463,38,1,1
BRDA:465,39,0,1
BRDA:465,39,1,1
BRDA:472,40,0,1
BRDA:472,40,1,1
BRDA:474,41,0,1
BRDA:474,41,1,1
BRDA:483,42,0,1
BRDA:483,42,1,1
BRDA:485,43,0,1
BRDA:485,43,1,1
BRDA:494,44,0,1
BRDA:494,44,1,1
BRDA:496,45,0,1
BRDA:496,45,1,1
BRDA:505,46,0,1
BRDA:505,46,1,1
BRDA:507,47,0,1
BRDA:507,47,1,1
BRDA:515,48,0,1
BRDA:515,48,1,1
BRDA:523,49,0,2
BRDA:523,49,1,0
BRDA:537,50,0,1
BRDA:537,50,1,1
BRDA:553,51,0,2
BRDA:555,52,0,1
BRDA:555,52,1,1
BRDA:587,53,0,0
BRDA:587,53,1,10
BRDA:589,54,0,0
BRDA:589,54,1,0
BRDA:593,55,0,0
BRDA:593,55,1,0
BRDA:599,56,0,0
BRDA:599,56,1,10
BRDA:601,57,0,0
BRDA:601,57,1,0
BRDA:622,58,0,1
BRDA:622,58,1,1
BRDA:626,59,0,1
BRDA:626,59,1,0
BRDA:667,60,0,3
BRDA:667,60,1,1
BRDA:678,61,0,1
BRDA:678,61,1,1
BRDA:683,62,0,1
BRDA:683,62,1,1
BRF:121
BRH:97
end_of_record
TN:
SF:/home/travis/build/wasdk/WebAssemblyStudio/src/util.ts
FN:24,toAddress
FN:32,padRight
FN:40,padLeft
FN:54,isBranch
FN:83,concat3
FN:90,concat4
FN:99,base64EncodeBytes
FN:148,decodeRestrictedBase64ToBytes
FN:184,layout
FN:188,(anonymous_15)
FN:194,resetDOMSelection
FN:198,assert
FN:204,clamp
FN:208,readUploadedFile
FN:210,(anonymous_21)
FN:211,(anonymous_22)
FN:215,(anonymous_23)
FN:228,readUploadedDirectory
FN:230,(anonymous_26)
FN:231,(anonymous_27)
FN:231,(anonymous_28)
FN:235,(anonymous_29)
FN:235,(anonymous_30)
FN:256,uploadFilesToDirectory
FN:257,(anonymous_33)
FN:257,(anonymous_34)
FN:288,isUploadAllowedForMimeType
FN:297,getNextKey
FN:301,validateFileName
FNF:29
FNH:29
FNDA:12,toAddress
FNDA:13,padRight
FNDA:35,padLeft
FNDA:42,isBranch
FNDA:2,concat3
FNDA:8,concat4
FNDA:4,base64EncodeBytes
FNDA:6,decodeRestrictedBase64ToBytes
FNDA:296,layout
FNDA:46,(anonymous_15)
FNDA:1,resetDOMSelection
FNDA:459,assert
FNDA:5,clamp
FNDA:11,readUploadedFile
FNDA:11,(anonymous_21)
FNDA:1,(anonymous_22)
FNDA:9,(anonymous_23)
FNDA:5,readUploadedDirectory
FNDA:3,(anonymous_26)
FNDA:4,(anonymous_27)
FNDA:4,(anonymous_28)
FNDA:3,(anonymous_29)
FNDA:3,(anonymous_30)
FNDA:7,uploadFilesToDirectory
FNDA:6,(anonymous_33)
FNDA:6,(anonymous_34)
FNDA:5,isUploadAllowedForMimeType
FNDA:1023,getNextKey
FNDA:41,validateFileName
DA:22,43
DA:24,43
DA:25,12
DA:26,12
DA:27,59
DA:29,12
DA:32,43
DA:33,13
DA:34,13
DA:35,294
DA:37,13
DA:40,43
DA:41,35
DA:42,35
DA:43,12
DA:45,35
DA:48,43
DA:54,43
DA:55,42
DA:58,43
DA:67,43
DA:68,43
DA:70,43
DA:71,43
DA:72,43
DA:83,43
DA:84,2
DA:85,2
DA:86,2
DA:87,2
DA:90,43
DA:91,8
DA:92,8
DA:93,8
DA:94,8
DA:95,8
DA:99,43
DA:100,4
DA:101,4
DA:103,4
DA:104,4
DA:105,4
DA:114,4
DA:116,5
DA:119,5
DA:120,5
DA:121,5
DA:122,5
DA:124,5
DA:129,4
DA:130,1
DA:132,1
DA:134,1
DA:135,1
DA:136,3
DA:137,2
DA:139,2
DA:140,2
DA:142,2
DA:143,2
DA:145,4
DA:148,43
DA:153,6
DA:154,6
DA:155,6
DA:157,6
DA:158,18
DA:159,18
DA:160,18
DA:161,18
DA:162,18
DA:164,18
DA:165,18
DA:166,2
DA:168,16
DA:169,16
DA:171,16
DA:172,16
DA:173,3
DA:175,13
DA:176,13
DA:178,1
DA:181,43
DA:182,43
DA:184,43
DA:185,296
DA:186,0
DA:188,296
DA:189,46
DA:190,46
DA:194,43
DA:195,1
DA:198,43
DA:199,459
DA:200,9
DA:204,43
DA:205,5
DA:208,43
DA:209,11
DA:210,11
DA:211,11
DA:212,1
DA:213,1
DA:215,11
DA:216,9
DA:218,11
DA:219,9
DA:220,2
DA:221,1
DA:223,1
DA:228,43
DA:229,5
DA:230,5
DA:231,4
DA:232,4
DA:233,1
DA:235,3
DA:236,3
DA:237,3
DA:238,3
DA:239,3
DA:240,1
DA:241,1
DA:242,1
DA:244,3
DA:245,3
DA:246,3
DA:247,3
DA:249,0
DA:256,43
DA:257,7
DA:258,6
DA:259,3
DA:260,3
DA:261,2
DA:262,1
DA:263,1
DA:265,1
DA:269,4
DA:270,1
DA:272,3
DA:274,4
DA:275,4
DA:276,4
DA:278,4
DA:279,4
DA:280,4
DA:281,4
DA:283,0
DA:288,43
DA:289,5
DA:290,1
DA:292,4
DA:295,43
DA:297,43
DA:298,1023
DA:301,43
DA:302,41
DA:303,1
DA:306,40
DA:307,5
DA:310,35
DA:311,35
DA:312,1
DA:315,34
DA:316,7
DA:319,27
LF:167
LH:164
BRDA:129,0,0,1
BRDA:129,0,1,3
BRDA:136,1,0,2
BRDA:136,1,1,1
BRDA:154,2,0,2
BRDA:154,2,1,4
BRDA:154,3,0,3
BRDA:154,3,1,1
BRDA:165,4,0,2
BRDA:165,4,1,16
BRDA:172,5,0,3
BRDA:172,5,1,13
BRDA:185,6,0,0
BRDA:185,6,1,296
BRDA:199,7,0,9
BRDA:199,7,1,450
BRDA:218,8,0,9
BRDA:218,8,1,2
BRDA:220,9,0,1
BRDA:220,9,1,1
BRDA:232,10,0,1
BRDA:232,10,1,3
BRDA:239,11,0,1
BRDA:239,11,1,2
BRDA:245,12,0,0
BRDA:245,12,1,3
BRDA:258,13,0,3
BRDA:258,13,1,3
BRDA:260,14,0,2
BRDA:260,14,1,1
BRDA:261,15,0,1
BRDA:261,15,1,1
BRDA:269,16,0,1
BRDA:269,16,1,3
BRDA:275,17,0,4
BRDA:275,17,1,4
BRDA:279,18,0,0
BRDA:279,18,1,4
BRDA:289,19,0,1
BRDA:289,19,1,4
BRDA:302,20,0,1
BRDA:302,20,1,40
BRDA:306,21,0,5
BRDA:306,21,1,35
BRDA:311,22,0,1
BRDA:311,22,1,34
BRDA:315,23,0,7
BRDA:315,23,1,27
BRF:48
BRH:45
end_of_record
TN:
SF:/home/travis/build/wasdk/WebAssemblyStudio/src/worker.ts
FN:26,assert
FN:54,loadBinaryen
FN:60,loadWabt
FN:70,loadTwiggy
FN:84,(anonymous_13)
FN:100,processMessage
FN:117,optimizeWasmWithBinaryen
FN:124,validateWasmWithBinaryen
FN:130,createWasmCallGraphWithBinaryen
FN:135,(anonymous_22)
FN:141,convertWasmToAsmWithBinaryen
FN:148,disassembleWasmWithBinaryen
FN:154,assembleWatWithBinaryen
FN:160,disassembleWasmWithWabt
FN:168,assembleWatWithWabt
FN:185,twiggyWasm
FN:202,(anonymous_35)
FN:235,printDominator
FN:245,(anonymous_37)
FNF:19
FNH:0
FNDA:0,assert
FNDA:0,loadBinaryen
FNDA:0,loadWabt
FNDA:0,loadTwiggy
FNDA:0,(anonymous_13)
FNDA:0,processMessage
FNDA:0,optimizeWasmWithBinaryen
FNDA:0,validateWasmWithBinaryen
FNDA:0,createWasmCallGraphWithBinaryen
FNDA:0,(anonymous_22)
FNDA:0,convertWasmToAsmWithBinaryen
FNDA:0,disassembleWasmWithBinaryen
FNDA:0,assembleWatWithBinaryen
FNDA:0,disassembleWasmWithWabt
FNDA:0,assembleWatWithWabt
FNDA:0,twiggyWasm
FNDA:0,(anonymous_35)
FNDA:0,printDominator
FNDA:0,(anonymous_37)
DA:22,0
DA:27,0
DA:28,0
DA:55,0
DA:56,0
DA:61,0
DA:62,0
DA:63,0
DA:67,0
DA:71,0
DA:72,0
DA:73,0
DA:74,0
DA:84,0
DA:85,0
DA:96,0
DA:97,0
DA:101,0
DA:106,0
DA:107,0
DA:109,0
DA:112,0
DA:114,0
DA:118,0
DA:119,0
DA:120,0
DA:121,0
DA:125,0
DA:126,0
DA:127,0
DA:131,0
DA:132,0
DA:133,0
DA:134,0
DA:135,0
DA:136,0
DA:137,0
DA:138,0
DA:142,0
DA:143,0
DA:144,0
DA:145,0
DA:149,0
DA:150,0
DA:151,0
DA:155,0
DA:156,0
DA:157,0
DA:161,0
DA:162,0
DA:163,0
DA:164,0
DA:165,0
DA:169,0
DA:170,0
DA:171,0
DA:172,0
DA:173,0
DA:186,0
DA:188,0
DA:190,0
DA:193,0
DA:194,0
DA:196,0
DA:197,0
DA:198,0
DA:200,0
DA:201,0
DA:202,0
DA:203,0
DA:204,0
DA:206,0
DA:210,0
DA:211,0
DA:226,0
DA:227,0
DA:228,0
DA:231,0
DA:232,0
DA:233,0
DA:234,0
DA:236,0
DA:237,0
DA:238,0
DA:240,0
DA:241,0
DA:243,0
DA:244,0
DA:245,0
DA:246,0
DA:247,0
DA:249,0
DA:254,0
DA:255,0
DA:256,0
DA:258,0
LF:96
LH:0
BRDA:27,0,0,0
BRDA:27,0,1,0
BRDA:55,1,0,0
BRDA:55,1,1,0
BRDA:61,2,0,0
BRDA:61,2,1,0
BRDA:71,3,0,0
BRDA:71,3,1,0
BRDA:203,4,0,0
BRDA:203,4,1,0
BRDA:210,5,0,0
BRDA:210,5,1,0
BRDA:240,6,0,0
BRDA:240,6,1,0
BRDA:244,7,0,0
BRDA:244,7,1,0
BRDA:246,8,0,0
BRDA:246,8,1,0
BRDA:255,9,0,0
BRDA:255,9,1,0
BRF:20
BRH:0
end_of_record
TN:
SF:/home/travis/build/wasdk/WebAssemblyStudio/src/actions/AppActions.ts
FN:35,(anonymous_6)
FN:66,addFileTo
FN:79,loadProject
FN:86,initStore
FN:99,updateFileNameAndDescription
FN:113,deleteFile
FN:128,logLn
FN:140,splitGroup
FN:152,openView
FN:165,closeView
FN:177,closeTabs
FN:192,openFile
FN:201,openFiles
FN:213,openProjectFiles
FN:225,saveProject
FN:230,(anonymous_23)
FN:231,(anonymous_24)
FN:248,focusTabGroup
FN:264,pushStatus
FN:271,popStatus
FN:282,runTask
FN:288,(anonymous_30)
FN:288,(anonymous_31)
FN:309,run
FN:314,(anonymous_34)
FN:331,build
FN:343,setViewType
FNF:27
FNH:27
FNDA:18,(anonymous_6)
FNDA:1,addFileTo
FNDA:2,loadProject
FNDA:89,initStore
FNDA:2,updateFileNameAndDescription
FNDA:1,deleteFile
FNDA:11,logLn
FNDA:1,splitGroup
FNDA:3,openView
FNDA:1,closeView
FNDA:1,closeTabs
FNDA:5,openFile
FNDA:2,openFiles
FNDA:2,openProjectFiles
FNDA:1,saveProject
FNDA:1,(anonymous_23)
FNDA:1,(anonymous_24)
FNDA:2,focusTabGroup
FNDA:18,pushStatus
FNDA:17,popStatus
FNDA:5,runTask
FNDA:4,(anonymous_30)
FNDA:4,(anonymous_31)
FNDA:3,run
FNDA:1,(anonymous_34)
FNDA:1,build
FNDA:1,setViewType
DA:22,18
DA:23,18
DA:26,18
DA:27,18
DA:28,18
DA:30,18
DA:32,18
DA:33,18
DA:35,18
DA:36,18
DA:37,18
DA:38,18
DA:39,18
DA:40,18
DA:41,18
DA:42,18
DA:43,18
DA:44,18
DA:45,18
DA:46,18
DA:47,18
DA:48,18
DA:49,18
DA:50,18
DA:51,18
DA:52,18
DA:53,18
DA:66,18
DA:67,1
DA:79,18
DA:80,2
DA:86,18
DA:87,89
DA:99,18
DA:100,2
DA:113,18
DA:114,1
DA:128,18
DA:129,11
DA:140,18
DA:141,1
DA:152,18
DA:153,3
DA:165,18
DA:166,1
DA:177,18
DA:178,1
DA:192,18
DA:193,5
DA:201,18
DA:202,2
DA:213,18
DA:214,2
DA:215,2
DA:216,2
DA:220,2
DA:221,1
DA:225,18
DA:226,1
DA:227,1
DA:228,1
DA:230,1
DA:231,1
DA:234,1
DA:235,1
DA:237,1
DA:240,1
DA:248,18
DA:249,2
DA:264,18
DA:265,18
DA:271,18
DA:272,17
DA:282,18
DA:288,5
DA:289,4
DA:290,4
DA:292,5
DA:293,5
DA:294,2
DA:296,3
DA:297,1
DA:298,1
DA:300,2
DA:301,1
DA:303,1
DA:309,18
DA:310,3
DA:311,3
DA:312,3
DA:313,3
DA:314,3
DA:315,1
DA:316,1
DA:319,3
DA:320,3
DA:321,1
DA:322,1
DA:325,2
DA:331,18
DA:332,1
DA:333,1
DA:334,1
DA:343,18
DA:344,1
LF:105
LH:105
BRDA:35,0,0,18
BRDA:35,0,1,18
BRDA:128,1,0,5
BRDA:152,2,0,2
BRDA:192,3,0,2
BRDA:192,4,0,3
BRDA:220,5,0,1
BRDA:220,5,1,1
BRDA:284,6,0,4
BRDA:285,7,0,4
BRDA:293,8,0,2
BRDA:293,8,1,3
BRDA:296,9,0,1
BRDA:296,9,1,2
BRDA:300,10,0,1
BRDA:300,10,1,1
BRDA:320,11,0,1
BRDA:320,11,1,2
BRF:18
BRH:18
end_of_record
TN:
SF:/home/travis/build/wasdk/WebAssemblyStudio/src/actions/ArcActions.ts
FN:26,publishArc
FN:32,notifyArcAboutFork
FNF:2
FNH:2
FNDA:1,publishArc
FNDA:1,notifyArcAboutFork
DA:22,3
DA:23,3
DA:24,3
DA:26,3
DA:27,1
DA:28,1
DA:29,1
DA:32,3
DA:33,1
LF:9
LH:9
BRF:0
BRH:0
end_of_record
TN:
SF:/home/travis/build/wasdk/WebAssemblyStudio/src/compilerServices/clangService.ts
FN:28,(anonymous_6)
FN:32,(anonymous_7)
FNF:2
FNH:2
FNDA:5,(anonymous_6)
FNDA:3,(anonymous_7)
DA:22,40
DA:23,40
DA:25,40
DA:29,5
DA:33,3
DA:34,3
DA:35,1
DA:37,2
DA:38,2
DA:39,2
DA:40,2
DA:52,2
DA:53,2
DA:55,2
DA:56,1
DA:59,2
DA:60,1
DA:62,2
LF:18
LH:18
BRDA:34,0,0,1
BRDA:34,0,1,2
BRDA:55,1,0,1
BRDA:55,1,1,1
BRDA:59,2,0,1
BRDA:59,2,1,1
BRDA:59,3,0,2
BRDA:59,3,1,2
BRF:8
BRH:8
end_of_record
TN:
SF:/home/travis/build/wasdk/WebAssemblyStudio/src/compilerServices/index.ts
FN:35,createCompilerService
FNF:1
FNH:1
FNDA:14,createCompilerService
DA:21,40
DA:22,40
DA:23,40
DA:24,40
DA:26,40
DA:27,40
DA:28,40
DA:29,40
DA:30,40
DA:31,40
DA:32,40
DA:35,40
DA:36,14
DA:37,5
DA:39,9
DA:40,5
DA:42,4
DA:43,3
DA:45,1
LF:19
LH:19
BRDA:36,0,0,5
BRDA:36,0,1,9
BRDA:36,1,0,14
BRDA:36,1,1,5
BRDA:39,2,0,5
BRDA:39,2,1,4
BRDA:39,3,0,9
BRDA:39,3,1,5
BRDA:39,3,2,5
BRDA:42,4,0,3
BRDA:42,4,1,1
BRDA:42,5,0,4
BRDA:42,5,1,3
BRF:13
BRH:13
end_of_record
TN:
SF:/home/travis/build/wasdk/WebAssemblyStudio/src/compilerServices/rustService.ts
FN:29,(anonymous_6)
FN:40,(anonymous_8)
FNF:2
FNH:2
FNDA:4,(anonymous_6)
FNDA:1,(anonymous_8)
DA:23,40
DA:24,40
DA:25,40
DA:26,40
DA:28,40
DA:32,4
DA:33,4
DA:35,4
DA:36,1
DA:38,1
DA:39,1
DA:41,1
DA:45,1
DA:47,1
DA:48,1
DA:50,3
DA:51,3
DA:52,1
DA:54,2
DA:55,2
DA:56,2
DA:59,3
DA:61,3
DA:62,2
DA:65,3
DA:66,2
DA:68,3
DA:69,3
DA:70,1
DA:74,3
LF:30
LH:30
BRDA:35,0,0,1
BRDA:35,0,1,3
BRDA:51,1,0,1
BRDA:51,1,1,2
BRDA:61,2,0,2
BRDA:61,2,1,1
BRDA:65,3,0,2
BRDA:65,3,1,1
BRDA:65,4,0,3
BRDA:65,4,1,3
BRDA:69,5,0,1
BRDA:69,5,1,2
BRF:12
BRH:12
end_of_record
TN:
SF:/home/travis/build/wasdk/WebAssemblyStudio/src/compilerServices/sendRequest.ts
FN:23,(anonymous_6)
FN:46,getServiceURL
FN:62,parseJSONResponse
FN:75,sendRequestJSON
FN:86,sendRequest
FNF:5
FNH:5
FNDA:38,(anonymous_6)
FNDA:7,getServiceURL
FNDA:4,parseJSONResponse
FNDA:1,sendRequestJSON
FNDA:1,sendRequest
DA:21,38
DA:23,38
DA:24,38
DA:25,38
DA:26,38
DA:27,38
DA:46,38
DA:47,7
DA:48,7
DA:50,1
DA:52,1
DA:54,3
DA:56,1
DA:58,1
DA:62,38
DA:63,4
DA:64,4
DA:65,3
DA:66,3
DA:69,1
DA:75,38
DA:76,1
DA:77,1
DA:83,1
DA:86,38
DA:87,1
DA:88,1
DA:93,1
LF:28
LH:28
BRDA:23,0,0,38
BRDA:23,0,1,38
BRDA:49,1,0,1
BRDA:49,1,1,1
BRDA:49,1,2,3
BRDA:49,1,3,1
BRDA:49,1,4,1
BRDA:64,2,0,3
BRDA:64,2,1,1
BRF:9
BRH:9
end_of_record
TN:
SF:/home/travis/build/wasdk/WebAssemblyStudio/src/compilerServices/types.ts
FN:21,(anonymous_0)
FNF:1
FNH:1
FNDA:40,(anonymous_0)
DA:21,40
DA:22,40
DA:23,40
DA:24,40
DA:25,40
DA:26,40
DA:27,40
DA:28,40
DA:29,40
DA:30,40
DA:31,40
DA:32,40
DA:33,40
LF:13
LH:13
BRDA:21,0,0,40
BRDA:21,0,1,40
BRF:2
BRH:2
end_of_record
TN:
SF:/home/travis/build/wasdk/WebAssemblyStudio/src/compilerServices/utils.ts
FN:25,decodeBinary
FN:33,encodeBinary
FNF:2
FNH:2
FNDA:2,decodeBinary
FNDA:1,encodeBinary
DA:21,38
DA:22,38
DA:23,38
DA:25,38
DA:26,2
DA:27,2
DA:28,1
DA:30,2
DA:33,38
DA:34,1
LF:10
LH:10
BRDA:27,0,0,1
BRDA:27,0,1,1
BRF:2
BRH:2
end_of_record
TN:
SF:/home/travis/build/wasdk/WebAssemblyStudio/src/compilerServices/x86Service.ts
FN:26,(anonymous_6)
FNF:1
FNH:1
FNDA:2,(anonymous_6)
DA:22,40
DA:23,40
DA:25,40
DA:27,2
DA:28,2
DA:29,1
DA:31,1
DA:32,1
DA:33,1
DA:34,1
DA:35,1
LF:11
LH:11
BRDA:28,0,0,1
BRDA:28,0,1,1
BRF:2
BRH:2
end_of_record
TN:
SF:/home/travis/build/wasdk/WebAssemblyStudio/src/components/App.tsx
FN:164,(anonymous_6)
FN:182,(anonymous_7)
FN:218,(anonymous_8)
FN:231,(anonymous_10)
FN:234,(anonymous_11)
FN:251,(anonymous_13)
FN:252,(anonymous_14)
FN:256,(anonymous_15)
FN:259,(anonymous_16)
FN:266,(anonymous_17)
FN:271,(anonymous_18)
FN:289,(anonymous_19)
FN:297,(anonymous_21)
FN:305,(anonymous_23)
FN:313,(anonymous_24)
FN:314,(anonymous_25)
FN:317,(anonymous_26)
FN:324,(anonymous_27)
FN:328,(anonymous_28)
FN:332,(anonymous_29)
FN:335,(anonymous_30)
FN:338,(anonymous_31)
FN:341,(anonymous_32)
FN:347,(anonymous_33)
FN:355,(anonymous_34)
FN:359,(anonymous_35)
FN:362,(anonymous_37)
FN:379,(anonymous_39)
FN:393,(anonymous_41)
FN:395,(anonymous_43)
FN:405,(anonymous_44)
FN:409,(anonymous_45)
FN:415,(anonymous_46)
FN:453,(anonymous_47)
FN:468,(anonymous_48)
FN:482,(anonymous_49)
FN:492,(anonymous_50)
FN:502,(anonymous_51)
FN:514,(anonymous_52)
FN:526,(anonymous_53)
FN:536,(anonymous_54)
FN:550,(anonymous_55)
FN:562,(anonymous_56)
FN:563,(anonymous_57)
FN:586,(anonymous_58)
FN:594,(anonymous_59)
FN:597,(anonymous_60)
FN:604,(anonymous_61)
FN:611,(anonymous_62)
FN:613,(anonymous_63)
FN:617,(anonymous_64)
FN:618,(anonymous_65)
FN:626,(anonymous_66)
FN:630,(anonymous_67)
FN:645,(anonymous_68)
FN:654,(anonymous_69)
FN:659,(anonymous_70)
FN:662,(anonymous_71)
FN:662,(anonymous_72)
FN:672,(anonymous_73)
FN:675,(anonymous_74)
FN:685,(anonymous_75)
FN:688,(anonymous_76)
FN:699,(anonymous_77)
FN:708,(anonymous_78)
FN:711,(anonymous_79)
FN:712,(anonymous_80)
FN:723,(anonymous_81)
FN:726,(anonymous_82)
FN:737,(anonymous_83)
FN:745,(anonymous_84)
FN:748,(anonymous_85)
FN:751,(anonymous_86)
FN:763,(anonymous_87)
FN:768,(anonymous_88)
FN:774,(anonymous_89)
FN:777,(anonymous_90)
FN:780,(anonymous_91)
FN:783,(anonymous_92)
FN:796,(anonymous_93)
FN:804,(anonymous_94)
FNF:81
FNH:78
FNDA:2,(anonymous_6)
FNDA:82,(anonymous_7)
FNDA:82,(anonymous_8)
FNDA:100,(anonymous_10)
FNDA:10,(anonymous_11)
FNDA:82,(anonymous_13)
FNDA:4,(anonymous_14)
FNDA:5,(anonymous_15)
FNDA:208,(anonymous_16)
FNDA:777,(anonymous_17)
FNDA:8,(anonymous_18)
FNDA:0,(anonymous_19)
FNDA:1,(anonymous_21)
FNDA:4,(anonymous_23)
FNDA:82,(anonymous_24)
FNDA:1,(anonymous_25)
FNDA:2,(anonymous_26)
FNDA:2,(anonymous_27)
FNDA:1,(anonymous_28)
FNDA:7,(anonymous_29)
FNDA:82,(anonymous_30)
FNDA:82,(anonymous_31)
FNDA:18,(anonymous_32)
FNDA:0,(anonymous_33)
FNDA:1,(anonymous_34)
FNDA:1,(anonymous_35)
FNDA:3,(anonymous_37)
FNDA:2,(anonymous_39)
FNDA:1,(anonymous_41)
FNDA:1,(anonymous_43)
FNDA:5213,(anonymous_44)
FNDA:1129,(anonymous_45)
FNDA:1,(anonymous_46)
FNDA:1,(anonymous_47)
FNDA:1,(anonymous_48)
FNDA:1,(anonymous_49)
FNDA:1,(anonymous_50)
FNDA:1,(anonymous_51)
FNDA:1,(anonymous_52)
FNDA:1,(anonymous_53)
FNDA:1,(anonymous_54)
FNDA:1,(anonymous_55)
FNDA:1,(anonymous_56)
FNDA:1,(anonymous_57)
FNDA:1,(anonymous_58)
FNDA:1129,(anonymous_59)
FNDA:1129,(anonymous_60)
FNDA:1129,(anonymous_61)
FNDA:1,(anonymous_62)
FNDA:1,(anonymous_63)
FNDA:1,(anonymous_64)
FNDA:2,(anonymous_65)
FNDA:1,(anonymous_66)
FNDA:1,(anonymous_67)
FNDA:1,(anonymous_68)
FNDA:0,(anonymous_69)
FNDA:1,(anonymous_70)
FNDA:1,(anonymous_71)
FNDA:1,(anonymous_72)
FNDA:1,(anonymous_73)
FNDA:1,(anonymous_74)
FNDA:1,(anonymous_75)
FNDA:1,(anonymous_76)
FNDA:1,(anonymous_77)
FNDA:1,(anonymous_78)
FNDA:1,(anonymous_79)
FNDA:2,(anonymous_80)
FNDA:1,(anonymous_81)
FNDA:1,(anonymous_82)
FNDA:1,(anonymous_83)
FNDA:1,(anonymous_84)
FNDA:1,(anonymous_85)
FNDA:3,(anonymous_86)
FNDA:1,(anonymous_87)
FNDA:2,(anonymous_88)
FNDA:1,(anonymous_89)
FNDA:1,(anonymous_90)
FNDA:1,(anonymous_91)
FNDA:1,(anonymous_92)
FNDA:1,(anonymous_93)
FNDA:2,(anonymous_94)
DA:22,2
DA:26,2
DA:27,2
DA:29,2
DA:30,2
DA:31,2
DA:33,2
DA:34,2
DA:51,2
DA:52,2
DA:53,2
DA:55,2
DA:57,2
DA:60,2
DA:80,2
DA:82,2
DA:83,2
DA:84,2
DA:85,2
DA:87,2
DA:88,2
DA:89,2
DA:91,2
DA:93,2
DA:94,2
DA:95,2
DA:164,2
DA:165,2
DA:166,2
DA:167,2
DA:179,2
DA:183,82
DA:184,82
DA:219,82
DA:220,82
DA:226,82
DA:227,82
DA:228,10
DA:232,100
DA:235,10
DA:236,10
DA:237,10
DA:238,10
DA:239,10
DA:240,2
DA:241,2
DA:242,2
DA:243,1
DA:246,8
DA:247,2
DA:252,82
DA:253,4
DA:254,4
DA:256,82
DA:257,5
DA:259,82
DA:260,208
DA:264,208
DA:266,82
DA:267,777
DA:271,82
DA:272,8
DA:274,8
DA:290,0
DA:291,0
DA:292,0
DA:293,0
DA:294,0
DA:298,1
DA:299,1
DA:300,1
DA:301,1
DA:302,1
DA:306,4
DA:307,0
DA:309,4
DA:314,82
DA:315,1
DA:317,82
DA:318,2
DA:319,1
DA:321,1
DA:324,82
DA:325,2
DA:326,1
DA:328,1
DA:333,7
DA:336,82
DA:339,82
DA:340,82
DA:341,82
DA:342,18
DA:346,82
DA:347,6
DA:348,0
DA:349,0
DA:356,1
DA:360,1
DA:363,3
DA:364,3
DA:365,3
DA:366,3
DA:367,3
DA:368,1
DA:369,1
DA:371,2
DA:372,2
DA:374,3
DA:375,3
DA:376,1
DA:380,2
DA:381,2
DA:382,2
DA:383,2
DA:384,2
DA:385,2
DA:386,1
DA:388,2
DA:390,0
DA:394,1
DA:395,1
DA:396,1
DA:397,1
DA:398,1
DA:403,82
DA:406,5213
DA:410,1129
DA:416,1
DA:417,1
DA:418,1
DA:419,1
DA:420,0
DA:421,0
DA:422,0
DA:424,1
DA:425,1
DA:427,1
DA:431,1129
DA:432,28
DA:444,1129
DA:446,53
DA:454,1
DA:459,1129
DA:461,528
DA:469,1
DA:474,1129
DA:475,415
DA:483,1
DA:493,1
DA:503,1
DA:507,1129
DA:515,1
DA:518,1129
DA:519,1016
DA:527,1
DA:537,1
DA:542,1129
DA:543,113
DA:551,1
DA:555,113
DA:563,1
DA:568,1129
DA:569,415
DA:587,1
DA:592,1129
DA:595,1129
DA:597,1129
DA:598,1129
DA:599,1129
DA:601,1129
DA:602,0
DA:604,1129
DA:606,1129
DA:611,1
DA:615,1
DA:617,1
DA:619,2
DA:621,1
DA:623,2
DA:624,2
DA:627,1
DA:628,1
DA:631,1
DA:632,1
DA:638,1129
DA:646,1
DA:647,1
DA:653,1129
DA:654,0
DA:660,1
DA:662,1
DA:663,1
DA:664,1
DA:673,1
DA:676,1
DA:677,1
DA:686,1
DA:689,1
DA:690,1
DA:691,1
DA:700,1
DA:709,1
DA:712,1
DA:713,2
DA:715,1
DA:724,1
DA:727,1
DA:728,1
DA:738,1
DA:739,1
DA:746,1
DA:749,1
DA:752,3
DA:753,3
DA:754,1
DA:756,2
DA:758,3
DA:759,2
DA:760,2
DA:765,1
DA:766,1
DA:769,2
DA:770,1
DA:772,1
DA:775,1
DA:778,1
DA:781,1
DA:784,1
DA:797,1
DA:798,1
DA:805,2
DA:806,2
DA:807,2
DA:808,2
LF:234
LH:220
BRDA:164,0,0,2
BRDA:164,0,1,2
BRDA:227,1,0,10
BRDA:227,1,1,72
BRDA:239,2,0,2
BRDA:239,2,1,8
BRDA:242,3,0,1
BRDA:242,3,1,1
BRDA:246,4,0,2
BRDA:246,4,1,6
BRDA:306,5,0,0
BRDA:306,5,1,4
BRDA:318,6,0,1
BRDA:318,6,1,1
BRDA:325,7,0,1
BRDA:325,7,1,1
BRDA:332,8,0,2
BRDA:346,9,0,6
BRDA:346,9,1,76
BRDA:348,10,0,0
BRDA:348,10,1,0
BRDA:348,11,0,0
BRDA:348,11,1,0
BRDA:348,11,2,0
BRDA:367,12,0,1
BRDA:367,12,1,2
BRDA:371,13,0,1
BRDA:371,13,1,1
BRDA:375,14,0,1
BRDA:375,14,1,2
BRDA:381,15,0,2
BRDA:381,15,1,1
BRDA:384,16,0,2
BRDA:384,16,1,0
BRDA:385,17,0,1
BRDA:385,17,1,1
BRDA:419,18,0,0
BRDA:419,18,1,1
BRDA:431,19,0,28
BRDA:431,19,1,1101
BRDA:444,20,0,53
BRDA:444,20,1,1076
BRDA:444,21,0,1129
BRDA:444,21,1,415
BRDA:459,22,0,528
BRDA:459,22,1,601
BRDA:459,23,0,1129
BRDA:459,23,1,714
BRDA:474,24,0,415
BRDA:474,24,1,714
BRDA:500,25,0,108
BRDA:500,25,1,307
BRDA:501,26,0,415
BRDA:501,26,1,299
BRDA:518,27,0,1016
BRDA:518,27,1,113
BRDA:542,28,0,113
BRDA:542,28,1,1016
BRDA:568,29,0,415
BRDA:568,29,1,714
BRDA:601,30,0,0
BRDA:601,30,1,1129
BRDA:619,31,0,1
BRDA:619,31,1,1
BRDA:655,32,0,1129
BRDA:655,32,1,914
BRDA:668,33,0,1129
BRDA:668,33,1,8
BRDA:681,34,0,1129
BRDA:681,34,1,8
BRDA:695,35,0,1129
BRDA:695,35,1,9
BRDA:704,36,0,1129
BRDA:704,36,1,8
BRDA:719,37,0,1129
BRDA:719,37,1,8
BRDA:753,38,0,1
BRDA:753,38,1,2
BRDA:758,39,0,2
BRDA:758,39,1,1
BRDA:769,40,0,1
BRDA:769,40,1,1
BRDA:806,41,0,1
BRDA:806,41,1,1
BRF:84
BRH:75
end_of_record
TN:
SF:/home/travis/build/wasdk/WebAssemblyStudio/src/components/Binary.tsx
FN:39,toHex
FN:50,(anonymous_1)
FN:55,(anonymous_2)
FN:59,(anonymous_3)
FN:62,(anonymous_4)
FN:65,(anonymous_5)
FN:73,(anonymous_6)
FNF:7
FNH:7
FNDA:26,toHex
FNDA:7,(anonymous_1)
FNDA:1,(anonymous_2)
FNDA:7,(anonymous_3)
FNDA:2,(anonymous_4)
FNDA:2,(anonymous_5)
FNDA:10,(anonymous_6)
DA:22,10
DA:25,10
DA:40,26
DA:41,26
DA:42,86
DA:44,26
DA:47,10
DA:51,7
DA:52,7
DA:53,7
DA:55,7
DA:56,1
DA:57,1
DA:60,7
DA:63,2
DA:66,2
DA:67,2
DA:68,2
DA:69,1
DA:70,1
DA:74,10
DA:75,10
DA:76,10
DA:77,10
DA:78,10
DA:79,10
DA:80,10
DA:81,10
DA:82,10
DA:83,10
DA:84,16
DA:85,16
DA:86,16
DA:88,10
DA:98,10
LF:35
LH:35
BRDA:68,0,0,1
BRDA:68,0,1,1
BRDA:86,1,0,0
BRDA:86,1,1,16
BRDA:86,2,0,16
BRDA:86,2,1,0
BRF:6
BRH:4
end_of_record
TN:
SF:/home/travis/build/wasdk/WebAssemblyStudio/src/components/BrowserNotSupported.tsx
FN:28,(anonymous_0)
FN:31,(anonymous_1)
FNF:2
FNH:2
FNDA:1,(anonymous_0)
FNDA:1,(anonymous_1)
DA:22,2
DA:23,2
DA:25,2
DA:29,1
DA:32,1
LF:5
LH:5
BRF:0
BRH:0
end_of_record
TN:
SF:/home/travis/build/wasdk/WebAssemblyStudio/src/components/ControlCenter.tsx
FN:55,(anonymous_0)
FN:70,(anonymous_1)
FN:73,(anonymous_2)
FN:76,(anonymous_3)
FN:80,(anonymous_4)
FN:84,(anonymous_5)
FN:87,(anonymous_6)
FN:89,(anonymous_7)
FN:102,(anonymous_8)
FN:106,(anonymous_9)
FN:116,(anonymous_10)
FN:119,(anonymous_11)
FN:121,(anonymous_12)
FN:126,(anonymous_13)
FN:133,(anonymous_14)
FN:143,(anonymous_15)
FN:150,(anonymous_16)
FN:166,(anonymous_17)
FNF:18
FNH:15
FNDA:8,(anonymous_0)
FNDA:6,(anonymous_1)
FNDA:7,(anonymous_2)
FNDA:8,(anonymous_3)
FNDA:1,(anonymous_4)
FNDA:0,(anonymous_5)
FNDA:13,(anonymous_6)
FNDA:7,(anonymous_7)
FNDA:17,(anonymous_8)
FNDA:0,(anonymous_9)
FNDA:15,(anonymous_10)
FNDA:15,(anonymous_11)
FNDA:7,(anonymous_12)
FNDA:17,(anonymous_13)
FNDA:1,(anonymous_14)
FNDA:1,(anonymous_15)
FNDA:1,(anonymous_16)
FNDA:0,(anonymous_17)
DA:22,3
DA:23,3
DA:24,3
DA:25,3
DA:26,3
DA:27,3
DA:29,3
DA:30,3
DA:31,3
DA:33,3
DA:56,8
DA:57,8
DA:58,8
DA:60,8
DA:70,8
DA:71,6
DA:73,8
DA:74,7
DA:77,8
DA:78,8
DA:81,1
DA:82,1
DA:85,0
DA:88,13
DA:89,7
DA:90,7
DA:91,7
DA:97,13
DA:98,13
DA:100,0
DA:103,17
DA:105,16
DA:106,0
DA:111,1
DA:113,0
DA:117,15
DA:120,15
DA:121,15
DA:122,7
DA:124,15
DA:127,17
DA:134,1
DA:144,1
DA:151,1
DA:167,0
DA:168,0
LF:46
LH:40
BRDA:88,0,0,7
BRDA:88,0,1,6
BRDA:97,1,0,13
BRDA:97,1,1,0
BRDA:104,2,0,16
BRDA:104,2,1,1
BRDA:104,2,2,0
BRDA:134,3,0,1
BRDA:134,3,1,1
BRDA:159,4,0,2
BRDA:159,4,1,15
BRF:11
BRH:9
end_of_record
TN:
SF:/home/travis/build/wasdk/WebAssemblyStudio/src/components/DirectoryTree.tsx
FN:59,(anonymous_6)
FN:265,(anonymous_7)
FN:62,(anonymous_8)
FN:71,(anonymous_9)
FN:74,(anonymous_10)
FN:81,(anonymous_11)
FN:84,(anonymous_12)
FN:93,(anonymous_13)
FN:97,(anonymous_14)
FN:108,(anonymous_15)
FN:115,(anonymous_16)
FN:122,(anonymous_17)
FN:129,(anonymous_18)
FN:134,(anonymous_19)
FN:137,(anonymous_20)
FN:140,(anonymous_21)
FN:143,(anonymous_22)
FN:147,(anonymous_23)
FN:151,(anonymous_24)
FN:159,(anonymous_25)
FN:162,(anonymous_26)
FN:170,(anonymous_27)
FN:173,(anonymous_28)
FN:176,(anonymous_29)
FN:183,(anonymous_30)
FN:186,(anonymous_31)
FN:189,(anonymous_32)
FN:196,(anonymous_33)
FN:203,(anonymous_34)
FN:203,(anonymous_35)
FN:207,(anonymous_36)
FN:210,(anonymous_37)
FN:213,(anonymous_38)
FN:216,(anonymous_39)
FN:219,(anonymous_40)
FN:222,(anonymous_41)
FN:225,(anonymous_42)
FN:228,(anonymous_43)
FN:231,(anonymous_44)
FN:234,(anonymous_45)
FN:238,(anonymous_46)
FN:242,(anonymous_47)
FN:245,(anonymous_48)
FN:252,(anonymous_49)
FN:268,(anonymous_50)
FN:269,(anonymous_51)
FNF:46
FNH:44
FNDA:45,(anonymous_6)
FNDA:1,(anonymous_7)
FNDA:0,(anonymous_8)
FNDA:45,(anonymous_9)
FNDA:5,(anonymous_10)
FNDA:45,(anonymous_11)
FNDA:2,(anonymous_12)
FNDA:94,(anonymous_13)
FNDA:45,(anonymous_14)
FNDA:1,(anonymous_15)
FNDA:2,(anonymous_16)
FNDA:2,(anonymous_17)
FNDA:2,(anonymous_18)
FNDA:1,(anonymous_19)
FNDA:2,(anonymous_20)
FNDA:1,(anonymous_21)
FNDA:1,(anonymous_22)
FNDA:0,(anonymous_23)
FNDA:29,(anonymous_24)
FNDA:1,(anonymous_25)
FNDA:1,(anonymous_26)
FNDA:2,(anonymous_27)
FNDA:2,(anonymous_28)
FNDA:2,(anonymous_29)
FNDA:2,(anonymous_30)
FNDA:2,(anonymous_31)
FNDA:18,(anonymous_32)
FNDA:1,(anonymous_33)
FNDA:11,(anonymous_34)
FNDA:11,(anonymous_35)
FNDA:11,(anonymous_36)
FNDA:11,(anonymous_37)
FNDA:11,(anonymous_38)
FNDA:11,(anonymous_39)
FNDA:11,(anonymous_40)
FNDA:11,(anonymous_41)
FNDA:11,(anonymous_42)
FNDA:11,(anonymous_43)
FNDA:11,(anonymous_44)
FNDA:11,(anonymous_45)
FNDA:2,(anonymous_46)
FNDA:2,(anonymous_47)
FNDA:2,(anonymous_48)
FNDA:4,(anonymous_49)
FNDA:47,(anonymous_50)
FNDA:94,(anonymous_51)
DA:22,5
DA:23,5
DA:24,5
DA:26,5
DA:27,5
DA:28,5
DA:29,5
DA:30,5
DA:31,5
DA:48,5
DA:56,45
DA:57,45
DA:60,45
DA:62,45
DA:63,45
DA:64,45
DA:65,45
DA:72,45
DA:73,45
DA:74,45
DA:75,5
DA:76,4
DA:79,45
DA:82,45
DA:85,2
DA:86,1
DA:87,1
DA:89,1
DA:90,1
DA:94,94
DA:95,47
DA:98,45
DA:99,0
DA:102,45
DA:109,1
DA:116,2
DA:123,2
DA:130,2
DA:135,1
DA:138,2
DA:141,1
DA:144,1
DA:147,0
DA:152,29
DA:155,29
DA:156,3
DA:157,2
DA:159,1
DA:160,1
DA:162,1
DA:163,1
DA:165,1
DA:169,26
DA:170,4
DA:171,2
DA:173,4
DA:174,2
DA:176,4
DA:177,2
DA:182,26
DA:183,24
DA:184,2
DA:186,24
DA:187,2
DA:189,24
DA:190,18
DA:195,26
DA:196,13
DA:197,1
DA:202,26
DA:203,13
DA:204,11
DA:205,11
DA:207,13
DA:208,11
DA:210,13
DA:211,11
DA:213,13
DA:214,11
DA:216,13
DA:217,11
DA:219,13
DA:220,11
DA:222,13
DA:223,11
DA:225,13
DA:226,11
DA:228,13
DA:229,11
DA:231,13
DA:232,11
DA:234,13
DA:235,11
DA:237,13
DA:238,3
DA:239,2
DA:241,10
DA:242,3
DA:243,2
DA:245,3
DA:246,2
DA:250,26
DA:253,4
DA:254,1
DA:256,3
DA:257,1
DA:258,2
DA:259,1
DA:261,3
DA:262,3
DA:265,45
DA:266,1
DA:269,94
LF:113
LH:111
BRDA:75,0,0,4
BRDA:75,0,1,1
BRDA:85,1,0,1
BRDA:85,1,1,1
BRDA:94,2,0,47
BRDA:94,2,1,47
BRDA:98,3,0,0
BRDA:98,3,1,45
BRDA:155,4,0,3
BRDA:155,4,1,26
BRDA:156,5,0,2
BRDA:156,5,1,1
BRDA:159,6,0,1
BRDA:159,6,1,1
BRDA:162,7,0,1
BRDA:162,7,1,1
BRDA:169,8,0,4
BRDA:169,8,1,22
BRDA:170,9,0,4
BRDA:170,9,1,2
BRDA:173,10,0,4
BRDA:173,10,1,2
BRDA:176,11,0,4
BRDA:176,11,1,2
BRDA:182,12,0,24
BRDA:182,12,1,2
BRDA:183,13,0,24
BRDA:183,13,1,2
BRDA:186,14,0,24
BRDA:186,14,1,2
BRDA:195,15,0,13
BRDA:195,15,1,13
BRDA:196,16,0,13
BRDA:196,16,1,1
BRDA:202,17,0,13
BRDA:202,17,1,13
BRDA:205,18,0,0
BRDA:205,18,1,11
BRDA:237,19,0,3
BRDA:237,19,1,10
BRDA:237,20,0,13
BRDA:237,20,1,12
BRDA:241,21,0,3
BRDA:241,21,1,7
BRDA:253,22,0,1
BRDA:253,22,1,3
BRDA:256,23,0,1
BRDA:256,23,1,2
BRDA:256,24,0,3
BRDA:256,24,1,3
BRDA:256,24,2,1
BRDA:258,25,0,1
BRDA:258,25,1,1
BRF:53
BRH:51
end_of_record
TN:
SF:/home/travis/build/wasdk/WebAssemblyStudio/src/components/EditFileDialog.tsx
FN:46,(anonymous_0)
FN:55,(anonymous_1)
FN:58,(anonymous_2)
FN:61,(anonymous_3)
FN:75,(anonymous_4)
FN:99,(anonymous_5)
FN:108,(anonymous_6)
FNF:7
FNH:7
FNDA:9,(anonymous_0)
FNDA:4,(anonymous_1)
FNDA:1,(anonymous_2)
FNDA:28,(anonymous_3)
FNDA:14,(anonymous_4)
FNDA:1,(anonymous_5)
FNDA:1,(anonymous_6)
DA:22,4
DA:23,4
DA:24,4
DA:25,4
DA:26,4
DA:27,4
DA:29,4
DA:30,4
DA:45,4
DA:47,9
DA:48,9
DA:49,9
DA:55,9
DA:56,4
DA:58,9
DA:59,1
DA:62,28
DA:63,28
DA:64,6
DA:67,22
DA:68,22
DA:70,22
DA:71,2
DA:73,20
DA:76,14
DA:77,14
DA:78,14
DA:100,1
DA:109,1
LF:29
LH:29
BRDA:63,0,0,6
BRDA:63,0,1,22
BRDA:70,1,0,2
BRDA:70,1,1,20
BRDA:70,2,0,22
BRDA:70,2,1,20
BRDA:80,3,0,1
BRDA:80,3,1,13
BRDA:87,4,0,1
BRDA:87,4,1,13
BRDA:107,5,0,14
BRDA:107,5,1,14
BRDA:109,6,0,1
BRDA:109,6,1,1
BRF:14
BRH:14
end_of_record
TN:
SF:/home/travis/build/wasdk/WebAssemblyStudio/src/components/ErrorBoundary.tsx
FN:37,(anonymous_0)
FN:41,(anonymous_1)
FN:45,(anonymous_2)
FN:49,(anonymous_3)
FN:52,(anonymous_4)
FN:56,(anonymous_5)
FNF:6
FNH:6
FNDA:4,(anonymous_0)
FNDA:3,(anonymous_1)
FNDA:3,(anonymous_2)
FNDA:3,(anonymous_3)
FNDA:12,(anonymous_4)
FNDA:7,(anonymous_5)
DA:22,2
DA:23,2
DA:24,2
DA:25,2
DA:26,2
DA:36,2
DA:38,4
DA:39,4
DA:42,3
DA:43,3
DA:46,3
DA:47,3
DA:50,3
DA:53,12
DA:57,7
DA:58,3
DA:100,4
LF:17
LH:17
BRDA:57,0,0,3
BRDA:57,0,1,4
BRF:2
BRH:2
end_of_record
TN:
SF:/home/travis/build/wasdk/WebAssemblyStudio/src/components/Header.tsx
FN:25,(anonymous_0)
FNF:1
FNH:1
FNDA:1,(anonymous_0)
DA:22,4
DA:24,4
DA:26,1
LF:3
LH:3
BRF:0
BRH:0
end_of_record
TN:
SF:/home/travis/build/wasdk/WebAssemblyStudio/src/components/Markdown.tsx
FN:33,(anonymous_6)
FN:39,(anonymous_7)
FN:43,(anonymous_9)
FN:49,(anonymous_11)
FN:61,(anonymous_12)
FN:67,(anonymous_13)
FN:72,(anonymous_14)
FN:75,(anonymous_15)
FN:78,(anonymous_16)
FN:89,(anonymous_17)
FNF:10
FNH:10
FNDA:6,(anonymous_6)
FNDA:6,(anonymous_7)
FNDA:2,(anonymous_9)
FNDA:13,(anonymous_11)
FNDA:8,(anonymous_12)
FNDA:1,(anonymous_13)
FNDA:8,(anonymous_14)
FNDA:3,(anonymous_15)
FNDA:2,(anonymous_16)
FNDA:11,(anonymous_17)
DA:22,9
DA:23,9
DA:30,9
DA:34,6
DA:35,6
DA:40,6
DA:41,4
DA:44,2
DA:45,1
DA:46,1
DA:50,13
DA:58,9
DA:62,8
DA:63,8
DA:67,8
DA:68,1
DA:73,8
DA:76,3
DA:79,2
DA:80,2
DA:81,2
DA:82,1
DA:83,1
DA:84,1
DA:90,11
LF:25
LH:25
BRDA:44,0,0,1
BRDA:44,0,1,1
BRDA:81,1,0,1
BRDA:81,1,1,1
BRF:4
BRH:4
end_of_record
TN:
SF:/home/travis/build/wasdk/WebAssemblyStudio/src/components/NewDirectoryDialog.tsx
FN:40,(anonymous_0)
FN:46,(anonymous_1)
FN:49,(anonymous_2)
FN:60,(anonymous_3)
FN:63,(anonymous_4)
FN:83,(anonymous_5)
FN:92,(anonymous_6)
FNF:7
FNH:7
FNDA:7,(anonymous_0)
FNDA:5,(anonymous_1)
FNDA:17,(anonymous_2)
FNDA:12,(anonymous_3)
FNDA:12,(anonymous_4)
FNDA:1,(anonymous_5)
FNDA:1,(anonymous_6)
DA:22,3
DA:24,3
DA:25,3
DA:26,3
DA:27,3
DA:28,3
DA:30,3
DA:32,3
DA:41,7
DA:42,7
DA:46,7
DA:47,5
DA:50,17
DA:51,17
DA:52,10
DA:53,2
DA:54,8
DA:55,4
DA:58,11
DA:61,12
DA:64,12
DA:84,1
DA:93,1
DA:94,1
LF:24
LH:24
BRDA:51,0,0,10
BRDA:51,0,1,7
BRDA:52,1,0,2
BRDA:52,1,1,8
BRDA:54,2,0,4
BRDA:54,2,1,4
BRDA:54,3,0,8
BRDA:54,3,1,8
BRDA:91,4,0,12
BRDA:91,4,1,5
BRDA:94,5,0,1
BRDA:94,5,1,1
BRF:12
BRH:12
end_of_record
TN:
SF:/home/travis/build/wasdk/WebAssemblyStudio/src/components/NewFileDialog.tsx
FN:46,(anonymous_0)
FN:54,(anonymous_1)
FN:57,(anonymous_2)
FN:74,(anonymous_3)
FN:82,(anonymous_4)
FN:85,(anonymous_5)
FN:103,(anonymous_6)
FN:144,(anonymous_7)
FN:153,(anonymous_8)
FNF:9
FNH:9
FNDA:8,(anonymous_0)
FNDA:4,(anonymous_1)
FNDA:20,(anonymous_2)
FNDA:1,(anonymous_3)
FNDA:16,(anonymous_4)
FNDA:16,(anonymous_5)
FNDA:4,(anonymous_6)
FNDA:1,(anonymous_7)
FNDA:1,(anonymous_8)
DA:22,3
DA:23,3
DA:24,3
DA:25,3
DA:26,3
DA:27,3
DA:29,3
DA:30,3
DA:45,3
DA:47,8
DA:48,8
DA:54,8
DA:55,4
DA:58,20
DA:60,20
DA:61,8
DA:62,8
DA:63,4
DA:66,4
DA:67,4
DA:68,2
DA:72,14
DA:75,1
DA:76,1
DA:77,1
DA:78,1
DA:80,1
DA:83,16
DA:86,16
DA:104,4
DA:105,4
DA:106,1
DA:107,1
DA:108,1
DA:109,1
DA:111,4
DA:145,1
DA:154,1
DA:155,1
LF:39
LH:39
BRDA:60,0,0,8
BRDA:60,0,1,12
BRDA:62,1,0,4
BRDA:62,1,1,4
BRDA:67,2,0,2
BRDA:67,2,1,2
BRDA:67,3,0,4
BRDA:67,3,1,4
BRDA:77,4,0,1
BRDA:77,4,1,0
BRDA:106,5,0,1
BRDA:106,5,1,1
BRDA:106,5,2,1
BRDA:106,5,3,1
BRDA:137,6,0,16
BRDA:137,6,1,0
BRDA:152,7,0,16
BRDA:152,7,1,16
BRDA:152,7,2,4
BRDA:155,8,0,1
BRDA:155,8,1,1
BRF:21
BRH:19
end_of_record
TN:
SF:/home/travis/build/wasdk/WebAssemblyStudio/src/components/NewProjectDialog.tsx
FN:51,(anonymous_6)
FN:60,(anonymous_7)
FN:82,(anonymous_9)
FN:86,(anonymous_11)
FN:104,(anonymous_12)
FN:109,(anonymous_13)
FN:131,(anonymous_14)
FN:140,(anonymous_15)
FNF:8
FNH:8
FNDA:4,(anonymous_6)
FNDA:4,(anonymous_7)
FNDA:5,(anonymous_9)
FNDA:13,(anonymous_11)
FNDA:1,(anonymous_12)
FNDA:45,(anonymous_13)
FNDA:1,(anonymous_14)
FNDA:1,(anonymous_15)
DA:22,3
DA:23,3
DA:24,3
DA:25,3
DA:26,3
DA:28,3
DA:29,3
DA:30,3
DA:40,3
DA:52,4
DA:53,4
DA:61,4
DA:62,4
DA:63,4
DA:64,4
DA:65,4
DA:66,4
DA:67,20
DA:68,20
DA:69,20
DA:70,20
DA:79,4
DA:80,4
DA:83,5
DA:84,5
DA:87,13
DA:105,1
DA:110,45
DA:132,1
DA:141,1
LF:30
LH:30
BRDA:67,0,0,20
BRDA:67,0,1,20
BRDA:68,1,0,20
BRDA:68,1,1,20
BRDA:69,2,0,20
BRDA:69,2,1,20
BRDA:141,3,0,1
BRDA:141,3,1,1
BRF:8
BRH:8
end_of_record
TN:
SF:/home/travis/build/wasdk/WebAssemblyStudio/src/components/Problems.tsx
FN:42,(anonymous_0)
FN:45,(anonymous_1)
FN:48,(anonymous_2)
FN:51,(anonymous_3)
FN:56,(anonymous_4)
FN:60,(anonymous_5)
FN:64,(anonymous_6)
FN:68,(anonymous_7)
FN:72,(anonymous_8)
FN:82,(anonymous_9)
FN:89,(anonymous_10)
FN:101,(anonymous_11)
FN:104,(anonymous_12)
FN:119,(anonymous_13)
FN:127,(anonymous_14)
FN:136,(anonymous_15)
FN:139,(anonymous_16)
FN:142,(anonymous_17)
FN:149,(anonymous_18)
FN:155,(anonymous_19)
FN:156,(anonymous_20)
FNF:21
FNH:20
FNDA:12,(anonymous_0)
FNDA:0,(anonymous_1)
FNDA:12,(anonymous_2)
FNDA:3,(anonymous_3)
FNDA:1,(anonymous_4)
FNDA:1,(anonymous_5)
FNDA:1,(anonymous_6)
FNDA:26,(anonymous_7)
FNDA:12,(anonymous_8)
FNDA:1,(anonymous_9)
FNDA:5,(anonymous_10)
FNDA:4,(anonymous_11)
FNDA:2,(anonymous_12)
FNDA:2,(anonymous_13)
FNDA:1,(anonymous_14)
FNDA:3,(anonymous_15)
FNDA:1,(anonymous_16)
FNDA:1,(anonymous_17)
FNDA:2,(anonymous_18)
FNDA:13,(anonymous_19)
FNDA:26,(anonymous_20)
DA:22,4
DA:23,4
DA:24,4
DA:26,4
DA:27,4
DA:28,4
DA:29,4
DA:30,4
DA:35,4
DA:43,12
DA:45,12
DA:46,12
DA:49,12
DA:50,12
DA:51,12
DA:52,3
DA:53,2
DA:56,12
DA:57,1
DA:58,1
DA:60,12
DA:61,1
DA:65,1
DA:66,1
DA:69,26
DA:70,13
DA:73,12
DA:74,0
DA:76,12
DA:83,1
DA:90,5
DA:91,1
DA:92,4
DA:93,3
DA:95,1
DA:102,4
DA:103,1
DA:104,1
DA:105,2
DA:106,1
DA:109,1
DA:110,3
DA:111,2
DA:113,1
DA:120,2
DA:121,1
DA:123,1
DA:128,1
DA:131,2
DA:132,1
DA:134,1
DA:137,3
DA:140,1
DA:143,1
DA:150,2
DA:151,1
DA:153,1
DA:156,26
LF:58
LH:57
BRDA:52,0,0,2
BRDA:52,0,1,1
BRDA:69,1,0,13
BRDA:69,1,1,13
BRDA:73,2,0,0
BRDA:73,2,1,12
BRDA:90,3,0,1
BRDA:90,3,1,4
BRDA:90,4,0,5
BRDA:90,4,1,2
BRDA:92,5,0,3
BRDA:92,5,1,1
BRDA:102,6,0,1
BRDA:102,6,1,3
BRDA:102,7,0,4
BRDA:102,7,1,1
BRDA:105,8,0,1
BRDA:105,8,1,1
BRDA:110,9,0,2
BRDA:110,9,1,1
BRDA:120,10,0,1
BRDA:120,10,1,1
BRDA:131,11,0,1
BRDA:131,11,1,1
BRDA:137,12,0,2
BRDA:137,12,1,1
BRDA:150,13,0,1
BRDA:150,13,1,1
BRF:28
BRH:27
end_of_record
TN:
SF:/home/travis/build/wasdk/WebAssemblyStudio/src/components/Sandbox.tsx
FN:35,(anonymous_6)
FN:41,(anonymous_7)
FN:44,(anonymous_8)
FN:47,(anonymous_9)
FN:37,(anonymous_10)
FN:50,(anonymous_11)
FN:55,(anonymous_12)
FN:60,(anonymous_13)
FN:71,(anonymous_14)
FN:71,(anonymous_15)
FN:75,(anonymous_16)
FN:75,(anonymous_17)
FN:79,(anonymous_18)
FN:79,(anonymous_19)
FN:83,(anonymous_20)
FN:83,(anonymous_21)
FN:88,(anonymous_22)
FN:88,(anonymous_23)
FN:109,(anonymous_24)
FN:118,(anonymous_25)
FN:119,(anonymous_26)
FN:124,(anonymous_27)
FN:127,(anonymous_28)
FNF:23
FNH:22
FNDA:8,(anonymous_6)
FNDA:1,(anonymous_7)
FNDA:1,(anonymous_8)
FNDA:1,(anonymous_9)
FNDA:16,(anonymous_10)
FNDA:8,(anonymous_11)
FNDA:8,(anonymous_12)
FNDA:4,(anonymous_13)
FNDA:4,(anonymous_14)
FNDA:1,(anonymous_15)
FNDA:4,(anonymous_16)
FNDA:1,(anonymous_17)
FNDA:4,(anonymous_18)
FNDA:1,(anonymous_19)
FNDA:4,(anonymous_20)
FNDA:1,(anonymous_21)
FNDA:2,(anonymous_22)
FNDA:2,(anonymous_23)
FNDA:2,(anonymous_24)
FNDA:4,(anonymous_25)
FNDA:0,(anonymous_26)
FNDA:8,(anonymous_27)
FNDA:16,(anonymous_28)
DA:22,4
DA:23,4
DA:24,4
DA:25,4
DA:26,4
DA:35,4
DA:38,16
DA:39,8
DA:41,8
DA:42,1
DA:44,8
DA:45,1
DA:47,8
DA:48,1
DA:51,8
DA:52,8
DA:53,8
DA:56,8
DA:57,8
DA:58,8
DA:61,4
DA:62,4
DA:63,4
DA:64,4
DA:65,0
DA:67,4
DA:68,4
DA:69,4
DA:71,4
DA:72,1
DA:73,1
DA:75,4
DA:76,1
DA:77,1
DA:79,4
DA:80,1
DA:81,1
DA:83,4
DA:84,1
DA:85,1
DA:88,4
DA:89,2
DA:90,2
DA:91,2
DA:92,1
DA:102,1
DA:103,1
DA:104,0
DA:106,1
DA:109,4
DA:110,2
DA:111,2
DA:112,1
DA:113,1
DA:115,1
DA:116,1
DA:118,4
DA:119,4
DA:120,0
DA:125,8
DA:127,16
LF:61
LH:58
BRDA:38,0,0,8
BRDA:38,0,1,8
BRDA:64,1,0,0
BRDA:64,1,1,4
BRDA:91,2,0,1
BRDA:91,2,1,1
BRDA:103,3,0,0
BRDA:103,3,1,1
BRDA:111,4,0,1
BRDA:111,4,1,1
BRF:10
BRH:8
end_of_record
TN:
SF:/home/travis/build/wasdk/WebAssemblyStudio/src/components/ShareDialog.tsx
FN:34,(anonymous_0)
FN:40,(anonymous_1)
FN:62,(anonymous_2)
FNF:3
FNH:3
FNDA:2,(anonymous_0)
FNDA:2,(anonymous_1)
FNDA:1,(anonymous_2)
DA:22,3
DA:23,3
DA:24,3
DA:25,3
DA:26,3
DA:28,3
DA:35,2
DA:36,2
DA:41,2
DA:42,2
DA:63,1
LF:11
LH:11
BRF:0
BRH:0
end_of_record
TN:
SF:/home/travis/build/wasdk/WebAssemblyStudio/src/components/Split.tsx
FN:34,(anonymous_0)
FN:62,(anonymous_1)
FN:101,(anonymous_2)
FN:113,(anonymous_3)
FN:69,(anonymous_4)
FN:78,(anonymous_5)
FN:86,(anonymous_6)
FN:91,(anonymous_7)
FN:130,(anonymous_8)
FN:137,(anonymous_9)
FN:141,(anonymous_10)
FN:167,(anonymous_11)
FN:174,eq
FN:178,geq
FN:182,leq
FN:219,(anonymous_15)
FN:238,(anonymous_16)
FN:249,(anonymous_17)
FN:267,(anonymous_18)
FNF:19
FNH:18
FNDA:6,(anonymous_0)
FNDA:10,(anonymous_1)
FNDA:3,(anonymous_2)
FNDA:2,(anonymous_3)
FNDA:10,(anonymous_4)
FNDA:1,(anonymous_5)
FNDA:10,(anonymous_6)
FNDA:4,(anonymous_7)
FNDA:14,(anonymous_8)
FNDA:22,(anonymous_9)
FNDA:11,(anonymous_10)
FNDA:11,(anonymous_11)
FNDA:0,eq
FNDA:22,geq
FNDA:22,leq
FNDA:11,(anonymous_15)
FNDA:22,(anonymous_16)
FNDA:44,(anonymous_17)
FNDA:44,(anonymous_18)
DA:22,6
DA:24,6
DA:25,6
DA:26,6
DA:28,6
DA:34,6
DA:35,6
DA:36,6
DA:55,6
DA:59,10
DA:60,6
DA:61,6
DA:63,10
DA:64,10
DA:70,10
DA:71,10
DA:72,10
DA:73,10
DA:74,10
DA:75,10
DA:79,1
DA:80,1
DA:81,1
DA:82,1
DA:83,1
DA:87,10
DA:88,10
DA:92,4
DA:93,4
DA:94,4
DA:95,4
DA:101,10
DA:102,3
DA:103,1
DA:105,2
DA:106,2
DA:107,2
DA:108,2
DA:109,2
DA:110,2
DA:113,10
DA:114,2
DA:115,1
DA:117,1
DA:118,1
DA:119,1
DA:120,1
DA:121,1
DA:122,1
DA:123,1
DA:124,1
DA:125,1
DA:126,1
DA:127,1
DA:131,14
DA:132,14
DA:133,28
DA:138,22
DA:142,11
DA:143,11
DA:144,11
DA:145,11
DA:146,22
DA:147,22
DA:148,0
DA:150,22
DA:151,0
DA:153,22
DA:158,11
DA:168,11
DA:169,11
DA:170,11
DA:171,11
DA:172,11
DA:175,0
DA:179,22
DA:183,22
DA:189,11
DA:190,11
DA:193,11
DA:194,22
DA:196,11
DA:197,11
DA:198,11
DA:199,11
DA:201,11
DA:202,11
DA:203,22
DA:204,22
DA:205,22
DA:206,22
DA:207,22
DA:212,11
DA:213,11
DA:216,11
DA:220,11
DA:221,11
DA:222,22
DA:223,22
DA:224,22
DA:225,0
DA:226,0
DA:227,0
DA:229,0
DA:230,0
DA:232,0
DA:233,0
DA:239,22
DA:240,22
DA:241,22
DA:242,22
DA:243,20
DA:245,2
DA:247,22
DA:248,22
DA:249,22
DA:250,44
DA:251,44
DA:252,12
DA:254,32
DA:256,44
DA:257,44
DA:258,22
DA:265,22
DA:267,44
LF:125
LH:115
BRDA:34,0,0,6
BRDA:34,0,1,6
BRDA:102,1,0,1
BRDA:102,1,1,2
BRDA:110,2,0,2
BRDA:110,2,1,2
BRDA:114,3,0,1
BRDA:114,3,1,1
BRDA:121,4,0,0
BRDA:121,4,1,1
BRDA:138,5,0,20
BRDA:138,5,1,2
BRDA:147,6,0,0
BRDA:147,6,1,22
BRDA:147,7,0,22
BRDA:147,7,1,0
BRDA:150,8,0,0
BRDA:150,8,1,22
BRDA:175,9,0,0
BRDA:175,9,1,0
BRDA:175,10,0,0
BRDA:175,10,1,0
BRDA:224,11,0,0
BRDA:224,11,1,22
BRDA:225,12,0,0
BRDA:225,12,1,0
BRDA:242,13,0,20
BRDA:242,13,1,2
BRDA:251,14,0,12
BRDA:251,14,1,32
BRDA:251,15,0,44
BRDA:251,15,1,22
BRDA:257,16,0,22
BRDA:257,16,1,22
BRDA:268,17,0,20
BRDA:268,17,1,2
BRF:36
BRH:25
end_of_record
TN:
SF:/home/travis/build/wasdk/WebAssemblyStudio/src/components/StatusBar.tsx
FN:29,(anonymous_0)
FN:36,(anonymous_1)
FN:42,(anonymous_2)
FN:45,(anonymous_3)
FN:48,(anonymous_4)
FNF:5
FNH:4
FNDA:3,(anonymous_0)
FNDA:3,(anonymous_1)
FNDA:3,(anonymous_2)
FNDA:0,(anonymous_3)
FNDA:6,(anonymous_4)
DA:22,3
DA:23,3
DA:25,3
DA:30,3
DA:31,3
DA:36,3
DA:37,3
DA:43,3
DA:46,0
DA:49,6
DA:50,6
DA:51,3
DA:53,6
LF:13
LH:12
BRDA:50,0,0,3
BRDA:50,0,1,3
BRF:2
BRH:2
end_of_record
TN:
SF:/home/travis/build/wasdk/WebAssemblyStudio/src/components/Toasts.tsx
FN:31,(anonymous_0)
FN:38,(anonymous_1)
FN:44,(anonymous_2)
FN:45,(anonymous_3)
FN:46,(anonymous_4)
FN:50,(anonymous_5)
FN:55,(anonymous_6)
FN:80,(anonymous_7)
FN:78,(anonymous_8)
FNF:9
FNH:8
FNDA:3,(anonymous_0)
FNDA:4,(anonymous_1)
FNDA:1,(anonymous_2)
FNDA:1,(anonymous_3)
FNDA:1,(anonymous_4)
FNDA:8,(anonymous_5)
FNDA:7,(anonymous_6)
FNDA:3,(anonymous_7)
FNDA:0,(anonymous_8)
DA:22,3
DA:23,3
DA:24,3
DA:28,3
DA:32,3
DA:33,3
DA:39,4
DA:40,4
DA:41,4
DA:45,1
DA:46,1
DA:51,8
DA:52,4
DA:54,4
DA:56,7
DA:73,3
DA:74,3
DA:81,3
DA:82,3
DA:83,3
LF:20
LH:20
BRDA:38,0,0,1
BRDA:51,1,0,4
BRDA:51,1,1,4
BRF:3
BRH:3
end_of_record
TN:
SF:/home/travis/build/wasdk/WebAssemblyStudio/src/components/Toolbar.tsx
FN:25,(anonymous_0)
FNF:1
FNH:1
FNDA:1,(anonymous_0)
DA:22,3
DA:24,3
DA:26,1
LF:3
LH:3
BRF:0
BRH:0
end_of_record
TN:
SF:/home/travis/build/wasdk/WebAssemblyStudio/src/components/UploadFileDialog.tsx
FN:49,(anonymous_6)
FN:52,(anonymous_7)
FN:55,(anonymous_8)
FN:58,(anonymous_10)
FN:61,(anonymous_11)
FN:74,(anonymous_12)
FN:77,(anonymous_13)
FN:91,(anonymous_14)
FN:92,(anonymous_15)
FN:101,(anonymous_16)
FN:104,(anonymous_17)
FN:107,(anonymous_18)
FN:118,(anonymous_19)
FN:126,(anonymous_20)
FN:134,(anonymous_21)
FN:143,(anonymous_22)
FN:153,(anonymous_23)
FNF:17
FNH:15
FNDA:13,(anonymous_6)
FNDA:27,(anonymous_7)
FNDA:1,(anonymous_8)
FNDA:27,(anonymous_10)
FNDA:44,(anonymous_11)
FNDA:1,(anonymous_12)
FNDA:1,(anonymous_13)
FNDA:0,(anonymous_14)
FNDA:1,(anonymous_15)
FNDA:1,(anonymous_16)
FNDA:2,(anonymous_17)
FNDA:0,(anonymous_18)
FNDA:1,(anonymous_19)
FNDA:1,(anonymous_20)
FNDA:1,(anonymous_21)
FNDA:1,(anonymous_22)
FNDA:1,(anonymous_23)
DA:22,3
DA:23,3
DA:25,3
DA:26,3
DA:27,3
DA:28,3
DA:29,3
DA:30,3
DA:31,3
DA:32,3
DA:46,3
DA:50,13
DA:51,13
DA:52,27
DA:53,13
DA:56,1
DA:59,27
DA:62,44
DA:63,44
DA:75,1
DA:78,1
DA:79,1
DA:80,1
DA:91,0
DA:93,1
DA:102,1
DA:105,2
DA:108,0
DA:119,1
DA:127,1
DA:135,1
DA:144,1
DA:154,1
LF:33
LH:31
BRDA:70,0,0,44
BRDA:70,0,1,3
BRDA:144,1,0,1
BRDA:144,1,1,1
BRDA:148,2,0,44
BRDA:148,2,1,29
BRDA:148,2,2,27
BRDA:154,3,0,1
BRDA:154,3,1,1
BRF:9
BRH:9
end_of_record
TN:
SF:/home/travis/build/wasdk/WebAssemblyStudio/src/components/Viz.tsx
FN:28,isVizLoaded
FN:32,loadViz
FN:44,(anonymous_9)
FN:53,(anonymous_10)
FN:57,(anonymous_11)
FN:64,(anonymous_12)
FN:72,(anonymous_14)
FN:75,(anonymous_15)
FN:78,(anonymous_16)
FN:86,(anonymous_17)
FNF:10
FNH:10
FNDA:16,isVizLoaded
FNDA:5,loadViz
FNDA:13,(anonymous_9)
FNDA:1,(anonymous_10)
FNDA:1,(anonymous_11)
FNDA:13,(anonymous_12)
FNDA:13,(anonymous_14)
FNDA:3,(anonymous_15)
FNDA:2,(anonymous_16)
FNDA:19,(anonymous_17)
DA:22,9
DA:23,9
DA:29,16
DA:33,5
DA:40,9
DA:45,13
DA:46,13
DA:51,13
DA:52,13
DA:53,13
DA:54,1
DA:55,0
DA:57,1
DA:58,1
DA:59,1
DA:65,13
DA:66,5
DA:67,3
DA:73,13
DA:76,3
DA:79,2
DA:80,2
DA:81,2
DA:82,1
DA:83,1
DA:87,19
DA:88,8
DA:90,11
DA:91,11
DA:92,10
DA:94,1
LF:31
LH:30
BRDA:54,0,0,0
BRDA:54,0,1,1
BRDA:65,1,0,5
BRDA:65,1,1,8
BRDA:81,2,0,1
BRDA:81,2,1,1
BRDA:87,3,0,8
BRDA:87,3,1,11
BRF:8
BRH:7
end_of_record
TN:
SF:/home/travis/build/wasdk/WebAssemblyStudio/src/components/Widgets.tsx
FN:28,(anonymous_0)
FN:36,(anonymous_1)
FN:55,(anonymous_2)
FN:58,(anonymous_3)
FN:78,(anonymous_4)
FN:81,(anonymous_5)
FN:84,(anonymous_6)
FN:96,(anonymous_7)
FN:97,(anonymous_8)
FN:112,(anonymous_9)
FN:138,(anonymous_10)
FN:142,(anonymous_11)
FN:145,(anonymous_12)
FN:147,(anonymous_13)
FNF:14
FNH:14
FNDA:1,(anonymous_0)
FNDA:1,(anonymous_1)
FNDA:4,(anonymous_2)
FNDA:4,(anonymous_3)
FNDA:4,(anonymous_4)
FNDA:3,(anonymous_5)
FNDA:2,(anonymous_6)
FNDA:3,(anonymous_7)
FNDA:4,(anonymous_8)
FNDA:5,(anonymous_9)
FNDA:2,(anonymous_10)
FNDA:2,(anonymous_11)
FNDA:2,(anonymous_12)
FNDA:2,(anonymous_13)
DA:22,9
DA:25,9
DA:29,1
DA:33,9
DA:37,1
DA:47,9
DA:56,4
DA:59,4
DA:60,4
DA:61,3
DA:67,1
DA:72,9
DA:79,4
DA:82,3
DA:85,2
DA:86,1
DA:87,1
DA:88,1
DA:90,1
DA:91,1
DA:92,1
DA:94,2
DA:97,4
DA:101,9
DA:113,5
DA:114,5
DA:115,1
DA:117,5
DA:118,5
DA:119,1
DA:124,5
DA:131,9
DA:139,2
DA:143,2
DA:145,2
DA:146,2
DA:148,2
DA:154,2
LF:38
LH:38
BRDA:60,0,0,3
BRDA:60,0,1,1
BRDA:64,1,0,3
BRDA:64,1,1,1
BRDA:85,2,0,1
BRDA:85,2,1,1
BRDA:85,3,0,2
BRDA:85,3,1,2
BRDA:114,4,0,1
BRDA:114,4,1,4
BRDA:118,5,0,1
BRDA:118,5,1,4
BRDA:148,6,0,2
BRDA:148,6,1,2
BRF:14
BRH:14
end_of_record
TN:
SF:/home/travis/build/wasdk/WebAssemblyStudio/src/components/Workspace.tsx
FN:53,(anonymous_0)
FN:67,(anonymous_1)
FN:59,(anonymous_2)
FN:63,(anonymous_3)
FN:70,(anonymous_4)
FN:79,(anonymous_5)
FN:85,(anonymous_6)
FNF:7
FNH:5
FNDA:4,(anonymous_0)
FNDA:0,(anonymous_1)
FNDA:4,(anonymous_2)
FNDA:1,(anonymous_3)
FNDA:5,(anonymous_4)
FNDA:1,(anonymous_5)
FNDA:0,(anonymous_6)
DA:22,3
DA:23,3
DA:24,3
DA:26,3
DA:27,3
DA:51,3
DA:54,4
DA:55,4
DA:60,4
DA:61,4
DA:64,1
DA:65,1
DA:67,4
DA:68,0
DA:71,5
DA:72,5
DA:80,1
DA:85,0
LF:18
LH:16
BRF:0
BRH:0
end_of_record
TN:
SF:/home/travis/build/wasdk/WebAssemblyStudio/src/components/editor/Editor.tsx
FN:43,(anonymous_0)
FN:94,(anonymous_1)
FN:51,(anonymous_2)
FN:55,(anonymous_3)
FN:70,(anonymous_4)
FN:77,(anonymous_5)
FN:84,(anonymous_6)
FN:98,(anonymous_7)
FN:104,(anonymous_8)
FN:114,(anonymous_9)
FN:123,(anonymous_10)
FN:127,(anonymous_11)
FN:131,(anonymous_12)
FN:137,(anonymous_13)
FN:152,(anonymous_14)
FN:156,(anonymous_15)
FN:157,(anonymous_16)
FN:161,(anonymous_17)
FN:171,(anonymous_18)
FN:178,(anonymous_19)
FN:185,(anonymous_20)
FN:189,(anonymous_21)
FN:190,(anonymous_22)
FN:201,(anonymous_23)
FN:204,(anonymous_24)
FN:207,(anonymous_25)
FN:215,(anonymous_26)
FN:220,(anonymous_27)
FNF:28
FNH:28
FNDA:38,(anonymous_0)
FNDA:1,(anonymous_1)
FNDA:1,(anonymous_2)
FNDA:38,(anonymous_3)
FNDA:6,(anonymous_4)
FNDA:6,(anonymous_5)
FNDA:3,(anonymous_6)
FNDA:38,(anonymous_7)
FNDA:38,(anonymous_8)
FNDA:2,(anonymous_9)
FNDA:1,(anonymous_10)
FNDA:1,(anonymous_11)
FNDA:1,(anonymous_12)
FNDA:41,(anonymous_13)
FNDA:1,(anonymous_14)
FNDA:1,(anonymous_15)
FNDA:1,(anonymous_16)
FNDA:1,(anonymous_17)
FNDA:1,(anonymous_18)
FNDA:2,(anonymous_19)
FNDA:82,(anonymous_20)
FNDA:41,(anonymous_21)
FNDA:82,(anonymous_22)
FNDA:50,(anonymous_23)
FNDA:1,(anonymous_24)
FNDA:25,(anonymous_25)
FNDA:2,(anonymous_26)
FNDA:48,(anonymous_27)
DA:22,9
DA:23,9
DA:26,9
DA:38,9
DA:44,38
DA:45,38
DA:52,1
DA:56,38
DA:57,38
DA:58,38
DA:59,38
DA:62,38
DA:64,38
DA:65,38
DA:67,38
DA:71,6
DA:73,3
DA:78,6
DA:79,3
DA:81,3
DA:85,3
DA:86,3
DA:87,3
DA:88,3
DA:89,3
DA:90,3
DA:94,38
DA:95,1
DA:99,38
DA:101,38
DA:105,38
DA:106,38
DA:115,2
DA:116,2
DA:117,1
DA:119,2
DA:123,38
DA:124,1
DA:127,38
DA:128,1
DA:131,38
DA:132,1
DA:138,41
DA:139,38
DA:148,38
DA:149,0
DA:151,38
DA:152,38
DA:153,1
DA:154,1
DA:156,38
DA:157,38
DA:158,38
DA:159,38
DA:162,1
DA:163,1
DA:164,1
DA:165,1
DA:166,1
DA:167,1
DA:168,1
DA:169,1
DA:172,1
DA:179,2
DA:186,82
DA:187,41
DA:190,82
DA:199,9
DA:202,50
DA:205,1
DA:208,25
DA:209,25
DA:210,1
DA:215,2
DA:219,24
DA:220,48
LF:76
LH:75
BRDA:57,0,0,38
BRDA:57,0,1,0
BRDA:71,1,0,3
BRDA:71,1,1,3
BRDA:78,2,0,3
BRDA:78,2,1,3
BRDA:86,3,0,3
BRDA:86,3,1,0
BRDA:116,4,0,1
BRDA:116,4,1,1
BRDA:116,5,0,2
BRDA:116,5,1,2
BRDA:138,6,0,3
BRDA:138,6,1,38
BRDA:148,7,0,0
BRDA:148,7,1,38
BRDA:186,8,0,41
BRDA:186,8,1,41
BRDA:209,9,0,1
BRDA:209,9,1,24
BRF:20
BRH:17
end_of_record
TN:
SF:/home/travis/build/wasdk/WebAssemblyStudio/src/components/editor/Tabs.tsx
FN:42,(anonymous_0)
FN:58,(anonymous_1)
FN:68,(anonymous_2)
FN:69,(anonymous_3)
FN:54,(anonymous_4)
FN:71,(anonymous_5)
FN:45,(anonymous_6)
FN:103,(anonymous_7)
FN:113,(anonymous_8)
FN:118,(anonymous_9)
FN:122,(anonymous_10)
FN:126,(anonymous_11)
FN:130,(anonymous_12)
FN:106,(anonymous_13)
FN:108,(anonymous_14)
FN:110,(anonymous_15)
FNF:16
FNH:12
FNDA:27,(anonymous_0)
FNDA:1,(anonymous_1)
FNDA:2,(anonymous_2)
FNDA:50,(anonymous_3)
FNDA:4,(anonymous_4)
FNDA:31,(anonymous_5)
FNDA:0,(anonymous_6)
FNDA:56,(anonymous_7)
FNDA:6,(anonymous_8)
FNDA:2,(anonymous_9)
FNDA:2,(anonymous_10)
FNDA:2,(anonymous_11)
FNDA:58,(anonymous_12)
FNDA:0,(anonymous_13)
FNDA:0,(anonymous_14)
FNDA:0,(anonymous_15)
DA:22,11
DA:23,11
DA:31,11
DA:42,11
DA:43,11
DA:50,27
DA:55,4
DA:58,27
DA:59,1
DA:60,1
DA:61,1
DA:63,1
DA:64,1
DA:65,1
DA:68,27
DA:69,50
DA:72,31
DA:73,31
DA:103,11
DA:104,11
DA:113,56
DA:114,6
DA:115,6
DA:118,56
DA:119,2
DA:122,56
DA:123,2
DA:126,56
DA:127,2
DA:137,58
DA:139,58
DA:140,58
DA:141,58
DA:142,58
DA:144,58
LF:35
LH:35
BRDA:140,0,0,26
BRDA:140,0,1,32
BRDA:141,1,0,6
BRDA:141,1,1,52
BRDA:142,2,0,2
BRDA:142,2,1,56
BRF:6
BRH:6
end_of_record
TN:
SF:/home/travis/build/wasdk/WebAssemblyStudio/src/components/editor/View.tsx
FN:24,(anonymous_0)
FN:31,defaultViewTypeForFileType
FN:42,isViewFileDirty
FN:54,(anonymous_3)
FN:58,(anonymous_4)
FNF:5
FNH:5
FNDA:22,(anonymous_0)
FNDA:14,defaultViewTypeForFileType
FNDA:32,isViewFileDirty
FNDA:149,(anonymous_3)
FNDA:2,(anonymous_4)
DA:22,22
DA:24,22
DA:25,22
DA:26,22
DA:27,22
DA:28,22
DA:31,22
DA:32,14
DA:34,2
DA:36,1
DA:38,11
DA:42,22
DA:43,32
DA:44,4
DA:46,28
DA:49,22
DA:55,149
DA:56,149
DA:59,2
LF:19
LH:19
BRDA:24,0,0,22
BRDA:24,0,1,22
BRDA:33,1,0,2
BRDA:33,1,1,1
BRDA:33,1,2,11
BRDA:43,2,0,4
BRDA:43,2,1,28
BRDA:43,3,0,32
BRDA:43,3,1,30
BRDA:54,4,0,50
BRF:10
BRH:10
end_of_record
TN:
SF:/home/travis/build/wasdk/WebAssemblyStudio/src/components/editor/ViewTabs.tsx
FN:98,(anonymous_0)
FN:126,(anonymous_1)
FN:110,(anonymous_2)
FN:114,(anonymous_3)
FN:118,(anonymous_4)
FN:132,(anonymous_5)
FN:139,(anonymous_6)
FN:149,(anonymous_7)
FN:161,(anonymous_8)
FN:173,(anonymous_9)
FN:182,(anonymous_10)
FN:204,(anonymous_11)
FN:210,(anonymous_12)
FN:89,(anonymous_13)
FN:91,(anonymous_14)
FN:93,(anonymous_15)
FNF:16
FNH:13
FNDA:26,(anonymous_0)
FNDA:1,(anonymous_1)
FNDA:26,(anonymous_2)
FNDA:26,(anonymous_3)
FNDA:2,(anonymous_4)
FNDA:27,(anonymous_5)
FNDA:1,(anonymous_6)
FNDA:1,(anonymous_7)
FNDA:2,(anonymous_8)
FNDA:2,(anonymous_9)
FNDA:29,(anonymous_10)
FNDA:1,(anonymous_11)
FNDA:54,(anonymous_12)
FNDA:0,(anonymous_13)
FNDA:0,(anonymous_14)
FNDA:0,(anonymous_15)
DA:22,9
DA:24,9
DA:25,9
DA:26,9
DA:27,9
DA:28,9
DA:29,9
DA:30,9
DA:31,9
DA:32,9
DA:33,9
DA:34,9
DA:84,9
DA:85,9
DA:99,26
DA:100,26
DA:105,26
DA:111,26
DA:115,26
DA:119,2
DA:120,1
DA:126,26
DA:127,1
DA:133,27
DA:134,27
DA:140,1
DA:150,1
DA:154,27
DA:155,4
DA:156,4
DA:162,2
DA:166,23
DA:167,4
DA:168,4
DA:174,2
DA:179,27
DA:183,29
DA:184,29
DA:185,1
DA:187,28
DA:189,28
DA:190,2
DA:191,26
DA:192,2
DA:193,24
DA:194,1
DA:195,23
DA:196,22
DA:198,1
DA:200,27
DA:201,27
DA:202,27
DA:205,1
DA:211,54
DA:212,54
DA:213,54
DA:214,2
DA:215,52
DA:216,8
DA:218,54
LF:60
LH:60
BRDA:119,0,0,1
BRDA:119,0,1,1
BRDA:154,1,0,4
BRDA:154,1,1,23
BRDA:159,2,0,2
BRDA:159,2,1,2
BRDA:160,3,0,2
BRDA:160,3,1,2
BRDA:162,4,0,1
BRDA:162,4,1,1
BRDA:166,5,0,4
BRDA:166,5,1,19
BRDA:171,6,0,2
BRDA:171,6,1,2
BRDA:172,7,0,2
BRDA:172,7,1,2
BRDA:174,8,0,1
BRDA:174,8,1,1
BRDA:184,9,0,1
BRDA:184,9,1,28
BRDA:189,10,0,2
BRDA:189,10,1,26
BRDA:189,11,0,28
BRDA:189,11,1,27
BRDA:189,11,2,4
BRDA:191,12,0,2
BRDA:191,12,1,24
BRDA:191,13,0,26
BRDA:191,13,1,25
BRDA:191,13,2,4
BRDA:193,14,0,1
BRDA:193,14,1,23
BRDA:195,15,0,22
BRDA:195,15,1,1
BRDA:201,16,0,26
BRDA:201,16,1,1
BRDA:213,17,0,2
BRDA:213,17,1,52
BRDA:215,18,0,8
BRDA:215,18,1,44
BRDA:215,19,0,52
BRDA:215,19,1,48
BRF:42
BRH:42
end_of_record
TN:
SF:/home/travis/build/wasdk/WebAssemblyStudio/src/components/editor/index.ts
FNF:0
FNH:0
DA:22,8
DA:23,8
DA:24,8
DA:25,8
LF:4
LH:4
BRF:0
BRH:0
end_of_record
TN:
SF:/home/travis/build/wasdk/WebAssemblyStudio/src/components/shared/Button.tsx
FN:35,(anonymous_0)
FN:58,(anonymous_1)
FNF:2
FNH:2
FNDA:75,(anonymous_0)
FNDA:10,(anonymous_1)
DA:22,19
DA:24,19
DA:36,75
DA:37,75
DA:38,2
DA:40,75
DA:41,24
DA:43,75
DA:44,8
DA:56,67
DA:59,10
DA:60,8
LF:12
LH:12
BRDA:37,0,0,2
BRDA:37,0,1,73
BRDA:40,1,0,24
BRDA:40,1,1,51
BRDA:43,2,0,8
BRDA:43,2,1,67
BRDA:43,3,0,75
BRDA:43,3,1,9
BRDA:47,4,0,8
BRDA:47,4,1,4
BRDA:48,5,0,8
BRDA:48,5,1,4
BRDA:59,6,0,8
BRDA:59,6,1,2
BRDA:59,7,0,10
BRDA:59,7,1,10
BRF:16
BRH:16
end_of_record
TN:
SF:/home/travis/build/wasdk/WebAssemblyStudio/src/components/shared/Icons.tsx
FN:29,(anonymous_0)
FN:40,(anonymous_1)
FN:46,(anonymous_2)
FN:52,(anonymous_3)
FN:58,(anonymous_4)
FN:65,(anonymous_5)
FN:71,(anonymous_6)
FN:77,(anonymous_7)
FN:83,(anonymous_8)
FN:89,(anonymous_9)
FN:95,(anonymous_10)
FN:101,(anonymous_11)
FN:107,(anonymous_12)
FN:113,(anonymous_13)
FN:119,(anonymous_14)
FN:125,(anonymous_15)
FN:131,(anonymous_16)
FN:137,(anonymous_17)
FN:143,(anonymous_18)
FN:149,(anonymous_19)
FN:155,(anonymous_20)
FN:161,(anonymous_21)
FN:167,(anonymous_22)
FN:173,(anonymous_23)
FN:179,(anonymous_24)
FN:185,(anonymous_25)
FN:191,(anonymous_26)
FN:197,(anonymous_27)
FNF:28
FNH:28
FNDA:1,(anonymous_0)
FNDA:1,(anonymous_1)
FNDA:1,(anonymous_2)
FNDA:1,(anonymous_3)
FNDA:1,(anonymous_4)
FNDA:25,(anonymous_5)
FNDA:1,(anonymous_6)
FNDA:1,(anonymous_7)
FNDA:1,(anonymous_8)
FNDA:1,(anonymous_9)
FNDA:1,(anonymous_10)
FNDA:1,(anonymous_11)
FNDA:1,(anonymous_12)
FNDA:1,(anonymous_13)
FNDA:1,(anonymous_14)
FNDA:1,(anonymous_15)
FNDA:2,(anonymous_16)
FNDA:1,(anonymous_17)
FNDA:1,(anonymous_18)
FNDA:1,(anonymous_19)
FNDA:1,(anonymous_20)
FNDA:4,(anonymous_21)
FNDA:1,(anonymous_22)
FNDA:25,(anonymous_23)
FNDA:5,(anonymous_24)
FNDA:5,(anonymous_25)
FNDA:1,(anonymous_26)
FNDA:4,(anonymous_27)
DA:22,19
DA:24,19
DA:30,1
DA:39,19
DA:41,1
DA:45,19
DA:47,1
DA:51,19
DA:53,1
DA:57,19
DA:59,1
DA:64,19
DA:66,25
DA:70,19
DA:72,1
DA:76,19
DA:78,1
DA:82,19
DA:84,1
DA:88,19
DA:90,1
DA:94,19
DA:96,1
DA:100,19
DA:102,1
DA:106,19
DA:108,1
DA:112,19
DA:114,1
DA:118,19
DA:120,1
DA:124,19
DA:126,1
DA:130,19
DA:132,2
DA:136,19
DA:138,1
DA:142,19
DA:144,1
DA:148,19
DA:150,1
DA:154,19
DA:156,1
DA:160,19
DA:162,4
DA:166,19
DA:168,1
DA:172,19
DA:174,25
DA:178,19
DA:180,5
DA:184,19
DA:186,5
DA:190,19
DA:192,1
DA:196,19
DA:198,4
LF:57
LH:57
BRF:0
BRH:0
end_of_record
TN:
SF:/home/travis/build/wasdk/WebAssemblyStudio/src/languages/cton.ts
FN:28,getCompletionItems
FN:124,(anonymous_1)
FN:129,(anonymous_2)
FNF:3
FNH:3
FNDA:1,getCompletionItems
FNDA:1,(anonymous_1)
FNDA:1,(anonymous_2)
DA:27,2
DA:29,1
DA:30,1
DA:31,0
DA:33,1
DA:38,2
DA:64,2
DA:120,2
DA:125,1
DA:130,1
LF:10
LH:9
BRDA:30,0,0,0
BRDA:30,0,1,1
BRF:2
BRH:1
end_of_record
TN:
SF:/home/travis/build/wasdk/WebAssemblyStudio/src/languages/log.ts
FNF:0
FNH:0
DA:27,2
LF:1
LH:1
BRF:0
BRH:0
end_of_record
TN:
SF:/home/travis/build/wasdk/WebAssemblyStudio/src/languages/rust.ts
FN:34,getCompletionItems
FN:236,(anonymous_1)
FN:241,(anonymous_2)
FNF:3
FNH:3
FNDA:1,getCompletionItems
FNDA:1,(anonymous_1)
FNDA:1,(anonymous_2)
DA:33,2
DA:35,1
DA:36,1
DA:37,0
DA:39,1
DA:44,2
DA:71,2
DA:232,2
DA:237,1
DA:242,1
LF:10
LH:9
BRDA:36,0,0,0
BRDA:36,0,1,1
BRF:2
BRH:1
end_of_record
TN:
SF:/home/travis/build/wasdk/WebAssemblyStudio/src/languages/wat.ts
FN:28,getWatCompletionItems
FN:461,watWordAt
FN:474,(anonymous_2)
FN:479,(anonymous_3)
FN:485,(anonymous_4)
FNF:5
FNH:5
FNDA:4,getWatCompletionItems
FNDA:166,watWordAt
FNDA:1,(anonymous_2)
FNDA:3,(anonymous_3)
FNDA:282,(anonymous_4)
DA:27,2
DA:28,2
DA:29,4
DA:30,4
DA:31,3
DA:33,1
DA:199,2
DA:228,2
DA:461,2
DA:462,166
DA:463,166
DA:464,166
DA:465,3
DA:467,163
DA:470,2
DA:475,1
DA:480,3
DA:481,3
DA:482,3
DA:483,1
DA:485,282
DA:486,2
DA:487,1
DA:489,1
LF:24
LH:24
BRDA:30,0,0,3
BRDA:30,0,1,1
BRDA:464,1,0,3
BRDA:464,1,1,163
BRDA:482,2,0,1
BRDA:482,2,1,2
BRDA:486,3,0,1
BRDA:486,3,1,1
BRF:8
BRH:8
end_of_record
TN:
SF:/home/travis/build/wasdk/WebAssemblyStudio/src/languages/x86.ts
FN:28,getCompletionItems
FN:150,(anonymous_1)
FN:155,(anonymous_2)
FNF:3
FNH:3
FNDA:1,getCompletionItems
FNDA:1,(anonymous_1)
FNDA:1,(anonymous_2)
DA:27,2
DA:29,1
DA:30,1
DA:31,0
DA:33,1
DA:38,2
DA:64,2
DA:146,2
DA:151,1
DA:156,1
LF:10
LH:9
BRDA:30,0,0,0
BRDA:30,0,1,1
BRF:2
BRH:1
end_of_record
TN:
SF:/home/travis/build/wasdk/WebAssemblyStudio/src/models/Directory.ts
FN:33,(anonymous_0)
FN:36,(anonymous_1)
FN:43,(anonymous_2)
FN:45,(anonymous_3)
FN:59,(anonymous_4)
FN:60,(anonymous_5)
FN:67,(anonymous_6)
FN:83,(anonymous_7)
FN:92,(anonymous_8)
FN:100,(anonymous_9)
FN:119,(anonymous_10)
FN:138,(anonymous_11)
FN:139,(anonymous_12)
FN:143,(anonymous_13)
FN:157,(anonymous_14)
FN:159,recurse
FN:163,(anonymous_16)
FN:175,(anonymous_17)
FN:177,(anonymous_18)
FN:179,(anonymous_19)
FN:180,(anonymous_20)
FN:182,(anonymous_21)
FNF:22
FNH:22
FNDA:435,(anonymous_0)
FNDA:254,(anonymous_1)
FNDA:37,(anonymous_2)
FNDA:26,(anonymous_3)
FNDA:7,(anonymous_4)
FNDA:12,(anonymous_5)
FNDA:8,(anonymous_6)
FNDA:246,(anonymous_7)
FNDA:7,(anonymous_8)
FNDA:83,(anonymous_9)
FNDA:163,(anonymous_10)
FNDA:598,(anonymous_11)
FNDA:293,(anonymous_12)
FNDA:221,(anonymous_13)
FNDA:4,(anonymous_14)
FNDA:7,recurse
FNDA:9,(anonymous_16)
FNDA:2,(anonymous_17)
FNDA:4,(anonymous_18)
FNDA:1,(anonymous_19)
FNDA:1,(anonymous_20)
FNDA:29,(anonymous_21)
DA:22,43
DA:23,43
DA:24,43
DA:25,43
DA:26,43
DA:28,43
DA:30,435
DA:31,435
DA:32,435
DA:34,435
DA:37,254
DA:38,254
DA:39,321
DA:40,321
DA:44,37
DA:45,29
DA:46,26
DA:47,2
DA:49,24
DA:50,10
DA:52,14
DA:56,8
DA:60,7
DA:61,12
DA:62,2
DA:64,10
DA:68,8
DA:69,8
DA:70,8
DA:72,8
DA:73,1
DA:75,7
DA:77,8
DA:78,7
DA:81,1
DA:84,246
DA:85,245
DA:86,4
DA:88,245
DA:89,245
DA:90,245
DA:93,7
DA:94,6
DA:95,6
DA:96,5
DA:97,5
DA:98,5
DA:101,83
DA:102,59
DA:104,83
DA:105,83
DA:106,86
DA:107,86
DA:108,86
DA:109,26
DA:111,60
DA:112,60
DA:113,60
DA:116,83
DA:117,83
DA:120,163
DA:121,162
DA:123,163
DA:124,163
DA:125,23
DA:127,163
DA:128,163
DA:129,163
DA:130,8
DA:132,155
DA:133,155
DA:135,163
DA:136,163
DA:139,598
DA:140,293
DA:144,221
DA:145,217
DA:147,221
DA:148,221
DA:149,5
DA:150,3
DA:152,2
DA:155,216
DA:158,4
DA:160,7
DA:161,3
DA:163,7
DA:164,9
DA:165,9
DA:166,3
DA:168,6
DA:172,4
DA:173,4
DA:176,2
DA:177,4
DA:180,1
DA:183,29
LF:97
LH:97
BRDA:43,0,0,8
BRDA:43,1,0,8
BRDA:44,2,0,29
BRDA:44,2,1,8
BRDA:46,3,0,2
BRDA:46,3,1,24
BRDA:46,4,0,26
BRDA:46,4,1,7
BRDA:49,5,0,10
BRDA:49,5,1,14
BRDA:59,6,0,5
BRDA:61,7,0,2
BRDA:61,7,1,10
BRDA:61,8,0,12
BRDA:61,8,1,4
BRDA:72,9,0,1
BRDA:72,9,1,7
BRDA:77,10,0,7
BRDA:77,10,1,1
BRDA:85,11,0,4
BRDA:85,11,1,241
BRDA:101,12,0,59
BRDA:101,12,1,24
BRDA:108,13,0,26
BRDA:108,13,1,60
BRDA:119,14,0,110
BRDA:119,15,0,153
BRDA:120,16,0,162
BRDA:120,16,1,1
BRDA:124,17,0,23
BRDA:124,17,1,140
BRDA:129,18,0,8
BRDA:129,18,1,155
BRDA:129,19,0,163
BRDA:129,19,1,11
BRDA:144,20,0,217
BRDA:144,20,1,4
BRDA:148,21,0,5
BRDA:148,21,1,216
BRDA:149,22,0,3
BRDA:149,22,1,2
BRDA:149,23,0,5
BRDA:149,23,1,3
BRDA:160,24,0,3
BRDA:160,24,1,4
BRDA:165,25,0,3
BRDA:165,25,1,6
BRF:47
BRH:47
end_of_record
TN:
SF:/home/travis/build/wasdk/WebAssemblyStudio/src/models/EventDispatcher.ts
FN:25,(anonymous_0)
FN:28,(anonymous_1)
FN:34,(anonymous_2)
FN:41,(anonymous_3)
FN:43,(anonymous_4)
FNF:5
FNH:5
FNDA:5246,(anonymous_0)
FNDA:1670,(anonymous_1)
FNDA:84,(anonymous_2)
FNDA:766,(anonymous_3)
FNDA:1162,(anonymous_4)
DA:22,43
DA:24,5246
DA:26,5246
DA:29,1670
DA:30,1
DA:32,1669
DA:35,84
DA:36,84
DA:37,1
DA:39,83
DA:43,766
DA:44,1162
LF:12
LH:12
BRDA:29,0,0,1
BRDA:29,0,1,1669
BRDA:36,1,0,1
BRDA:36,1,1,83
BRF:4
BRH:4
end_of_record
TN:
SF:/home/travis/build/wasdk/WebAssemblyStudio/src/models/File.ts
FN:59,(anonymous_6)
FN:71,(anonymous_7)
FN:86,(anonymous_8)
FN:93,(anonymous_9)
FN:100,(anonymous_10)
FN:107,(anonymous_11)
FN:114,(anonymous_12)
FN:120,(anonymous_13)
FN:136,(anonymous_15)
FN:144,(anonymous_16)
FN:153,(anonymous_18)
FN:159,(anonymous_19)
FN:168,(anonymous_20)
FN:180,(anonymous_21)
FN:192,(anonymous_22)
FN:202,(anonymous_23)
FN:222,(anonymous_25)
FN:225,(anonymous_26)
FNF:18
FNH:18
FNDA:1006,(anonymous_6)
FNDA:3,(anonymous_7)
FNDA:4,(anonymous_8)
FNDA:62,(anonymous_9)
FNDA:67,(anonymous_10)
FNDA:9,(anonymous_11)
FNDA:65,(anonymous_12)
FNDA:59,(anonymous_13)
FNDA:12,(anonymous_15)
FNDA:2,(anonymous_16)
FNDA:60,(anonymous_18)
FNDA:56,(anonymous_19)
FNDA:21,(anonymous_20)
FNDA:2,(anonymous_21)
FNDA:90,(anonymous_22)
FNDA:8,(anonymous_23)
FNDA:1,(anonymous_25)
FNDA:6,(anonymous_26)
DA:22,43
DA:23,43
DA:24,43
DA:26,43
DA:28,43
DA:30,43
DA:39,1006
DA:40,1006
DA:45,1006
DA:46,1006
DA:47,1006
DA:48,1006
DA:49,1006
DA:50,1006
DA:58,1006
DA:60,1006
DA:61,1006
DA:62,1006
DA:63,1006
DA:64,32
DA:65,32
DA:67,974
DA:68,974
DA:70,1006
DA:71,1006
DA:74,3
DA:75,1
DA:77,2
DA:78,1
DA:79,1
DA:81,2
DA:82,2
DA:84,1006
DA:87,4
DA:88,4
DA:89,4
DA:90,3
DA:94,62
DA:95,62
DA:96,108
DA:97,108
DA:101,67
DA:102,67
DA:103,113
DA:104,113
DA:108,9
DA:109,9
DA:110,11
DA:111,11
DA:115,65
DA:116,7
DA:117,7
DA:121,59
DA:122,14
DA:123,14
DA:124,14
DA:125,14
DA:126,14
DA:127,14
DA:128,14
DA:129,14
DA:131,45
DA:132,45
DA:133,45
DA:137,12
DA:138,12
DA:139,12
DA:140,26
DA:141,26
DA:145,2
DA:146,2
DA:147,1
DA:149,1
DA:150,1
DA:151,1
DA:154,60
DA:155,59
DA:156,59
DA:157,59
DA:160,56
DA:161,1
DA:162,1
DA:163,1
DA:166,56
DA:169,21
DA:170,21
DA:171,10
DA:172,8
DA:174,10
DA:175,9
DA:178,12
DA:181,2
DA:182,2
DA:183,2
DA:184,2
DA:185,2
DA:187,2
DA:193,90
DA:194,90
DA:195,90
DA:196,30
DA:197,30
DA:199,90
DA:200,90
DA:203,8
DA:204,1
DA:206,7
DA:207,2
DA:208,2
DA:209,2
DA:210,1
DA:211,1
DA:213,1
DA:217,5
DA:218,5
DA:220,7
DA:223,1
DA:226,6
DA:227,6
DA:228,4
DA:229,3
DA:231,1
DA:233,3
LF:123
LH:123
BRDA:63,0,0,32
BRDA:63,0,1,974
BRDA:74,1,0,1
BRDA:74,1,1,2
BRDA:77,2,0,1
BRDA:77,2,1,1
BRDA:89,3,0,3
BRDA:89,3,1,1
BRDA:115,4,0,7
BRDA:115,4,1,58
BRDA:121,5,0,14
BRDA:121,5,1,45
BRDA:146,6,0,1
BRDA:146,6,1,1
BRDA:160,7,0,1
BRDA:160,7,1,55
BRDA:160,8,0,56
BRDA:160,8,1,1
BRDA:162,9,0,1
BRDA:162,9,1,0
BRDA:170,10,0,10
BRDA:170,10,1,11
BRDA:174,11,0,9
BRDA:174,11,1,1
BRDA:192,12,0,70
BRDA:195,13,0,120
BRDA:195,13,1,40
BRDA:203,14,0,1
BRDA:203,14,1,7
BRDA:206,15,0,2
BRDA:206,15,1,5
BRDA:207,16,0,2
BRDA:207,16,1,0
BRDA:207,17,0,2
BRDA:207,17,1,2
BRDA:228,18,0,3
BRDA:228,18,1,1
BRF:37
BRH:35
end_of_record
TN:
SF:/home/travis/build/wasdk/WebAssemblyStudio/src/models/ModelRef.ts
FN:26,(anonymous_0)
FN:29,(anonymous_1)
FN:32,(anonymous_2)
FNF:3
FNH:3
FNDA:234,(anonymous_0)
FNDA:371,(anonymous_1)
FNDA:331,(anonymous_2)
DA:22,43
DA:24,43
DA:27,234
DA:30,371
DA:33,331
DA:34,97
DA:36,234
DA:37,234
DA:38,234
LF:9
LH:9
BRDA:33,0,0,97
BRDA:33,0,1,234
BRF:2
BRH:2
end_of_record
TN:
SF:/home/travis/build/wasdk/WebAssemblyStudio/src/models/Problem.ts
FN:25,monacoSeverityToString
FN:35,(anonymous_1)
FN:42,(anonymous_2)
FNF:3
FNH:3
FNDA:5,monacoSeverityToString
FNDA:14,(anonymous_1)
FNDA:5,(anonymous_2)
DA:22,43
DA:25,43
DA:26,5
DA:27,3
DA:28,1
DA:29,1
DA:33,43
DA:34,14
DA:36,14
DA:37,14
DA:38,14
DA:39,14
DA:43,5
LF:13
LH:13
BRDA:27,0,0,3
BRDA:27,0,1,1
BRDA:27,0,2,1
BRF:3
BRH:3
end_of_record
TN:
SF:/home/travis/build/wasdk/WebAssemblyStudio/src/models/Project.ts
FN:31,(anonymous_0)
FN:36,(anonymous_1)
FN:39,(anonymous_2)
FN:45,(anonymous_3)
FN:49,(anonymous_4)
FNF:5
FNH:5
FNDA:178,(anonymous_0)
FNDA:874,(anonymous_1)
FNDA:8,(anonymous_2)
FNDA:24,(anonymous_3)
FNDA:19,(anonymous_4)
DA:22,43
DA:23,43
DA:24,43
DA:26,43
DA:27,178
DA:28,178
DA:29,178
DA:32,178
DA:35,178
DA:37,874
DA:40,8
DA:41,7
DA:43,1
DA:46,24
DA:47,24
DA:50,19
DA:51,18
DA:52,18
LF:18
LH:18
BRDA:40,0,0,7
BRDA:40,0,1,1
BRF:2
BRH:2
end_of_record
TN:
SF:/home/travis/build/wasdk/WebAssemblyStudio/src/models/index.ts
FNF:0
FNH:0
DA:22,43
DA:23,43
DA:24,43
DA:25,43
DA:26,43
DA:27,43
DA:28,43
DA:29,43
DA:30,43
DA:31,43
DA:32,43
DA:33,43
DA:34,43
DA:36,43
DA:37,43
DA:38,43
DA:39,43
DA:40,43
DA:41,43
LF:19
LH:19
BRF:0
BRH:0
end_of_record
TN:
SF:/home/travis/build/wasdk/WebAssemblyStudio/src/models/types.ts
FN:25,(anonymous_0)
FN:57,isBinaryFileType
FN:66,languageForFileType
FN:99,nameForFileType
FN:132,extensionForFileType
FN:165,fileTypeFromFileName
FN:169,fileTypeForExtension
FN:202,mimeTypeForFileType
FN:219,fileTypeForMimeType
FN:234,getIconForFileType
FNF:10
FNH:10
FNDA:43,(anonymous_0)
FNDA:1043,isBinaryFileType
FNDA:1043,languageForFileType
FNDA:23,nameForFileType
FNDA:51,extensionForFileType
FNDA:5,fileTypeFromFileName
FNDA:28,fileTypeForExtension
FNDA:9,mimeTypeForFileType
FNDA:10,fileTypeForMimeType
FNDA:275,getIconForFileType
DA:25,43
DA:26,43
DA:27,43
DA:28,43
DA:29,43
DA:30,43
DA:31,43
DA:32,43
DA:33,43
DA:34,43
DA:35,43
DA:36,43
DA:37,43
DA:38,43
DA:39,43
DA:40,43
DA:41,43
DA:42,43
DA:43,43
DA:57,43
DA:58,1043
DA:60,47
DA:62,996
DA:66,43
DA:67,1043
DA:68,3
DA:69,1040
DA:70,1
DA:71,1039
DA:72,317
DA:73,722
DA:74,3
DA:75,719
DA:76,23
DA:77,696
DA:78,1
DA:79,695
DA:80,24
DA:81,671
DA:82,124
DA:83,547
DA:84,5
DA:85,542
DA:86,30
DA:87,512
DA:88,1
DA:89,511
DA:90,14
DA:91,497
DA:92,12
DA:93,485
DA:94,1
DA:96,484
DA:99,43
DA:100,23
DA:101,1
DA:102,22
DA:103,1
DA:104,21
DA:105,4
DA:106,17
DA:107,1
DA:108,16
DA:109,4
DA:110,12
DA:111,1
DA:112,11
DA:113,1
DA:114,10
DA:115,1
DA:116,9
DA:117,1
DA:118,8
DA:119,1
DA:120,7
DA:121,1
DA:122,6
DA:123,1
DA:124,5
DA:125,1
DA:126,4
DA:127,1
DA:129,3
DA:132,43
DA:133,51
DA:134,1
DA:135,50
DA:136,1
DA:137,49
DA:138,25
DA:139,24
DA:140,1
DA:141,23
DA:142,11
DA:143,12
DA:144,1
DA:145,11
DA:146,1
DA:147,10
DA:148,1
DA:149,9
DA:150,1
DA:151,8
DA:152,1
DA:153,7
DA:154,1
DA:155,6
DA:156,1
DA:157,5
DA:158,1
DA:159,4
DA:160,1
DA:162,3
DA:165,43
DA:166,5
DA:169,43
DA:170,28
DA:171,2
DA:172,26
DA:173,1
DA:174,25
DA:175,8
DA:176,17
DA:177,1
DA:178,16
DA:179,3
DA:180,13
DA:181,1
DA:182,12
DA:183,1
DA:184,11
DA:185,3
DA:186,8
DA:187,1
DA:188,7
DA:189,1
DA:190,6
DA:191,1
DA:192,5
DA:193,2
DA:194,3
DA:195,1
DA:196,2
DA:197,1
DA:199,1
DA:202,43
DA:203,9
DA:204,1
DA:205,8
DA:206,3
DA:207,5
DA:208,1
DA:209,4
DA:210,1
DA:211,3
DA:212,1
DA:213,2
DA:214,1
DA:216,1
DA:219,43
DA:220,10
DA:221,3
DA:222,7
DA:223,1
DA:224,6
DA:225,1
DA:226,5
DA:227,1
DA:228,4
DA:229,1
DA:231,3
DA:234,43
DA:235,275
DA:236,17
DA:237,258
DA:238,17
DA:239,241
DA:240,17
DA:241,224
DA:242,17
DA:243,207
DA:244,17
DA:245,190
DA:246,25
DA:247,165
DA:248,17
DA:249,148
DA:250,17
DA:251,131
DA:252,1
DA:253,130
DA:254,17
DA:255,113
DA:256,1
DA:257,112
DA:258,17
DA:260,95
LF:197
LH:197
BRDA:25,0,0,43
BRDA:25,0,1,43
BRDA:59,1,0,47
BRDA:59,1,1,996
BRDA:67,2,0,3
BRDA:67,2,1,1040
BRDA:69,3,0,1
BRDA:69,3,1,1039
BRDA:71,4,0,317
BRDA:71,4,1,722
BRDA:73,5,0,3
BRDA:73,5,1,719
BRDA:75,6,0,23
BRDA:75,6,1,696
BRDA:75,7,0,719
BRDA:75,7,1,700
BRDA:77,8,0,1
BRDA:77,8,1,695
BRDA:79,9,0,24
BRDA:79,9,1,671
BRDA:79,10,0,695
BRDA:79,10,1,672
BRDA:81,11,0,124
BRDA:81,11,1,547
BRDA:83,12,0,5
BRDA:83,12,1,542
BRDA:85,13,0,30
BRDA:85,13,1,512
BRDA:87,14,0,1
BRDA:87,14,1,511
BRDA:89,15,0,14
BRDA:89,15,1,497
BRDA:91,16,0,12
BRDA:91,16,1,485
BRDA:93,17,0,1
BRDA:93,17,1,484
BRDA:100,18,0,1
BRDA:100,18,1,22
BRDA:102,19,0,1
BRDA:102,19,1,21
BRDA:104,20,0,4
BRDA:104,20,1,17
BRDA:106,21,0,1
BRDA:106,21,1,16
BRDA:108,22,0,4
BRDA:108,22,1,12
BRDA:110,23,0,1
BRDA:110,23,1,11
BRDA:112,24,0,1
BRDA:112,24,1,10
BRDA:114,25,0,1
BRDA:114,25,1,9
BRDA:116,26,0,1
BRDA:116,26,1,8
BRDA:118,27,0,1
BRDA:118,27,1,7
BRDA:120,28,0,1
BRDA:120,28,1,6
BRDA:122,29,0,1
BRDA:122,29,1,5
BRDA:124,30,0,1
BRDA:124,30,1,4
BRDA:126,31,0,1
BRDA:126,31,1,3
BRDA:133,32,0,1
BRDA:133,32,1,50
BRDA:135,33,0,1
BRDA:135,33,1,49
BRDA:137,34,0,25
BRDA:137,34,1,24
BRDA:139,35,0,1
BRDA:139,35,1,23
BRDA:141,36,0,11
BRDA:141,36,1,12
BRDA:143,37,0,1
BRDA:143,37,1,11
BRDA:145,38,0,1
BRDA:145,38,1,10
BRDA:147,39,0,1
BRDA:147,39,1,9
BRDA:149,40,0,1
BRDA:149,40,1,8
BRDA:151,41,0,1
BRDA:151,41,1,7
BRDA:153,42,0,1
BRDA:153,42,1,6
BRDA:155,43,0,1
BRDA:155,43,1,5
BRDA:157,44,0,1
BRDA:157,44,1,4
BRDA:159,45,0,1
BRDA:159,45,1,3
BRDA:170,46,0,2
BRDA:170,46,1,26
BRDA:172,47,0,1
BRDA:172,47,1,25
BRDA:174,48,0,8
BRDA:174,48,1,17
BRDA:176,49,0,1
BRDA:176,49,1,16
BRDA:178,50,0,3
BRDA:178,50,1,13
BRDA:180,51,0,1
BRDA:180,51,1,12
BRDA:182,52,0,1
BRDA:182,52,1,11
BRDA:184,53,0,3
BRDA:184,53,1,8
BRDA:186,54,0,1
BRDA:186,54,1,7
BRDA:188,55,0,1
BRDA:188,55,1,6
BRDA:190,56,0,1
BRDA:190,56,1,5
BRDA:192,57,0,2
BRDA:192,57,1,3
BRDA:192,58,0,5
BRDA:192,58,1,4
BRDA:194,59,0,1
BRDA:194,59,1,2
BRDA:196,60,0,1
BRDA:196,60,1,1
BRDA:203,61,0,1
BRDA:203,61,1,8
BRDA:205,62,0,3
BRDA:205,62,1,5
BRDA:207,63,0,1
BRDA:207,63,1,4
BRDA:209,64,0,1
BRDA:209,64,1,3
BRDA:211,65,0,1
BRDA:211,65,1,2
BRDA:213,66,0,1
BRDA:213,66,1,1
BRDA:220,67,0,3
BRDA:220,67,1,7
BRDA:222,68,0,1
BRDA:222,68,1,6
BRDA:224,69,0,1
BRDA:224,69,1,5
BRDA:226,70,0,1
BRDA:226,70,1,4
BRDA:228,71,0,1
BRDA:228,71,1,3
BRDA:235,72,0,17
BRDA:235,72,1,258
BRDA:237,73,0,17
BRDA:237,73,1,241
BRDA:239,74,0,17
BRDA:239,74,1,224
BRDA:241,75,0,17
BRDA:241,75,1,207
BRDA:243,76,0,17
BRDA:243,76,1,190
BRDA:245,77,0,25
BRDA:245,77,1,165
BRDA:247,78,0,17
BRDA:247,78,1,148
BRDA:249,79,0,17
BRDA:249,79,1,131
BRDA:251,80,0,1
BRDA:251,80,1,130
BRDA:253,81,0,17
BRDA:253,81,1,113
BRDA:255,82,0,1
BRDA:255,82,1,112
BRDA:257,83,0,17
BRDA:257,83,1,95
BRF:168
BRH:168
end_of_record
TN:
SF:/home/travis/build/wasdk/WebAssemblyStudio/src/stores/AppStore.ts
FN:70,(anonymous_0)
FN:76,(anonymous_1)
FN:85,(anonymous_2)
FN:92,(anonymous_3)
FN:93,(anonymous_4)
FN:94,(anonymous_5)
FN:95,(anonymous_6)
FN:96,(anonymous_7)
FN:97,(anonymous_8)
FN:98,(anonymous_9)
FN:102,(anonymous_10)
FN:103,(anonymous_11)
FN:109,(anonymous_12)
FN:117,(anonymous_13)
FN:124,(anonymous_14)
FN:128,(anonymous_15)
FN:132,(anonymous_16)
FN:136,(anonymous_17)
FN:140,(anonymous_18)
FN:144,(anonymous_19)
FN:148,(anonymous_20)
FN:152,(anonymous_21)
FN:157,(anonymous_22)
FN:161,(anonymous_23)
FN:165,(anonymous_24)
FN:170,(anonymous_25)
FN:176,(anonymous_26)
FN:180,(anonymous_27)
FN:184,(anonymous_28)
FN:188,(anonymous_29)
FN:203,(anonymous_30)
FN:208,(anonymous_31)
FN:218,(anonymous_32)
FN:223,(anonymous_33)
FN:228,(anonymous_34)
FN:237,(anonymous_35)
FN:241,(anonymous_36)
FN:242,(anonymous_37)
FN:248,(anonymous_38)
FN:254,(anonymous_39)
FN:271,(anonymous_40)
FN:272,(anonymous_41)
FN:273,(anonymous_42)
FN:285,(anonymous_43)
FN:296,(anonymous_44)
FN:303,(anonymous_45)
FN:397,(anonymous_46)
FNF:47
FNH:46
FNDA:18,(anonymous_0)
FNDA:123,(anonymous_1)
FNDA:9,(anonymous_2)
FNDA:132,(anonymous_3)
FNDA:38,(anonymous_4)
FNDA:3,(anonymous_5)
FNDA:2,(anonymous_6)
FNDA:2,(anonymous_7)
FNDA:2,(anonymous_8)
FNDA:4,(anonymous_9)
FNDA:2,(anonymous_10)
FNDA:8,(anonymous_11)
FNDA:14,(anonymous_12)
FNDA:2,(anonymous_13)
FNDA:2,(anonymous_14)
FNDA:2,(anonymous_15)
FNDA:304,(anonymous_16)
FNDA:296,(anonymous_17)
FNDA:134,(anonymous_18)
FNDA:22,(anonymous_19)
FNDA:11,(anonymous_20)
FNDA:11,(anonymous_21)
FNDA:1,(anonymous_22)
FNDA:0,(anonymous_23)
FNDA:24,(anonymous_24)
FNDA:34,(anonymous_25)
FNDA:17,(anonymous_26)
FNDA:5,(anonymous_27)
FNDA:863,(anonymous_28)
FNDA:7,(anonymous_29)
FNDA:2,(anonymous_30)
FNDA:1,(anonymous_31)
FNDA:7,(anonymous_32)
FNDA:3,(anonymous_33)
FNDA:1,(anonymous_34)
FNDA:1,(anonymous_35)
FNDA:2,(anonymous_36)
FNDA:2,(anonymous_37)
FNDA:1,(anonymous_38)
FNDA:2,(anonymous_39)
FNDA:5,(anonymous_40)
FNDA:9,(anonymous_41)
FNDA:8,(anonymous_42)
FNDA:1,(anonymous_43)
FNDA:1,(anonymous_44)
FNDA:204,(anonymous_45)
FNDA:204,(anonymous_46)
DA:22,18
DA:25,18
DA:26,18
DA:45,18
DA:46,18
DA:47,18
DA:49,18
DA:56,18
DA:57,18
DA:58,18
DA:59,18
DA:60,18
DA:61,18
DA:62,18
DA:63,18
DA:64,18
DA:65,18
DA:66,18
DA:67,18
DA:68,18
DA:71,18
DA:72,18
DA:73,18
DA:77,123
DA:78,123
DA:79,123
DA:80,123
DA:81,123
DA:82,123
DA:86,9
DA:87,9
DA:88,9
DA:89,9
DA:93,132
DA:94,132
DA:95,132
DA:96,132
DA:97,132
DA:98,132
DA:99,4
DA:100,4
DA:102,132
DA:103,132
DA:104,8
DA:105,8
DA:110,14
DA:111,5
DA:113,9
DA:114,9
DA:118,2
DA:119,1
DA:121,2
DA:125,2
DA:129,2
DA:133,304
DA:137,296
DA:141,134
DA:145,22
DA:149,11
DA:153,11
DA:154,11
DA:158,1
DA:162,0
DA:166,24
DA:167,24
DA:171,34
DA:172,34
DA:177,17
DA:181,5
DA:185,863
DA:189,7
DA:190,7
DA:191,5
DA:193,7
DA:194,7
DA:195,7
DA:196,7
DA:197,7
DA:200,7
DA:204,2
DA:205,2
DA:206,1
DA:208,1
DA:211,1
DA:212,1
DA:213,1
DA:214,1
DA:215,1
DA:219,7
DA:220,7
DA:224,3
DA:225,3
DA:229,1
DA:230,1
DA:231,1
DA:232,1
DA:234,1
DA:238,1
DA:239,1
DA:241,1
DA:242,2
DA:243,2
DA:244,2
DA:245,1
DA:248,1
DA:249,1
DA:251,1
DA:255,2
DA:256,2
DA:258,2
DA:259,0
DA:262,2
DA:264,2
DA:265,2
DA:266,2
DA:267,2
DA:272,5
DA:273,9
DA:274,8
DA:275,8
DA:277,9
DA:278,8
DA:280,4
DA:281,4
DA:282,4
DA:292,1
DA:293,1
DA:297,1
DA:304,204
DA:306,3
DA:307,3
DA:308,3
DA:311,1
DA:312,1
DA:313,1
DA:316,1
DA:317,1
DA:318,1
DA:321,2
DA:322,2
DA:323,2
DA:324,2
DA:327,7
DA:328,7
DA:329,7
DA:332,5
DA:333,5
DA:334,4
DA:337,2
DA:338,2
DA:341,2
DA:342,2
DA:343,2
DA:346,1
DA:347,1
DA:348,1
DA:351,2
DA:352,2
DA:353,2
DA:356,9
DA:357,9
DA:358,9
DA:361,2
DA:362,2
DA:365,123
DA:366,123
DA:369,1
DA:370,1
DA:371,1
DA:374,7
DA:375,7
DA:376,7
DA:379,19
DA:380,19
DA:381,19
DA:384,16
DA:385,16
DA:388,1
DA:389,1
DA:390,1
DA:396,18
DA:397,204
DA:399,18
LF:183
LH:181
BRDA:110,0,0,5
BRDA:110,0,1,9
BRDA:118,1,0,1
BRDA:118,1,1,1
BRDA:154,2,0,10
BRDA:154,2,1,1
BRDA:167,3,0,23
BRDA:167,3,1,1
BRDA:172,4,0,26
BRDA:172,4,1,8
BRDA:188,5,0,1
BRDA:190,6,0,5
BRDA:190,6,1,2
BRDA:205,7,0,1
BRDA:205,7,1,1
BRDA:231,8,0,1
BRDA:231,8,1,0
BRDA:244,9,0,1
BRDA:244,9,1,1
BRDA:258,10,0,0
BRDA:258,10,1,2
BRDA:258,11,0,2
BRDA:258,11,1,2
BRDA:264,12,0,2
BRDA:264,12,1,0
BRDA:266,13,0,2
BRDA:266,13,1,0
BRDA:305,14,0,3
BRDA:305,14,1,1
BRDA:305,14,2,1
BRDA:305,14,3,2
BRDA:305,14,4,7
BRDA:305,14,5,5
BRDA:305,14,6,2
BRDA:305,14,7,2
BRDA:305,14,8,1
BRDA:305,14,9,2
BRDA:305,14,10,9
BRDA:305,14,11,2
BRDA:305,14,12,123
BRDA:305,14,13,1
BRDA:305,14,14,7
BRDA:305,14,15,19
BRDA:305,14,16,16
BRDA:305,14,17,1
BRF:45
BRH:41
end_of_record
TN:
SF:/home/travis/build/wasdk/WebAssemblyStudio/src/utils/Logger.ts
FN:26,(anonymous_0)
FN:31,(anonymous_1)
FN:36,(anonymous_2)
FN:41,(anonymous_3)
FN:44,(anonymous_4)
FNF:5
FNH:5
FNDA:2,(anonymous_0)
FNDA:2,(anonymous_1)
FNDA:2,(anonymous_2)
FNDA:1,(anonymous_3)
FNDA:1,(anonymous_4)
DA:22,1
DA:23,1
DA:25,1
DA:27,2
DA:28,1
DA:32,2
DA:33,1
DA:37,2
DA:38,1
DA:42,1
DA:45,1
LF:11
LH:11
BRDA:27,0,0,1
BRDA:27,0,1,1
BRDA:32,1,0,1
BRDA:32,1,1,1
BRDA:37,2,0,1
BRDA:37,2,1,1
BRF:6
BRH:6
end_of_record
TN:
SF:/home/travis/build/wasdk/WebAssemblyStudio/src/utils/Template.ts
FN:28,(anonymous_0)
FN:49,(anonymous_1)
FN:52,(anonymous_2)
FN:55,(anonymous_3)
FN:65,(anonymous_4)
FN:68,(anonymous_5)
FN:71,(anonymous_6)
FNF:7
FNH:5
FNDA:23,(anonymous_0)
FNDA:4,(anonymous_1)
FNDA:0,(anonymous_2)
FNDA:1,(anonymous_3)
FNDA:18,(anonymous_4)
FNDA:0,(anonymous_5)
FNDA:14,(anonymous_6)
DA:22,8
DA:24,8
DA:29,23
DA:30,23
DA:31,23
DA:32,23
DA:34,23
DA:35,23
DA:36,23
DA:38,23
DA:39,23
DA:40,23
DA:42,23
DA:43,23
DA:44,23
DA:48,8
DA:50,4
DA:56,1
DA:57,1
DA:58,1
DA:59,1
DA:60,1
DA:64,8
DA:66,18
DA:72,14
DA:73,14
DA:74,1
DA:75,1
DA:76,5
DA:77,1
DA:78,1
DA:79,1
DA:80,1
DA:81,1
DA:82,1
DA:84,14
DA:85,1
DA:86,1
DA:88,13
DA:90,14
DA:91,13
DA:93,14
DA:94,14
DA:95,14
DA:96,14
DA:97,14
DA:98,1
DA:99,13
DA:100,1
DA:101,12
DA:102,1
DA:104,14
LF:52
LH:52
BRDA:74,0,0,1
BRDA:74,0,1,1
BRDA:74,0,2,5
BRDA:74,0,3,1
BRDA:74,0,4,1
BRDA:74,0,5,1
BRDA:74,0,6,1
BRDA:74,0,7,1
BRDA:74,0,8,1
BRDA:84,1,0,1
BRDA:84,1,1,13
BRDA:90,2,0,13
BRDA:90,2,1,1
BRDA:97,3,0,1
BRDA:97,3,1,13
BRDA:97,4,0,14
BRDA:97,4,1,2
BRDA:99,5,0,1
BRDA:99,5,1,12
BRDA:99,6,0,13
BRDA:99,6,1,1
BRDA:101,7,0,1
BRDA:101,7,1,11
BRDA:101,8,0,12
BRDA:101,8,1,12
BRF:25
BRH:25
end_of_record
TN:
SF:/home/travis/build/wasdk/WebAssemblyStudio/src/utils/download.ts
FN:25,downloadProject
FN:32,(anonymous_8)
FN:37,(anonymous_9)
FN:43,(anonymous_10)
FNF:4
FNH:4
FNDA:2,downloadProject
FNDA:4,(anonymous_8)
FNDA:2,(anonymous_9)
FNDA:2,(anonymous_10)
DA:22,1
DA:23,1
DA:25,1
DA:26,2
DA:27,2
DA:28,2
DA:29,1
DA:31,2
DA:32,4
DA:33,2
DA:34,6
DA:35,6
DA:36,6
DA:37,2
DA:38,2
DA:39,2
DA:41,4
DA:43,2
DA:45,2
DA:46,2
DA:47,2
DA:50,2
DA:51,2
DA:52,2
LF:24
LH:24
BRDA:28,0,0,1
BRDA:28,0,1,1
BRDA:36,1,0,2
BRDA:36,1,1,4
BRF:4
BRH:4
end_of_record
TN:
SF:/home/travis/build/wasdk/WebAssemblyStudio/src/utils/fetchTemplates.ts
FN:22,fetchTemplates
FNF:1
FNH:1
FNDA:1,fetchTemplates
DA:22,3
DA:23,1
DA:24,1
LF:3
LH:3
BRF:0
BRH:0
end_of_record
TN:
SF:/home/travis/build/wasdk/WebAssemblyStudio/src/utils/ga.ts
FN:24,gaEvent
FNF:1
FNH:1
FNDA:3,gaEvent
DA:24,41
DA:25,3
DA:26,2
DA:28,1
LF:4
LH:4
BRDA:25,0,0,2
BRDA:25,0,1,1
BRF:2
BRH:2
end_of_record
TN:
SF:/home/travis/build/wasdk/WebAssemblyStudio/src/utils/group.ts
FN:31,(anonymous_0)
FN:35,(anonymous_1)
FN:63,(anonymous_2)
FN:64,(anonymous_3)
FN:69,(anonymous_4)
FNF:5
FNH:5
FNDA:136,(anonymous_0)
FNDA:14,(anonymous_1)
FNDA:10,(anonymous_2)
FNDA:7,(anonymous_3)
FNDA:4,(anonymous_4)
DA:22,20
DA:23,20
DA:26,20
DA:32,136
DA:33,136
DA:36,14
DA:37,14
DA:39,14
DA:41,1
DA:42,1
DA:43,0
DA:45,1
DA:47,13
DA:48,13
DA:50,1
DA:51,1
DA:52,1
DA:54,12
DA:55,12
DA:58,0
DA:59,0
DA:60,0
DA:64,10
DA:65,10
DA:66,10
DA:70,4
DA:71,4
DA:72,1
DA:75,3
DA:80,3
DA:81,3
DA:83,3
DA:84,1
LF:33
LH:29
BRDA:31,0,0,0
BRDA:35,1,0,2
BRDA:39,2,0,1
BRDA:39,2,1,13
BRDA:42,3,0,0
BRDA:42,3,1,1
BRDA:42,4,0,1
BRDA:42,4,1,0
BRDA:47,5,0,13
BRDA:47,5,1,0
BRDA:48,6,0,1
BRDA:48,6,1,12
BRDA:63,7,0,5
BRDA:63,8,0,6
BRDA:64,9,0,7
BRDA:64,9,1,0
BRDA:65,10,0,0
BRDA:65,10,1,10
BRDA:71,11,0,1
BRDA:71,11,1,3
BRDA:81,12,0,1
BRDA:81,12,1,2
BRDA:83,13,0,1
BRDA:83,13,1,2
BRF:24
BRH:18
end_of_record
TN:
SF:/home/travis/build/wasdk/WebAssemblyStudio/src/utils/registerLanguages.ts
FN:28,registerLanguages
FN:32,(anonymous_8)
FN:44,(anonymous_9)
FN:53,(anonymous_10)
FN:62,(anonymous_11)
FN:71,(anonymous_12)
FNF:6
FNH:6
FNDA:6,registerLanguages
FNDA:1,(anonymous_8)
FNDA:1,(anonymous_9)
FNDA:1,(anonymous_10)
FNDA:1,(anonymous_11)
FNDA:1,(anonymous_12)
DA:22,1
DA:23,1
DA:24,1
DA:25,1
DA:26,1
DA:28,1
DA:32,6
DA:33,1
DA:34,1
DA:35,1
DA:36,1
DA:38,6
DA:44,6
DA:45,1
DA:47,6
DA:53,6
DA:54,1
DA:56,6
DA:62,6
DA:63,1
DA:65,6
DA:71,6
DA:72,1
DA:74,6
DA:78,6
DA:79,6
DA:81,6
DA:82,6
DA:84,6
DA:85,6
LF:30
LH:30
BRF:0
BRH:0
end_of_record
TN:
SF:/home/travis/build/wasdk/WebAssemblyStudio/src/utils/registerTheme.ts
FN:22,registerTheme
FNF:1
FNH:1
FNDA:1,registerTheme
DA:22,1
DA:23,1
LF:2
LH:2
BRF:0
BRH:0
end_of_record
TN:
SF:/home/travis/build/wasdk/WebAssemblyStudio/src/utils/rewriteSources.ts
FN:30,(anonymous_0)
FN:36,expandURL
FN:40,rewriteJS
FN:46,(anonymous_3)
FN:57,processJSFile
FN:67,rewriteHTML
FN:73,(anonymous_6)
FNF:7
FNH:7
FNDA:3,(anonymous_0)
FNDA:3,expandURL
FNDA:3,rewriteJS
FNDA:1,(anonymous_3)
FNDA:3,processJSFile
FNDA:3,rewriteHTML
FNDA:2,(anonymous_6)
DA:24,44
DA:31,3
DA:32,3
DA:37,3
DA:40,44
DA:41,3
DA:42,3
DA:43,0
DA:45,3
DA:46,3
DA:47,1
DA:48,1
DA:49,1
DA:50,0
DA:51,0
DA:53,1
DA:57,44
DA:58,3
DA:59,0
DA:61,3
DA:62,3
DA:63,3
DA:64,3
DA:67,44
DA:68,3
DA:69,3
DA:70,0
DA:72,3
DA:73,3
DA:74,2
DA:75,2
DA:76,2
DA:77,0
DA:78,0
DA:80,2
LF:35
LH:28
BRDA:42,0,0,0
BRDA:42,0,1,3
BRDA:49,1,0,0
BRDA:49,1,1,1
BRDA:58,2,0,0
BRDA:58,2,1,3
BRDA:69,3,0,0
BRDA:69,3,1,3
BRDA:76,4,0,0
BRDA:76,4,1,2
BRF:10
BRH:5
end_of_record
TN:
SF:/home/travis/build/wasdk/WebAssemblyStudio/src/utils/splitUtils.ts
FN:24,toCSSPx
FN:28,assignObject
FNF:2
FNH:2
FNDA:14,toCSSPx
FNDA:24,assignObject
DA:24,7
DA:25,14
DA:28,7
DA:29,24
DA:30,47
DA:31,46
DA:34,24
LF:7
LH:7
BRDA:30,0,0,46
BRDA:30,0,1,1
BRF:2
BRH:2
end_of_record
TN:
SF:/home/travis/build/wasdk/WebAssemblyStudio/src/utils/taskRunner.ts
FN:27,(anonymous_6)
FN:33,unsafeEval
FN:40,contextify
FN:50,require
FN:77,createSandboxIFrame
FN:90,(anonymous_12)
FN:97,(anonymous_13)
FN:106,(anonymous_14)
FN:134,clearCurrentRunnerInfoAndIframe
FN:140,getCurrentRunnerInfo
FN:144,runTask
FNF:11
FNH:2
FNDA:43,(anonymous_6)
FNDA:0,unsafeEval
FNDA:0,contextify
FNDA:0,require
FNDA:0,createSandboxIFrame
FNDA:0,(anonymous_12)
FNDA:1,(anonymous_13)
FNDA:0,(anonymous_14)
FNDA:0,clearCurrentRunnerInfoAndIframe
FNDA:0,getCurrentRunnerInfo
FNDA:0,runTask
DA:22,43
DA:23,43
DA:24,43
DA:25,43
DA:27,43
DA:28,43
DA:29,43
DA:30,43
DA:34,0
DA:35,0
DA:36,0
DA:37,0
DA:51,0
DA:52,0
DA:53,0
DA:55,0
DA:57,0
DA:59,0
DA:65,0
DA:68,0
DA:71,0
DA:73,0
DA:78,0
DA:82,0
DA:84,0
DA:85,0
DA:86,0
DA:87,0
DA:88,0
DA:89,0
DA:90,0
DA:91,0
DA:95,43
DA:97,43
DA:98,1
DA:99,1
DA:101,0
DA:102,0
DA:103,0
DA:105,0
DA:106,0
DA:107,0
DA:108,0
DA:109,0
DA:110,0
DA:112,0
DA:113,0
DA:123,0
DA:132,43
DA:135,0
DA:136,0
DA:137,0
DA:140,43
DA:141,0
DA:144,43
DA:152,0
DA:153,0
DA:158,0
DA:159,0
DA:183,0
DA:184,0
DA:185,0
DA:186,0
DA:187,0
DA:189,0
DA:191,0
DA:192,0
DA:194,0
LF:68
LH:15
BRDA:27,0,0,43
BRDA:27,0,1,43
BRDA:42,1,0,0
BRDA:43,2,0,0
BRDA:44,3,0,0
BRDA:45,4,0,0
BRDA:51,5,0,0
BRDA:51,5,1,0
BRDA:52,6,0,0
BRDA:52,6,1,0
BRDA:71,7,0,0
BRDA:71,7,1,0
BRDA:98,8,0,1
BRDA:98,8,1,0
BRDA:98,9,0,1
BRDA:98,9,1,1
BRDA:98,9,2,1
BRDA:108,10,0,0
BRDA:108,10,1,0
BRDA:108,11,0,0
BRDA:108,11,1,0
BRDA:112,12,0,0
BRDA:112,12,1,0
BRDA:170,13,0,0
BRDA:170,13,1,0
BRDA:179,14,0,0
BRDA:179,14,1,0
BRDA:180,15,0,0
BRDA:180,15,1,0
BRDA:183,16,0,0
BRDA:183,16,1,0
BRDA:191,17,0,0
BRDA:191,17,1,0
BRF:33
BRH:6
end_of_record
TN:
SF:/home/travis/build/wasdk/WebAssemblyStudio/src/utils/zlib.ts
FN:22,isZlibData
FN:27,decompressZlib
FN:28,(anonymous_9)
FNF:3
FNH:3
FNDA:5,isZlibData
FNDA:1,decompressZlib
FNDA:1,(anonymous_9)
DA:22,38
DA:23,5
DA:24,5
DA:27,38
DA:28,1
DA:29,1
LF:6
LH:6
BRDA:24,0,0,5
BRDA:24,0,1,4
BRDA:24,0,2,3
BRDA:24,0,3,2
BRF:4
BRH:4
end_of_record
